Replace Part C1 CAPACITOR_0603 in C:\Users\Public\Documents\Altium\Projects\ifog-pcb-analogModule\ifog-pcb-analogModule.SchDoc with CAPACITOR_0603 from ifog-pcb.IntLib
Replace Part C2 CAPACITOR_0603 in C:\Users\Public\Documents\Altium\Projects\ifog-pcb-analogModule\ifog-pcb-analogModule.SchDoc with CAPACITOR_0603 from ifog-pcb.IntLib
Replace Part C3 CAPACITOR_0603 in C:\Users\Public\Documents\Altium\Projects\ifog-pcb-analogModule\ifog-pcb-analogModule.SchDoc with CAPACITOR_0603 from ifog-pcb.IntLib
Replace Part C4 CAPACITOR_0603 in C:\Users\Public\Documents\Altium\Projects\ifog-pcb-analogModule\ifog-pcb-analogModule.SchDoc with CAPACITOR_0603 from ifog-pcb.IntLib
Replace Part C5 CAPACITOR_0603 in C:\Users\Public\Documents\Altium\Projects\ifog-pcb-analogModule\ifog-pcb-analogModule.SchDoc with CAPACITOR_0603 from ifog-pcb.IntLib
Replace Part C6 CAPACITOR_0603 in C:\Users\Public\Documents\Altium\Projects\ifog-pcb-analogModule\ifog-pcb-analogModule.SchDoc with CAPACITOR_0603 from ifog-pcb.IntLib
Replace Part C7 CAPACITOR_0603 in C:\Users\Public\Documents\Altium\Projects\ifog-pcb-analogModule\ifog-pcb-analogModule.SchDoc with CAPACITOR_0603 from ifog-pcb.IntLib
Replace Part C8 CAPACITOR_0603 in C:\Users\Public\Documents\Altium\Projects\ifog-pcb-analogModule\ifog-pcb-analogModule.SchDoc with CAPACITOR_0603 from ifog-pcb.IntLib
Replace Part C9 CAPACITOR_0603 in C:\Users\Public\Documents\Altium\Projects\ifog-pcb-analogModule\ifog-pcb-analogModule.SchDoc with CAPACITOR_0603 from ifog-pcb.IntLib
Replace Part C10 CAPACITOR_0603 in C:\Users\Public\Documents\Altium\Projects\ifog-pcb-analogModule\ifog-pcb-analogModule.SchDoc with CAPACITOR_0603 from ifog-pcb.IntLib
Replace Part C11 CAPACITOR_0603 in C:\Users\Public\Documents\Altium\Projects\ifog-pcb-analogModule\ifog-pcb-analogModule.SchDoc with CAPACITOR_0603 from ifog-pcb.IntLib
Replace Part C12 CAPACITOR_0603 in C:\Users\Public\Documents\Altium\Projects\ifog-pcb-analogModule\ifog-pcb-analogModule.SchDoc with CAPACITOR_0603 from ifog-pcb.IntLib
Replace Part C13 CAPACITOR_0603 in C:\Users\Public\Documents\Altium\Projects\ifog-pcb-analogModule\ifog-pcb-analogModule.SchDoc with CAPACITOR_0603 from ifog-pcb.IntLib
Replace Part C14 CAPACITOR_0603 in C:\Users\Public\Documents\Altium\Projects\ifog-pcb-analogModule\ifog-pcb-analogModule.SchDoc with CAPACITOR_0603 from ifog-pcb.IntLib
Replace Part C15 CAPACITOR_0603 in C:\Users\Public\Documents\Altium\Projects\ifog-pcb-analogModule\ifog-pcb-analogModule.SchDoc with CAPACITOR_0603 from ifog-pcb.IntLib
Replace Part C16 CAPACITOR_0603 in C:\Users\Public\Documents\Altium\Projects\ifog-pcb-analogModule\ifog-pcb-analogModule.SchDoc with CAPACITOR_0603 from ifog-pcb.IntLib
Replace Part C17 CAPACITOR_0603 in C:\Users\Public\Documents\Altium\Projects\ifog-pcb-analogModule\ifog-pcb-analogModule.SchDoc with CAPACITOR_0603 from ifog-pcb.IntLib
Replace Part C18 CAPACITOR_TANT_0603 in C:\Users\Public\Documents\Altium\Projects\ifog-pcb-analogModule\ifog-pcb-analogModule.SchDoc with CAPACITOR_TANT_0603 from ifog-pcb.IntLib
Replace Part C19 CAPACITOR_TANT_0603 in C:\Users\Public\Documents\Altium\Projects\ifog-pcb-analogModule\ifog-pcb-analogModule.SchDoc with CAPACITOR_TANT_0603 from ifog-pcb.IntLib
Replace Part C20 CAPACITOR_TANT_0603 in C:\Users\Public\Documents\Altium\Projects\ifog-pcb-analogModule\ifog-pcb-analogModule.SchDoc with CAPACITOR_TANT_0603 from ifog-pcb.IntLib
Replace Part C21 CAPACITOR_0603 in C:\Users\Public\Documents\Altium\Projects\ifog-pcb-analogModule\ifog-pcb-analogModule.SchDoc with CAPACITOR_0603 from ifog-pcb.IntLib
Replace Part C22 CAPACITOR_TANT_0603 in C:\Users\Public\Documents\Altium\Projects\ifog-pcb-analogModule\ifog-pcb-analogModule.SchDoc with CAPACITOR_TANT_0603 from ifog-pcb.IntLib
Replace Part C24 CAPACITOR_0603 in C:\Users\Public\Documents\Altium\Projects\ifog-pcb-analogModule\ifog-pcb-analogModule.SchDoc with CAPACITOR_0603 from ifog-pcb.IntLib
Replace Part C25 CAPACITOR_0603 in C:\Users\Public\Documents\Altium\Projects\ifog-pcb-analogModule\ifog-pcb-analogModule.SchDoc with CAPACITOR_0603 from ifog-pcb.IntLib
Replace Part C26 CAPACITOR_0603 in C:\Users\Public\Documents\Altium\Projects\ifog-pcb-analogModule\ifog-pcb-analogModule.SchDoc with CAPACITOR_0603 from ifog-pcb.IntLib
Replace Part C27 CAPACITOR_0603 in C:\Users\Public\Documents\Altium\Projects\ifog-pcb-analogModule\ifog-pcb-analogModule.SchDoc with CAPACITOR_0603 from ifog-pcb.IntLib
Replace Part C28 CAPACITOR_0603 in C:\Users\Public\Documents\Altium\Projects\ifog-pcb-analogModule\ifog-pcb-analogModule.SchDoc with CAPACITOR_0603 from ifog-pcb.IntLib
Replace Part C29 CAPACITOR_0603 in C:\Users\Public\Documents\Altium\Projects\ifog-pcb-analogModule\ifog-pcb-analogModule.SchDoc with CAPACITOR_0603 from ifog-pcb.IntLib
Replace Part C30 CAPACITOR_0603 in C:\Users\Public\Documents\Altium\Projects\ifog-pcb-analogModule\ifog-pcb-analogModule.SchDoc with CAPACITOR_0603 from ifog-pcb.IntLib
Replace Part C31 CAPACITOR_0603 in C:\Users\Public\Documents\Altium\Projects\ifog-pcb-analogModule\ifog-pcb-analogModule.SchDoc with CAPACITOR_0603 from ifog-pcb.IntLib
Replace Part C32 CAPACITOR_0603 in C:\Users\Public\Documents\Altium\Projects\ifog-pcb-analogModule\ifog-pcb-analogModule.SchDoc with CAPACITOR_0603 from ifog-pcb.IntLib
Replace Part C33 CAPACITOR_0603 in C:\Users\Public\Documents\Altium\Projects\ifog-pcb-analogModule\ifog-pcb-analogModule.SchDoc with CAPACITOR_0603 from ifog-pcb.IntLib
Replace Part C34 CAPACITOR_0603 in C:\Users\Public\Documents\Altium\Projects\ifog-pcb-analogModule\ifog-pcb-analogModule.SchDoc with CAPACITOR_0603 from ifog-pcb.IntLib
Replace Part C35 CAPACITOR_0603 in C:\Users\Public\Documents\Altium\Projects\ifog-pcb-analogModule\ifog-pcb-analogModule.SchDoc with CAPACITOR_0603 from ifog-pcb.IntLib
Replace Part C36 CAPACITOR_0603 in C:\Users\Public\Documents\Altium\Projects\ifog-pcb-analogModule\ifog-pcb-analogModule.SchDoc with CAPACITOR_0603 from ifog-pcb.IntLib
Replace Part C37 CAPACITOR_0603 in C:\Users\Public\Documents\Altium\Projects\ifog-pcb-analogModule\ifog-pcb-analogModule.SchDoc with CAPACITOR_0603 from ifog-pcb.IntLib
Replace Part C38 CAPACITOR_0603 in C:\Users\Public\Documents\Altium\Projects\ifog-pcb-analogModule\ifog-pcb-analogModule.SchDoc with CAPACITOR_0603 from ifog-pcb.IntLib
Replace Part C39 CAPACITOR_0603 in C:\Users\Public\Documents\Altium\Projects\ifog-pcb-analogModule\ifog-pcb-analogModule.SchDoc with CAPACITOR_0603 from ifog-pcb.IntLib
Replace Part C40 CAPACITOR_0603 in C:\Users\Public\Documents\Altium\Projects\ifog-pcb-analogModule\ifog-pcb-analogModule.SchDoc with CAPACITOR_0603 from ifog-pcb.IntLib
Replace Part C41 CAPACITOR_0603 in C:\Users\Public\Documents\Altium\Projects\ifog-pcb-analogModule\ifog-pcb-analogModule.SchDoc with CAPACITOR_0603 from ifog-pcb.IntLib
Replace Part C42 CAPACITOR_0603 in C:\Users\Public\Documents\Altium\Projects\ifog-pcb-analogModule\ifog-pcb-analogModule.SchDoc with CAPACITOR_0603 from ifog-pcb.IntLib
Replace Part C43 CAPACITOR_0603 in C:\Users\Public\Documents\Altium\Projects\ifog-pcb-analogModule\ifog-pcb-analogModule.SchDoc with CAPACITOR_0603 from ifog-pcb.IntLib
Replace Part C44 CAPACITOR_0603 in C:\Users\Public\Documents\Altium\Projects\ifog-pcb-analogModule\ifog-pcb-analogModule.SchDoc with CAPACITOR_0603 from ifog-pcb.IntLib
Replace Part C45 CAPACITOR_0603 in C:\Users\Public\Documents\Altium\Projects\ifog-pcb-analogModule\ifog-pcb-analogModule.SchDoc with CAPACITOR_0603 from ifog-pcb.IntLib
Replace Part C46 CAPACITOR_0603 in C:\Users\Public\Documents\Altium\Projects\ifog-pcb-analogModule\ifog-pcb-analogModule.SchDoc with CAPACITOR_0603 from ifog-pcb.IntLib
Replace Part C47 CAPACITOR_0603 in C:\Users\Public\Documents\Altium\Projects\ifog-pcb-analogModule\ifog-pcb-analogModule.SchDoc with CAPACITOR_0603 from ifog-pcb.IntLib
Replace Part L1 INDUCTOR_0603 in C:\Users\Public\Documents\Altium\Projects\ifog-pcb-analogModule\ifog-pcb-analogModule.SchDoc with INDUCTOR_0603 from ifog-pcb.IntLib
Replace Part L2 INDUCTOR_0603 in C:\Users\Public\Documents\Altium\Projects\ifog-pcb-analogModule\ifog-pcb-analogModule.SchDoc with INDUCTOR_0603 from ifog-pcb.IntLib
Replace Part L3 INDUCTOR_0603 in C:\Users\Public\Documents\Altium\Projects\ifog-pcb-analogModule\ifog-pcb-analogModule.SchDoc with INDUCTOR_0603 from ifog-pcb.IntLib
Replace Part L4 INDUCTOR_0603 in C:\Users\Public\Documents\Altium\Projects\ifog-pcb-analogModule\ifog-pcb-analogModule.SchDoc with INDUCTOR_0603 from ifog-pcb.IntLib
Replace Part P1 Header 9H in C:\Users\Public\Documents\Altium\Projects\ifog-pcb-analogModule\ifog-pcb-analogModule.SchDoc with Header 9H from Miscellaneous Connectors.IntLib
Replace Part PD1 PDS123-CSA-C0102 in C:\Users\Public\Documents\Altium\Projects\ifog-pcb-analogModule\ifog-pcb-analogModule.SchDoc with PDS123-CSA-C0102 from ifog-pcb.IntLib
Replace Part R1 RESISTOR_0603 in C:\Users\Public\Documents\Altium\Projects\ifog-pcb-analogModule\ifog-pcb-analogModule.SchDoc with RESISTOR_0603 from ifog-pcb.IntLib
Replace Part R2 RESISTOR_0603 in C:\Users\Public\Documents\Altium\Projects\ifog-pcb-analogModule\ifog-pcb-analogModule.SchDoc with RESISTOR_0603 from ifog-pcb.IntLib
Replace Part R3 RESISTOR_0603 in C:\Users\Public\Documents\Altium\Projects\ifog-pcb-analogModule\ifog-pcb-analogModule.SchDoc with RESISTOR_0603 from ifog-pcb.IntLib
Replace Part R4 RESISTOR_0603 in C:\Users\Public\Documents\Altium\Projects\ifog-pcb-analogModule\ifog-pcb-analogModule.SchDoc with RESISTOR_0603 from ifog-pcb.IntLib
Replace Part R5 RESISTOR_0603 in C:\Users\Public\Documents\Altium\Projects\ifog-pcb-analogModule\ifog-pcb-analogModule.SchDoc with RESISTOR_0603 from ifog-pcb.IntLib
Replace Part R6 RESISTOR_0603 in C:\Users\Public\Documents\Altium\Projects\ifog-pcb-analogModule\ifog-pcb-analogModule.SchDoc with RESISTOR_0603 from ifog-pcb.IntLib
Replace Part R7 RESISTOR_0603 in C:\Users\Public\Documents\Altium\Projects\ifog-pcb-analogModule\ifog-pcb-analogModule.SchDoc with RESISTOR_0603 from ifog-pcb.IntLib
Replace Part R8 RESISTOR_0603 in C:\Users\Public\Documents\Altium\Projects\ifog-pcb-analogModule\ifog-pcb-analogModule.SchDoc with RESISTOR_0603 from ifog-pcb.IntLib
Replace Part R9 RESISTOR_0603 in C:\Users\Public\Documents\Altium\Projects\ifog-pcb-analogModule\ifog-pcb-analogModule.SchDoc with RESISTOR_0603 from ifog-pcb.IntLib
Replace Part R10 RESISTOR_0603 in C:\Users\Public\Documents\Altium\Projects\ifog-pcb-analogModule\ifog-pcb-analogModule.SchDoc with RESISTOR_0603 from ifog-pcb.IntLib
Replace Part R11 RESISTOR_0603 in C:\Users\Public\Documents\Altium\Projects\ifog-pcb-analogModule\ifog-pcb-analogModule.SchDoc with RESISTOR_0603 from ifog-pcb.IntLib
Replace Part R12 RESISTOR_0603 in C:\Users\Public\Documents\Altium\Projects\ifog-pcb-analogModule\ifog-pcb-analogModule.SchDoc with RESISTOR_0603 from ifog-pcb.IntLib
Replace Part R13 RESISTOR_0603 in C:\Users\Public\Documents\Altium\Projects\ifog-pcb-analogModule\ifog-pcb-analogModule.SchDoc with RESISTOR_0603 from ifog-pcb.IntLib
Replace Part R14 RESISTOR_0603 in C:\Users\Public\Documents\Altium\Projects\ifog-pcb-analogModule\ifog-pcb-analogModule.SchDoc with RESISTOR_0603 from ifog-pcb.IntLib
Replace Part R15 RESISTOR_0603 in C:\Users\Public\Documents\Altium\Projects\ifog-pcb-analogModule\ifog-pcb-analogModule.SchDoc with RESISTOR_0603 from ifog-pcb.IntLib
Replace Part R16 RESISTOR_0603 in C:\Users\Public\Documents\Altium\Projects\ifog-pcb-analogModule\ifog-pcb-analogModule.SchDoc with RESISTOR_0603 from ifog-pcb.IntLib
Replace Part R17 RESISTOR_0603 in C:\Users\Public\Documents\Altium\Projects\ifog-pcb-analogModule\ifog-pcb-analogModule.SchDoc with RESISTOR_0603 from ifog-pcb.IntLib
Replace Part R18 RESISTOR_0603 in C:\Users\Public\Documents\Altium\Projects\ifog-pcb-analogModule\ifog-pcb-analogModule.SchDoc with RESISTOR_0603 from ifog-pcb.IntLib
Replace Part R19 RESISTOR_0603 in C:\Users\Public\Documents\Altium\Projects\ifog-pcb-analogModule\ifog-pcb-analogModule.SchDoc with RESISTOR_0603 from ifog-pcb.IntLib
Replace Part R20 RESISTOR_0603 in C:\Users\Public\Documents\Altium\Projects\ifog-pcb-analogModule\ifog-pcb-analogModule.SchDoc with RESISTOR_0603 from ifog-pcb.IntLib
Replace Part R21 RESISTOR_0603 in C:\Users\Public\Documents\Altium\Projects\ifog-pcb-analogModule\ifog-pcb-analogModule.SchDoc with RESISTOR_0603 from ifog-pcb.IntLib
Replace Part R22 RESISTOR_0603 in C:\Users\Public\Documents\Altium\Projects\ifog-pcb-analogModule\ifog-pcb-analogModule.SchDoc with RESISTOR_0603 from ifog-pcb.IntLib
Replace Part R23 RESISTOR_0603 in C:\Users\Public\Documents\Altium\Projects\ifog-pcb-analogModule\ifog-pcb-analogModule.SchDoc with RESISTOR_0603 from ifog-pcb.IntLib
Replace Part U1 OPA2356AID in C:\Users\Public\Documents\Altium\Projects\ifog-pcb-analogModule\ifog-pcb-analogModule.SchDoc with OPA2356AID from ifog-pcb.IntLib
Replace Part U1 OPA2356AID in C:\Users\Public\Documents\Altium\Projects\ifog-pcb-analogModule\ifog-pcb-analogModule.SchDoc with OPA2356AID from ifog-pcb.IntLib
Replace Part U1 OPA2356AID in C:\Users\Public\Documents\Altium\Projects\ifog-pcb-analogModule\ifog-pcb-analogModule.SchDoc with OPA2356AID from ifog-pcb.IntLib
Replace Part U2 ADS1675 in C:\Users\Public\Documents\Altium\Projects\ifog-pcb-analogModule\ifog-pcb-analogModule.SchDoc with ADS1675 from ifog-pcb.IntLib
Replace Part U2 ADS1675 in C:\Users\Public\Documents\Altium\Projects\ifog-pcb-analogModule\ifog-pcb-analogModule.SchDoc with ADS1675 from ifog-pcb.IntLib
Replace Part U3 REF5025AID in C:\Users\Public\Documents\Altium\Projects\ifog-pcb-analogModule\ifog-pcb-analogModule.SchDoc with REF5025AID from ifog-pcb.IntLib
Replace Part U4 ADR423ARMZ in C:\Users\Public\Documents\Altium\Projects\ifog-pcb-analogModule\ifog-pcb-analogModule.SchDoc with ADR423ARMZ from ifog-pcb.IntLib
Replace Part U5 OPA211AIDR in C:\Users\Public\Documents\Altium\Projects\ifog-pcb-analogModule\ifog-pcb-analogModule.SchDoc with OPA211AIDR from ifog-pcb.IntLib
Replace Part U5 OPA211AIDR in C:\Users\Public\Documents\Altium\Projects\ifog-pcb-analogModule\ifog-pcb-analogModule.SchDoc with OPA211AIDR from ifog-pcb.IntLib
