Removed Member From Class: ClassName=ifog-pcb-analogModule Member=U99
Change Component DesignItemId : Designator=U2 Old DesignItemId=CMP-0003-00593-1 New DesignItemId=ADS1675
Change Component DesignItemId : Designator=U3 Old DesignItemId=CMP-0367-00046-2 New DesignItemId=REF5025AID
Change Component DesignItemId : Designator=U4 Old DesignItemId=CMP-0784-00384-1 New DesignItemId=ADR423ARMZ
Change Component DesignItemId : Designator=R1 Old DesignItemId=CMP-1666-00005-4 New DesignItemId=RESISTOR_0603
Change Component DesignItemId : Designator=R2 Old DesignItemId=CMP-1666-00005-4 New DesignItemId=RESISTOR_0603
Change Component DesignItemId : Designator=R3 Old DesignItemId=CMP-1666-00005-4 New DesignItemId=RESISTOR_0603
Change Component DesignItemId : Designator=R4 Old DesignItemId=CMP-1666-00005-4 New DesignItemId=RESISTOR_0603
Change Component DesignItemId : Designator=R5 Old DesignItemId=CMP-1666-00005-4 New DesignItemId=RESISTOR_0603
Change Component DesignItemId : Designator=R6 Old DesignItemId=CMP-1666-00005-4 New DesignItemId=RESISTOR_0603
Change Component DesignItemId : Designator=R7 Old DesignItemId=CMP-1666-00005-4 New DesignItemId=RESISTOR_0603
Change Component DesignItemId : Designator=R8 Old DesignItemId=CMP-1666-00005-4 New DesignItemId=RESISTOR_0603
Change Component DesignItemId : Designator=R9 Old DesignItemId=CMP-1666-00005-4 New DesignItemId=RESISTOR_0603
Change Component DesignItemId : Designator=R10 Old DesignItemId=CMP-1666-00005-4 New DesignItemId=RESISTOR_0603
Change Component DesignItemId : Designator=R11 Old DesignItemId=CMP-1666-00005-4 New DesignItemId=RESISTOR_0603
Change Component DesignItemId : Designator=R12 Old DesignItemId=CMP-1666-00005-4 New DesignItemId=RESISTOR_0603
Change Component DesignItemId : Designator=R13 Old DesignItemId=CMP-1666-00005-4 New DesignItemId=RESISTOR_0603
Change Component DesignItemId : Designator=R14 Old DesignItemId=CMP-1666-00005-4 New DesignItemId=RESISTOR_0603
Change Component DesignItemId : Designator=R15 Old DesignItemId=CMP-1666-00005-4 New DesignItemId=RESISTOR_0603
Change Component DesignItemId : Designator=R16 Old DesignItemId=CMP-1666-00005-4 New DesignItemId=RESISTOR_0603
Change Component DesignItemId : Designator=R17 Old DesignItemId=CMP-1666-00005-4 New DesignItemId=RESISTOR_0603
Change Component DesignItemId : Designator=R18 Old DesignItemId=CMP-1666-00005-4 New DesignItemId=RESISTOR_0603
Change Component DesignItemId : Designator=R19 Old DesignItemId=CMP-1666-00005-4 New DesignItemId=RESISTOR_0603
Change Component DesignItemId : Designator=R20 Old DesignItemId=CMP-1666-00005-4 New DesignItemId=RESISTOR_0603
Change Component DesignItemId : Designator=R21 Old DesignItemId=CMP-1666-00005-4 New DesignItemId=RESISTOR_0603
Change Component DesignItemId : Designator=R22 Old DesignItemId=CMP-1666-00005-4 New DesignItemId=RESISTOR_0603
Change Component DesignItemId : Designator=R23 Old DesignItemId=CMP-1666-00005-4 New DesignItemId=RESISTOR_0603
Change Component Footprint: Designator=U4 Old Footprint=ADI-RM-8_L New Footprint=ADR423_SOP8
Change Component Footprint: Designator=R1 Old Footprint=CAP_0603_S_WAL New Footprint=RESISTOR_0603
Change Component Footprint: Designator=R2 Old Footprint=CAP_0603_S_WAL New Footprint=RESISTOR_0603
Change Component Footprint: Designator=R3 Old Footprint=CAP_0603_S_WAL New Footprint=RESISTOR_0603
Change Component Footprint: Designator=R4 Old Footprint=CAP_0603_S_WAL New Footprint=RESISTOR_0603
Change Component Footprint: Designator=R5 Old Footprint=CAP_0603_S_WAL New Footprint=RESISTOR_0603
Change Component Footprint: Designator=R6 Old Footprint=CAP_0603_S_WAL New Footprint=RESISTOR_0603
Change Component Footprint: Designator=R7 Old Footprint=CAP_0603_S_WAL New Footprint=RESISTOR_0603
Change Component Footprint: Designator=R8 Old Footprint=CAP_0603_S_WAL New Footprint=RESISTOR_0603
Change Component Footprint: Designator=R9 Old Footprint=CAP_0603_S_WAL New Footprint=RESISTOR_0603
Change Component Footprint: Designator=R10 Old Footprint=CAP_0603_S_WAL New Footprint=RESISTOR_0603
Change Component Footprint: Designator=R11 Old Footprint=CAP_0603_S_WAL New Footprint=RESISTOR_0603
Change Component Footprint: Designator=R12 Old Footprint=CAP_0603_S_WAL New Footprint=RESISTOR_0603
Change Component Footprint: Designator=R13 Old Footprint=CAP_0603_S_WAL New Footprint=RESISTOR_0603
Change Component Footprint: Designator=R14 Old Footprint=CAP_0603_S_WAL New Footprint=RESISTOR_0603
Change Component Footprint: Designator=R15 Old Footprint=CAP_0603_S_WAL New Footprint=RESISTOR_0603
Change Component Footprint: Designator=R16 Old Footprint=CAP_0603_S_WAL New Footprint=RESISTOR_0603
Change Component Footprint: Designator=R17 Old Footprint=CAP_0603_S_WAL New Footprint=RESISTOR_0603
Change Component Footprint: Designator=R18 Old Footprint=CAP_0603_S_WAL New Footprint=RESISTOR_0603
Change Component Footprint: Designator=R19 Old Footprint=CAP_0603_S_WAL New Footprint=RESISTOR_0603
Change Component Footprint: Designator=R20 Old Footprint=CAP_0603_S_WAL New Footprint=RESISTOR_0603
Change Component Footprint: Designator=R21 Old Footprint=CAP_0603_S_WAL New Footprint=RESISTOR_0603
Change Component Footprint: Designator=R22 Old Footprint=CAP_0603_S_WAL New Footprint=RESISTOR_0603
Change Component Footprint: Designator=R23 Old Footprint=CAP_0603_S_WAL New Footprint=RESISTOR_0603
Change Component Footprint: Designator=U3 Old Footprint=D0008A_L New Footprint=OPA2356_SOIC8
Change Component Comment : Designator=U3 Old Comment=REF5025 New Comment=REF5025AID
Change Component Description : Designator=R1 Old Description=Chip Resistor, 10 KOhm, +/- 1%, 100 mW, -55 to 155 degC, 0603 (1608 Metric), RoHS, Tape and Reel New Description=Chip Resistor 0603 (1608 Metric), RoHS, Tape and Reel
Change Component Description : Designator=R2 Old Description=Chip Resistor, 10 KOhm, +/- 1%, 100 mW, -55 to 155 degC, 0603 (1608 Metric), RoHS, Tape and Reel New Description=Chip Resistor 0603 (1608 Metric), RoHS, Tape and Reel
Change Component Description : Designator=R3 Old Description=Chip Resistor, 10 KOhm, +/- 1%, 100 mW, -55 to 155 degC, 0603 (1608 Metric), RoHS, Tape and Reel New Description=Chip Resistor 0603 (1608 Metric), RoHS, Tape and Reel
Change Component Description : Designator=R4 Old Description=Chip Resistor, 10 KOhm, +/- 1%, 100 mW, -55 to 155 degC, 0603 (1608 Metric), RoHS, Tape and Reel New Description=Chip Resistor 0603 (1608 Metric), RoHS, Tape and Reel
Change Component Description : Designator=R5 Old Description=Chip Resistor, 10 KOhm, +/- 1%, 100 mW, -55 to 155 degC, 0603 (1608 Metric), RoHS, Tape and Reel New Description=Chip Resistor 0603 (1608 Metric), RoHS, Tape and Reel
Change Component Description : Designator=R6 Old Description=Chip Resistor, 10 KOhm, +/- 1%, 100 mW, -55 to 155 degC, 0603 (1608 Metric), RoHS, Tape and Reel New Description=Chip Resistor 0603 (1608 Metric), RoHS, Tape and Reel
Change Component Description : Designator=R7 Old Description=Chip Resistor, 10 KOhm, +/- 1%, 100 mW, -55 to 155 degC, 0603 (1608 Metric), RoHS, Tape and Reel New Description=Chip Resistor 0603 (1608 Metric), RoHS, Tape and Reel
Change Component Description : Designator=R8 Old Description=Chip Resistor, 10 KOhm, +/- 1%, 100 mW, -55 to 155 degC, 0603 (1608 Metric), RoHS, Tape and Reel New Description=Chip Resistor 0603 (1608 Metric), RoHS, Tape and Reel
Change Component Description : Designator=R9 Old Description=Chip Resistor, 10 KOhm, +/- 1%, 100 mW, -55 to 155 degC, 0603 (1608 Metric), RoHS, Tape and Reel New Description=Chip Resistor 0603 (1608 Metric), RoHS, Tape and Reel
Change Component Description : Designator=R10 Old Description=Chip Resistor, 10 KOhm, +/- 1%, 100 mW, -55 to 155 degC, 0603 (1608 Metric), RoHS, Tape and Reel New Description=Chip Resistor 0603 (1608 Metric), RoHS, Tape and Reel
Change Component Description : Designator=R11 Old Description=Chip Resistor, 10 KOhm, +/- 1%, 100 mW, -55 to 155 degC, 0603 (1608 Metric), RoHS, Tape and Reel New Description=Chip Resistor 0603 (1608 Metric), RoHS, Tape and Reel
Change Component Description : Designator=R12 Old Description=Chip Resistor, 10 KOhm, +/- 1%, 100 mW, -55 to 155 degC, 0603 (1608 Metric), RoHS, Tape and Reel New Description=Chip Resistor 0603 (1608 Metric), RoHS, Tape and Reel
Change Component Description : Designator=R13 Old Description=Chip Resistor, 10 KOhm, +/- 1%, 100 mW, -55 to 155 degC, 0603 (1608 Metric), RoHS, Tape and Reel New Description=Chip Resistor 0603 (1608 Metric), RoHS, Tape and Reel
Change Component Description : Designator=R14 Old Description=Chip Resistor, 10 KOhm, +/- 1%, 100 mW, -55 to 155 degC, 0603 (1608 Metric), RoHS, Tape and Reel New Description=Chip Resistor 0603 (1608 Metric), RoHS, Tape and Reel
Change Component Description : Designator=R15 Old Description=Chip Resistor, 10 KOhm, +/- 1%, 100 mW, -55 to 155 degC, 0603 (1608 Metric), RoHS, Tape and Reel New Description=Chip Resistor 0603 (1608 Metric), RoHS, Tape and Reel
Change Component Description : Designator=R16 Old Description=Chip Resistor, 10 KOhm, +/- 1%, 100 mW, -55 to 155 degC, 0603 (1608 Metric), RoHS, Tape and Reel New Description=Chip Resistor 0603 (1608 Metric), RoHS, Tape and Reel
Change Component Description : Designator=R17 Old Description=Chip Resistor, 10 KOhm, +/- 1%, 100 mW, -55 to 155 degC, 0603 (1608 Metric), RoHS, Tape and Reel New Description=Chip Resistor 0603 (1608 Metric), RoHS, Tape and Reel
Change Component Description : Designator=R18 Old Description=Chip Resistor, 10 KOhm, +/- 1%, 100 mW, -55 to 155 degC, 0603 (1608 Metric), RoHS, Tape and Reel New Description=Chip Resistor 0603 (1608 Metric), RoHS, Tape and Reel
Change Component Description : Designator=R19 Old Description=Chip Resistor, 10 KOhm, +/- 1%, 100 mW, -55 to 155 degC, 0603 (1608 Metric), RoHS, Tape and Reel New Description=Chip Resistor 0603 (1608 Metric), RoHS, Tape and Reel
Change Component Description : Designator=R20 Old Description=Chip Resistor, 10 KOhm, +/- 1%, 100 mW, -55 to 155 degC, 0603 (1608 Metric), RoHS, Tape and Reel New Description=Chip Resistor 0603 (1608 Metric), RoHS, Tape and Reel
Change Component Description : Designator=R21 Old Description=Chip Resistor, 10 KOhm, +/- 1%, 100 mW, -55 to 155 degC, 0603 (1608 Metric), RoHS, Tape and Reel New Description=Chip Resistor 0603 (1608 Metric), RoHS, Tape and Reel
Change Component Description : Designator=R22 Old Description=Chip Resistor, 10 KOhm, +/- 1%, 100 mW, -55 to 155 degC, 0603 (1608 Metric), RoHS, Tape and Reel New Description=Chip Resistor 0603 (1608 Metric), RoHS, Tape and Reel
Change Component Description : Designator=R23 Old Description=Chip Resistor, 10 KOhm, +/- 1%, 100 mW, -55 to 155 degC, 0603 (1608 Metric), RoHS, Tape and Reel New Description=Chip Resistor 0603 (1608 Metric), RoHS, Tape and Reel
Change Component Library : Designator=U2 Old Library=Altium Content Vault New Library=ifog-pcb.IntLib
Change Component Library : Designator=U3 Old Library=Altium Content Vault New Library=ifog-pcb.IntLib
Change Component Library : Designator=U4 Old Library=Altium Content Vault New Library=ifog-pcb.IntLib
Change Component Library : Designator=PD1 Old Library=IEAv.IntLib New Library=ifog-pcb.IntLib
Change Component Library : Designator=R1 Old Library=ifog-pcb-analogModule_2.SCHLIB New Library=ifog-pcb.IntLib
Change Component Library : Designator=R2 Old Library=ifog-pcb-analogModule_2.SCHLIB New Library=ifog-pcb.IntLib
Change Component Library : Designator=R3 Old Library=ifog-pcb-analogModule_2.SCHLIB New Library=ifog-pcb.IntLib
Change Component Library : Designator=R4 Old Library=ifog-pcb-analogModule_2.SCHLIB New Library=ifog-pcb.IntLib
Change Component Library : Designator=R5 Old Library=ifog-pcb-analogModule_2.SCHLIB New Library=ifog-pcb.IntLib
Change Component Library : Designator=R6 Old Library=ifog-pcb-analogModule_2.SCHLIB New Library=ifog-pcb.IntLib
Change Component Library : Designator=R7 Old Library=ifog-pcb-analogModule_2.SCHLIB New Library=ifog-pcb.IntLib
Change Component Library : Designator=R8 Old Library=ifog-pcb-analogModule_2.SCHLIB New Library=ifog-pcb.IntLib
Change Component Library : Designator=R9 Old Library=ifog-pcb-analogModule_2.SCHLIB New Library=ifog-pcb.IntLib
Change Component Library : Designator=R10 Old Library=ifog-pcb-analogModule_2.SCHLIB New Library=ifog-pcb.IntLib
Change Component Library : Designator=R11 Old Library=ifog-pcb-analogModule_2.SCHLIB New Library=ifog-pcb.IntLib
Change Component Library : Designator=R12 Old Library=ifog-pcb-analogModule_2.SCHLIB New Library=ifog-pcb.IntLib
Change Component Library : Designator=R13 Old Library=ifog-pcb-analogModule_2.SCHLIB New Library=ifog-pcb.IntLib
Change Component Library : Designator=R14 Old Library=ifog-pcb-analogModule_2.SCHLIB New Library=ifog-pcb.IntLib
Change Component Library : Designator=R15 Old Library=ifog-pcb-analogModule_2.SCHLIB New Library=ifog-pcb.IntLib
Change Component Library : Designator=R16 Old Library=ifog-pcb-analogModule_2.SCHLIB New Library=ifog-pcb.IntLib
Change Component Library : Designator=R17 Old Library=ifog-pcb-analogModule_2.SCHLIB New Library=ifog-pcb.IntLib
Change Component Library : Designator=R18 Old Library=ifog-pcb-analogModule_2.SCHLIB New Library=ifog-pcb.IntLib
Change Component Library : Designator=R19 Old Library=ifog-pcb-analogModule_2.SCHLIB New Library=ifog-pcb.IntLib
Change Component Library : Designator=R20 Old Library=ifog-pcb-analogModule_2.SCHLIB New Library=ifog-pcb.IntLib
Change Component Library : Designator=R21 Old Library=ifog-pcb-analogModule_2.SCHLIB New Library=ifog-pcb.IntLib
Change Component Library : Designator=R22 Old Library=ifog-pcb-analogModule_2.SCHLIB New Library=ifog-pcb.IntLib
Change Component Library : Designator=R23 Old Library=ifog-pcb-analogModule_2.SCHLIB New Library=ifog-pcb.IntLib
Change Managed Component Library Link : Designator=U2 Old VaultGUID= New VaultGUID= Old ItemGUID=DA2D25B7-2D29-43FA-B538-646B7B848BF7 New ItemGUID= Old RevisionGUID=19CFC69A-6C38-455A-A000-CB9B37617116 New RevisionGUID=
Change Managed Component Library Link : Designator=U3 Old VaultGUID= New VaultGUID= Old ItemGUID=B0814FFA-6693-4087-9F54-F3EFC2F20118 New ItemGUID= Old RevisionGUID=29BCCB73-FF26-473F-819B-D9D0958E4F83 New RevisionGUID=
Change Managed Component Library Link : Designator=U4 Old VaultGUID= New VaultGUID= Old ItemGUID=A0FA03FB-D804-49EA-A4FF-F17D87FC81C6 New ItemGUID= Old RevisionGUID=6C6FAE34-C142-4E7D-803A-42E849E4C32C New RevisionGUID=
Change component parameters: Designator = "U2" ("U2"); Footprint = "TI-PAG64_L"; UniqueID = "\KWWIEWJJ" ("\KWWIEWJJ")
Change component parameters (AddParameter): Name = "# Input Channels"; Value = "1"; VariantName = "[No Variations]"
Change component parameters (AddParameter): Name = "Analog Voltage AV/DD(Max)(V)"; Value = "5.25"; VariantName = "[No Variations]"
Change component parameters (AddParameter): Name = "Analog Voltage AV/DD(Min)(V)"; Value = "4.75"; VariantName = "[No Variations]"
Change component parameters (AddParameter): Name = "Architecture"; Value = "Delta-Sigma"; VariantName = "[No Variations]"
Change component parameters (AddParameter): Name = "Code_JEDEC"; Value = "MS-026"; VariantName = "[No Variations]"
Change component parameters (AddParameter): Name = "ComponentLink1Description"; Value = "Manufacturer URL"; VariantName = "[No Variations]"
Change component parameters (AddParameter): Name = "ComponentLink1URL"; Value = "http://www.ti.com/"; VariantName = "[No Variations]"
Change component parameters (AddParameter): Name = "ComponentLink2Description"; Value = "Datasheet"; VariantName = "[No Variations]"
Change component parameters (AddParameter): Name = "ComponentLink2URL"; Value = "http://www.ti.com/general/docs/lit/getliterature.tsp?genericPartNumber=ADS1675&fileType=pdf"; VariantName = "[No Variations]"
Change component parameters (AddParameter): Name = "ComponentLink3Description"; Value = "Package Specification"; VariantName = "[No Variations]"
Change component parameters (AddParameter): Name = "ComponentLink3URL"; Value = "http://www.ti.com/lit/ml/mtqf006a/mtqf006a.pdf"; VariantName = "[No Variations]"
Change component parameters (AddParameter): Name = "DatasheetVersion"; Value = "SBAS416D"; VariantName = "[No Variations]"
Change component parameters (AddParameter): Name = "Digital Supply(Max)(V)"; Value = "3.15"; VariantName = "[No Variations]"
Change component parameters (AddParameter): Name = "Digital Supply(Min)(V)"; Value = "2.85"; VariantName = "[No Variations]"
Change component parameters (AddParameter): Name = "Eco-Plan"; Value = "Green (RoHS & no Sb/Br)"; VariantName = "[No Variations]"
Change component parameters (AddParameter): Name = "Interface"; Value = "Parallel LVDS, Serial SPI"; VariantName = "[No Variations]"
Change component parameters (AddParameter): Name = "Manufacturer"; Value = "Texas Instruments"; VariantName = "[No Variations]"
Change component parameters (AddParameter): Name = "Manufacturer Part Number"; Value = "ADS1675IPAG"; VariantName = "[No Variations]"
Change component parameters (AddParameter): Name = "Mounting Technology"; Value = "Surface Mount"; VariantName = "[No Variations]"
Change component parameters (AddParameter): Name = "PackageDescription"; Value = "64-Pin Plastic Flat Pack, Body 10 x 10 mm, Pitch 0.50 mm"; VariantName = "[No Variations]"
Change component parameters (AddParameter): Name = "PackageReference"; Value = "PAG64"; VariantName = "[No Variations]"
Change component parameters (AddParameter): Name = "PackageVersion"; Value = "4040282/C, 11/1996"; VariantName = "[No Variations]"
Change component parameters (AddParameter): Name = "PartNumber"; Value = "ADS1675IPAG"; VariantName = "[No Variations]"
Change component parameters (AddParameter): Name = "Resolution(Bits)"; Value = "24"; VariantName = "[No Variations]"
Change component parameters (AddParameter): Name = "Sample Rate (max)(SPS)"; Value = "4M"; VariantName = "[No Variations]"
Change component parameters (AddParameter): Name = "SFDR(dB)"; Value = "120"; VariantName = "[No Variations]"
Change component parameters (AddParameter): Name = "SNR(dB)"; Value = "92"; VariantName = "[No Variations]"
Change component parameters (AddParameter): Name = "SubFamily"; Value = "Precision ADC (<=10MSPS)"; VariantName = "[No Variations]"
Change component parameters: Designator = "U3" ("U3"); Footprint = "D0008A_L"; UniqueID = "\SDIZJLCK" ("\SDIZJLCK")
Change component parameters (AddParameter): Name = "Code_JEDEC"; Value = "MS-012"; VariantName = "[No Variations]"
Change component parameters (AddParameter): Name = "ComponentLink1Description"; Value = "Manufacturer URL"; VariantName = "[No Variations]"
Change component parameters (AddParameter): Name = "ComponentLink1URL"; Value = "http://www.ti.com/"; VariantName = "[No Variations]"
Change component parameters (AddParameter): Name = "ComponentLink2Description"; Value = "Datasheet"; VariantName = "[No Variations]"
Change component parameters (AddParameter): Name = "ComponentLink2URL"; Value = "http://www.ti.com/general/docs/lit/getliterature.tsp?genericPartNumber=REF5025&fileType=pdf"; VariantName = "[No Variations]"
Change component parameters (AddParameter): Name = "ComponentLink3Description"; Value = "Package Specification"; VariantName = "[No Variations]"
Change component parameters (AddParameter): Name = "ComponentLink3URL"; Value = "http://www.ti.com/litv/pdf/msoi002j"; VariantName = "[No Variations]"
Change component parameters (AddParameter): Name = "ComponentLink4Description"; Value = "URL Link1"; VariantName = "[No Variations]"
Change component parameters (AddParameter): Name = "ComponentLink4URL"; Value = "Samples URL:http://www.ti.com/product/ref5025"; VariantName = "[No Variations]"
Change component parameters (AddParameter): Name = "DatasheetVersion"; Value = "SBOS410E"; VariantName = "[No Variations]"
Change component parameters (AddParameter): Name = "Eco-Plan"; Value = "Green (RoHS & no Sb/Br)"; VariantName = "[No Variations]"
Change component parameters (AddParameter): Name = "Initial Accuracy @ 25/deg C(%)"; Value = "0.05"; VariantName = "[No Variations]"
Change component parameters (AddParameter): Name = "Iout/Iz(Max)(mA)"; Value = "10"; VariantName = "[No Variations]"
Change component parameters (AddParameter): Name = "Iq(Max)(uA)"; Value = "1000"; VariantName = "[No Variations]"
Change component parameters (AddParameter): Name = "Manufacturer"; Value = "Texas Instruments"; VariantName = "[No Variations]"
Change component parameters (AddParameter): Name = "Manufacturer Part Number"; Value = "REF5025AID"; VariantName = "[No Variations]"
Change component parameters (AddParameter): Name = "Mounting Technology"; Value = "Surface Mount"; VariantName = "[No Variations]"
Change component parameters (AddParameter): Name = "PackageDescription"; Value = "8-Pin Plastic Small Outline, Body 4.9 x 3.9 mm, Pitch 1.27 mm"; VariantName = "[No Variations]"
Change component parameters (AddParameter): Name = "PackageReference"; Value = "D0008A"; VariantName = "[No Variations]"
Change component parameters (AddParameter): Name = "PackageVersion"; Value = "4040047-3/M"; VariantName = "[No Variations]"
Change component parameters (AddParameter): Name = "PartNumber"; Value = "REF5025AID"; VariantName = "[No Variations]"
Change component parameters (AddParameter): Name = "Rating"; Value = "Military"; VariantName = "[No Variations]"
Change component parameters (AddParameter): Name = "SubFamily"; Value = "Series Voltage Reference"; VariantName = "[No Variations]"
Change component parameters (AddParameter): Name = "Temp Coeff(Max)(ppm/ degree C)"; Value = "3"; VariantName = "[No Variations]"
Change component parameters (AddParameter): Name = "VI(Max)(V)"; Value = "18"; VariantName = "[No Variations]"
Change component parameters (AddParameter): Name = "VI(Min)(V)"; Value = "2.7"; VariantName = "[No Variations]"
Change component parameters (AddParameter): Name = "VO(V)"; Value = "2.5"; VariantName = "[No Variations]"
Change component parameters: Designator = "U4" ("U4"); Footprint = "ADI-RM-8_L"; UniqueID = "\DCMTJQRW" ("\DCMTJQRW")
Change component parameters (AddParameter): Name = "Code_JEDEC"; Value = "MO-187-AA"; VariantName = "[No Variations]"
Change component parameters (AddParameter): Name = "ComponentLink1Description"; Value = "Manufacturer URL"; VariantName = "[No Variations]"
Change component parameters (AddParameter): Name = "ComponentLink1URL"; Value = "http://www.analog.com/en/index.html"; VariantName = "[No Variations]"
Change component parameters (AddParameter): Name = "ComponentLink2Description"; Value = "Datasheet"; VariantName = "[No Variations]"
Change component parameters (AddParameter): Name = "ComponentLink2URL"; Value = "http://www.analog.com/static/imported-files/data_sheets/ADR420_421_423_425.pdf"; VariantName = "[No Variations]"
Change component parameters (AddParameter): Name = "ComponentLink3Description"; Value = "Package Specification"; VariantName = "[No Variations]"
Change component parameters (AddParameter): Name = "ComponentLink3URL"; Value = "http://www.analog.com/static/imported-files/packages/PKG_PDF/MSOP%28RM%29/RM_8.pdf"; VariantName = "[No Variations]"
Change component parameters (AddParameter): Name = "ComponentLink4Description"; Value = "URL Link1"; VariantName = "[No Variations]"
Change component parameters (AddParameter): Name = "ComponentLink4URL"; Value = "Product URL:http://www.analog.com/en/special-linear-functions/voltage-references/adr423/products/product.html"; VariantName = "[No Variations]"
Change component parameters (AddParameter): Name = "DatasheetVersion"; Value = "Rev. I"; VariantName = "[No Variations]"
Change component parameters (AddParameter): Name = "Manufacturer"; Value = "Analog Devices"; VariantName = "[No Variations]"
Change component parameters (AddParameter): Name = "Manufacturer Part Number"; Value = "ADR423ARMZ"; VariantName = "[No Variations]"
Change component parameters (AddParameter): Name = "Max V Supply (V)"; Value = "18"; VariantName = "[No Variations]"
Change component parameters (AddParameter): Name = "Min V Supply (V)"; Value = "5"; VariantName = "[No Variations]"
Change component parameters (AddParameter): Name = "Mounting Technology"; Value = "Surface Mount"; VariantName = "[No Variations]"
Change component parameters (AddParameter): Name = "Operating Temp Range"; Value = "-40 to 125 degC"; VariantName = "[No Variations]"
Change component parameters (AddParameter): Name = "PackageDescription"; Value = "8-Pin Mini Small Outline Package, Body 3 x 3 mm, Pitch 0.65 mm"; VariantName = "[No Variations]"
Change component parameters (AddParameter): Name = "PackageReference"; Value = "RM-8"; VariantName = "[No Variations]"
Change component parameters (AddParameter): Name = "PackageVersion"; Value = "Aug-05"; VariantName = "[No Variations]"
Change component parameters (AddParameter): Name = "Packing"; Value = "Tube"; VariantName = "[No Variations]"
Change component parameters (AddParameter): Name = "PartNumber"; Value = "ADR423ARMZ"; VariantName = "[No Variations]"
Change component parameters (AddParameter): Name = "Ref Out TC (ppm/C)"; Value = "2"; VariantName = "[No Variations]"
Change component parameters (AddParameter): Name = "Vout"; Value = "3V"; VariantName = "[No Variations]"
