Removed Pin From Net: NetName=NetC50_1 Pin=R99-1
Removed Member From Class: ClassName=ifog-pcb-analogModule Member=R99
Change Managed Component Library Link : Designator=R1 Old VaultGUID=B7D15EC3-160A-466F-A46C-7801FE6295A7 New VaultGUID= Old ItemGUID=3431D42B-6D3F-43C7-954F-F8324CDEA9DA New ItemGUID= Old RevisionGUID=FA83CE60-3FED-4A1E-AA3D-A1B2282283F7 New RevisionGUID=
Change Managed Component Library Link : Designator=R2 Old VaultGUID=B7D15EC3-160A-466F-A46C-7801FE6295A7 New VaultGUID= Old ItemGUID=3431D42B-6D3F-43C7-954F-F8324CDEA9DA New ItemGUID= Old RevisionGUID=FA83CE60-3FED-4A1E-AA3D-A1B2282283F7 New RevisionGUID=
Change Managed Component Library Link : Designator=R3 Old VaultGUID=B7D15EC3-160A-466F-A46C-7801FE6295A7 New VaultGUID= Old ItemGUID=3431D42B-6D3F-43C7-954F-F8324CDEA9DA New ItemGUID= Old RevisionGUID=FA83CE60-3FED-4A1E-AA3D-A1B2282283F7 New RevisionGUID=
Change Managed Component Library Link : Designator=R4 Old VaultGUID=B7D15EC3-160A-466F-A46C-7801FE6295A7 New VaultGUID= Old ItemGUID=3431D42B-6D3F-43C7-954F-F8324CDEA9DA New ItemGUID= Old RevisionGUID=FA83CE60-3FED-4A1E-AA3D-A1B2282283F7 New RevisionGUID=
Change Managed Component Library Link : Designator=R5 Old VaultGUID=B7D15EC3-160A-466F-A46C-7801FE6295A7 New VaultGUID= Old ItemGUID=3431D42B-6D3F-43C7-954F-F8324CDEA9DA New ItemGUID= Old RevisionGUID=FA83CE60-3FED-4A1E-AA3D-A1B2282283F7 New RevisionGUID=
Change Managed Component Library Link : Designator=R6 Old VaultGUID=B7D15EC3-160A-466F-A46C-7801FE6295A7 New VaultGUID= Old ItemGUID=3431D42B-6D3F-43C7-954F-F8324CDEA9DA New ItemGUID= Old RevisionGUID=FA83CE60-3FED-4A1E-AA3D-A1B2282283F7 New RevisionGUID=
Change Managed Component Library Link : Designator=R7 Old VaultGUID=B7D15EC3-160A-466F-A46C-7801FE6295A7 New VaultGUID= Old ItemGUID=3431D42B-6D3F-43C7-954F-F8324CDEA9DA New ItemGUID= Old RevisionGUID=FA83CE60-3FED-4A1E-AA3D-A1B2282283F7 New RevisionGUID=
Change Managed Component Library Link : Designator=R8 Old VaultGUID=B7D15EC3-160A-466F-A46C-7801FE6295A7 New VaultGUID= Old ItemGUID=3431D42B-6D3F-43C7-954F-F8324CDEA9DA New ItemGUID= Old RevisionGUID=FA83CE60-3FED-4A1E-AA3D-A1B2282283F7 New RevisionGUID=
Change Managed Component Library Link : Designator=R9 Old VaultGUID=B7D15EC3-160A-466F-A46C-7801FE6295A7 New VaultGUID= Old ItemGUID=3431D42B-6D3F-43C7-954F-F8324CDEA9DA New ItemGUID= Old RevisionGUID=FA83CE60-3FED-4A1E-AA3D-A1B2282283F7 New RevisionGUID=
Change Managed Component Library Link : Designator=R10 Old VaultGUID=B7D15EC3-160A-466F-A46C-7801FE6295A7 New VaultGUID= Old ItemGUID=3431D42B-6D3F-43C7-954F-F8324CDEA9DA New ItemGUID= Old RevisionGUID=FA83CE60-3FED-4A1E-AA3D-A1B2282283F7 New RevisionGUID=
Change Managed Component Library Link : Designator=R11 Old VaultGUID=B7D15EC3-160A-466F-A46C-7801FE6295A7 New VaultGUID= Old ItemGUID=3431D42B-6D3F-43C7-954F-F8324CDEA9DA New ItemGUID= Old RevisionGUID=FA83CE60-3FED-4A1E-AA3D-A1B2282283F7 New RevisionGUID=
Change Managed Component Library Link : Designator=R12 Old VaultGUID=B7D15EC3-160A-466F-A46C-7801FE6295A7 New VaultGUID= Old ItemGUID=3431D42B-6D3F-43C7-954F-F8324CDEA9DA New ItemGUID= Old RevisionGUID=FA83CE60-3FED-4A1E-AA3D-A1B2282283F7 New RevisionGUID=
Change Managed Component Library Link : Designator=R13 Old VaultGUID=B7D15EC3-160A-466F-A46C-7801FE6295A7 New VaultGUID= Old ItemGUID=3431D42B-6D3F-43C7-954F-F8324CDEA9DA New ItemGUID= Old RevisionGUID=FA83CE60-3FED-4A1E-AA3D-A1B2282283F7 New RevisionGUID=
Change Managed Component Library Link : Designator=R14 Old VaultGUID=B7D15EC3-160A-466F-A46C-7801FE6295A7 New VaultGUID= Old ItemGUID=3431D42B-6D3F-43C7-954F-F8324CDEA9DA New ItemGUID= Old RevisionGUID=FA83CE60-3FED-4A1E-AA3D-A1B2282283F7 New RevisionGUID=
Change Managed Component Library Link : Designator=R15 Old VaultGUID=B7D15EC3-160A-466F-A46C-7801FE6295A7 New VaultGUID= Old ItemGUID=3431D42B-6D3F-43C7-954F-F8324CDEA9DA New ItemGUID= Old RevisionGUID=FA83CE60-3FED-4A1E-AA3D-A1B2282283F7 New RevisionGUID=
Change Managed Component Library Link : Designator=R16 Old VaultGUID=B7D15EC3-160A-466F-A46C-7801FE6295A7 New VaultGUID= Old ItemGUID=3431D42B-6D3F-43C7-954F-F8324CDEA9DA New ItemGUID= Old RevisionGUID=FA83CE60-3FED-4A1E-AA3D-A1B2282283F7 New RevisionGUID=
Change Managed Component Library Link : Designator=R17 Old VaultGUID=B7D15EC3-160A-466F-A46C-7801FE6295A7 New VaultGUID= Old ItemGUID=3431D42B-6D3F-43C7-954F-F8324CDEA9DA New ItemGUID= Old RevisionGUID=FA83CE60-3FED-4A1E-AA3D-A1B2282283F7 New RevisionGUID=
Change Managed Component Library Link : Designator=R18 Old VaultGUID=B7D15EC3-160A-466F-A46C-7801FE6295A7 New VaultGUID= Old ItemGUID=3431D42B-6D3F-43C7-954F-F8324CDEA9DA New ItemGUID= Old RevisionGUID=FA83CE60-3FED-4A1E-AA3D-A1B2282283F7 New RevisionGUID=
Change Managed Component Library Link : Designator=R19 Old VaultGUID=B7D15EC3-160A-466F-A46C-7801FE6295A7 New VaultGUID= Old ItemGUID=3431D42B-6D3F-43C7-954F-F8324CDEA9DA New ItemGUID= Old RevisionGUID=FA83CE60-3FED-4A1E-AA3D-A1B2282283F7 New RevisionGUID=
Change Managed Component Library Link : Designator=R20 Old VaultGUID=B7D15EC3-160A-466F-A46C-7801FE6295A7 New VaultGUID= Old ItemGUID=3431D42B-6D3F-43C7-954F-F8324CDEA9DA New ItemGUID= Old RevisionGUID=FA83CE60-3FED-4A1E-AA3D-A1B2282283F7 New RevisionGUID=
Change Managed Component Library Link : Designator=R21 Old VaultGUID=B7D15EC3-160A-466F-A46C-7801FE6295A7 New VaultGUID= Old ItemGUID=3431D42B-6D3F-43C7-954F-F8324CDEA9DA New ItemGUID= Old RevisionGUID=FA83CE60-3FED-4A1E-AA3D-A1B2282283F7 New RevisionGUID=
Change Managed Component Library Link : Designator=R22 Old VaultGUID=B7D15EC3-160A-466F-A46C-7801FE6295A7 New VaultGUID= Old ItemGUID=3431D42B-6D3F-43C7-954F-F8324CDEA9DA New ItemGUID= Old RevisionGUID=FA83CE60-3FED-4A1E-AA3D-A1B2282283F7 New RevisionGUID=
Change Managed Component Library Link : Designator=R23 Old VaultGUID=B7D15EC3-160A-466F-A46C-7801FE6295A7 New VaultGUID= Old ItemGUID=3431D42B-6D3F-43C7-954F-F8324CDEA9DA New ItemGUID= Old RevisionGUID=FA83CE60-3FED-4A1E-AA3D-A1B2282283F7 New RevisionGUID=
Change component parameters: Designator = "R1" ("R1"); Footprint = "FP-AC0603-IPC_B"; UniqueID = "\WKDAVTNU" ("\WKDAVTNU")
Change component parameters (AddParameter): Name = "ComponentLink1Description"; Value = "Manufacturer URL"; VariantName = "[No Variations]"
Change component parameters (AddParameter): Name = "ComponentLink1URL"; Value = "http://www.vishay.com/"; VariantName = "[No Variations]"
Change component parameters (AddParameter): Name = "ComponentLink2Description"; Value = "Datasheet"; VariantName = "[No Variations]"
Change component parameters (AddParameter): Name = "ComponentLink2URL"; Value = "https://datasheet.ciiva.com/11809/0900766b80d98afc-11809037.pdf"; VariantName = "[No Variations]"
Change component parameters (AddParameter): Name = "DatasheetVersion"; Value = "06/2012"; VariantName = "[No Variations]"
Change component parameters (AddParameter): Name = "Height"; Value = "0.45 mm"; VariantName = "[No Variations]"
Change component parameters (AddParameter): Name = "Length"; Value = "1.55 mm"; VariantName = "[No Variations]"
Change component parameters (AddParameter): Name = "Manufacturer"; Value = "Vishay"; VariantName = "[No Variations]"
Change component parameters (AddParameter): Name = "Manufacturer Part Number"; Value = "CRCW060310K0FKEA"; VariantName = "[No Variations]"
Change component parameters (AddParameter): Name = "Max Operating Temperature"; Value = "155 degC"; VariantName = "[No Variations]"
Change component parameters (AddParameter): Name = "Min Operating Temperature"; Value = "-55 degC"; VariantName = "[No Variations]"
Change component parameters (AddParameter): Name = "Mounting Technology"; Value = "Surface Mount"; VariantName = "[No Variations]"
Change component parameters (AddParameter): Name = "Package Quantity"; Value = "5000"; VariantName = "[No Variations]"
Change component parameters (AddParameter): Name = "PackageDescription"; Value = "2-Pin Surface Mount Device, Body 1.575 x 0.85 mm"; VariantName = "[No Variations]"
Change component parameters (AddParameter): Name = "PackageReference"; Value = "0603"; VariantName = "[No Variations]"
Change component parameters (AddParameter): Name = "Packaging"; Value = "Tape and Reel"; VariantName = "[No Variations]"
Change component parameters (AddParameter): Name = "REACH SVHC"; Value = "Unknown"; VariantName = "[No Variations]"
Change component parameters (AddParameter): Name = "RoHSCompliant"; Value = "true"; VariantName = "[No Variations]"
Change component parameters (AddParameter): Name = "Voltage Rating"; Value = "75 V"; VariantName = "[No Variations]"
Change component parameters: Designator = "R2" ("R2"); Footprint = "FP-AC0603-IPC_B"; UniqueID = "\XIMKUKVZ" ("\XIMKUKVZ")
Change component parameters (AddParameter): Name = "ComponentLink1Description"; Value = "Manufacturer URL"; VariantName = "[No Variations]"
Change component parameters (AddParameter): Name = "ComponentLink1URL"; Value = "http://www.vishay.com/"; VariantName = "[No Variations]"
Change component parameters (AddParameter): Name = "ComponentLink2Description"; Value = "Datasheet"; VariantName = "[No Variations]"
Change component parameters (AddParameter): Name = "ComponentLink2URL"; Value = "https://datasheet.ciiva.com/11809/0900766b80d98afc-11809037.pdf"; VariantName = "[No Variations]"
Change component parameters (AddParameter): Name = "DatasheetVersion"; Value = "06/2012"; VariantName = "[No Variations]"
Change component parameters (AddParameter): Name = "Height"; Value = "0.45 mm"; VariantName = "[No Variations]"
Change component parameters (AddParameter): Name = "Length"; Value = "1.55 mm"; VariantName = "[No Variations]"
Change component parameters (AddParameter): Name = "Manufacturer"; Value = "Vishay"; VariantName = "[No Variations]"
Change component parameters (AddParameter): Name = "Manufacturer Part Number"; Value = "CRCW060310K0FKEA"; VariantName = "[No Variations]"
Change component parameters (AddParameter): Name = "Max Operating Temperature"; Value = "155 degC"; VariantName = "[No Variations]"
Change component parameters (AddParameter): Name = "Min Operating Temperature"; Value = "-55 degC"; VariantName = "[No Variations]"
Change component parameters (AddParameter): Name = "Mounting Technology"; Value = "Surface Mount"; VariantName = "[No Variations]"
Change component parameters (AddParameter): Name = "Package Quantity"; Value = "5000"; VariantName = "[No Variations]"
Change component parameters (AddParameter): Name = "PackageDescription"; Value = "2-Pin Surface Mount Device, Body 1.575 x 0.85 mm"; VariantName = "[No Variations]"
Change component parameters (AddParameter): Name = "PackageReference"; Value = "0603"; VariantName = "[No Variations]"
Change component parameters (AddParameter): Name = "Packaging"; Value = "Tape and Reel"; VariantName = "[No Variations]"
Change component parameters (AddParameter): Name = "REACH SVHC"; Value = "Unknown"; VariantName = "[No Variations]"
Change component parameters (AddParameter): Name = "RoHSCompliant"; Value = "true"; VariantName = "[No Variations]"
Change component parameters (AddParameter): Name = "Voltage Rating"; Value = "75 V"; VariantName = "[No Variations]"
Change component parameters: Designator = "R3" ("R3"); Footprint = "FP-AC0603-IPC_B"; UniqueID = "\ECEBNMAZ" ("\ECEBNMAZ")
Change component parameters (AddParameter): Name = "ComponentLink1Description"; Value = "Manufacturer URL"; VariantName = "[No Variations]"
Change component parameters (AddParameter): Name = "ComponentLink1URL"; Value = "http://www.vishay.com/"; VariantName = "[No Variations]"
Change component parameters (AddParameter): Name = "ComponentLink2Description"; Value = "Datasheet"; VariantName = "[No Variations]"
Change component parameters (AddParameter): Name = "ComponentLink2URL"; Value = "https://datasheet.ciiva.com/11809/0900766b80d98afc-11809037.pdf"; VariantName = "[No Variations]"
Change component parameters (AddParameter): Name = "DatasheetVersion"; Value = "06/2012"; VariantName = "[No Variations]"
Change component parameters (AddParameter): Name = "Height"; Value = "0.45 mm"; VariantName = "[No Variations]"
Change component parameters (AddParameter): Name = "Length"; Value = "1.55 mm"; VariantName = "[No Variations]"
Change component parameters (AddParameter): Name = "Manufacturer"; Value = "Vishay"; VariantName = "[No Variations]"
Change component parameters (AddParameter): Name = "Manufacturer Part Number"; Value = "CRCW060310K0FKEA"; VariantName = "[No Variations]"
Change component parameters (AddParameter): Name = "Max Operating Temperature"; Value = "155 degC"; VariantName = "[No Variations]"
Change component parameters (AddParameter): Name = "Min Operating Temperature"; Value = "-55 degC"; VariantName = "[No Variations]"
Change component parameters (AddParameter): Name = "Mounting Technology"; Value = "Surface Mount"; VariantName = "[No Variations]"
Change component parameters (AddParameter): Name = "Package Quantity"; Value = "5000"; VariantName = "[No Variations]"
Change component parameters (AddParameter): Name = "PackageDescription"; Value = "2-Pin Surface Mount Device, Body 1.575 x 0.85 mm"; VariantName = "[No Variations]"
Change component parameters (AddParameter): Name = "PackageReference"; Value = "0603"; VariantName = "[No Variations]"
Change component parameters (AddParameter): Name = "Packaging"; Value = "Tape and Reel"; VariantName = "[No Variations]"
Change component parameters (AddParameter): Name = "REACH SVHC"; Value = "Unknown"; VariantName = "[No Variations]"
Change component parameters (AddParameter): Name = "RoHSCompliant"; Value = "true"; VariantName = "[No Variations]"
Change component parameters (AddParameter): Name = "Voltage Rating"; Value = "75 V"; VariantName = "[No Variations]"
Change component parameters: Designator = "R4" ("R4"); Footprint = "FP-AC0603-IPC_B"; UniqueID = "\ODMMHKFT" ("\ODMMHKFT")
Change component parameters (AddParameter): Name = "ComponentLink1Description"; Value = "Manufacturer URL"; VariantName = "[No Variations]"
Change component parameters (AddParameter): Name = "ComponentLink1URL"; Value = "http://www.vishay.com/"; VariantName = "[No Variations]"
Change component parameters (AddParameter): Name = "ComponentLink2Description"; Value = "Datasheet"; VariantName = "[No Variations]"
Change component parameters (AddParameter): Name = "ComponentLink2URL"; Value = "https://datasheet.ciiva.com/11809/0900766b80d98afc-11809037.pdf"; VariantName = "[No Variations]"
Change component parameters (AddParameter): Name = "DatasheetVersion"; Value = "06/2012"; VariantName = "[No Variations]"
Change component parameters (AddParameter): Name = "Height"; Value = "0.45 mm"; VariantName = "[No Variations]"
Change component parameters (AddParameter): Name = "Length"; Value = "1.55 mm"; VariantName = "[No Variations]"
Change component parameters (AddParameter): Name = "Manufacturer"; Value = "Vishay"; VariantName = "[No Variations]"
Change component parameters (AddParameter): Name = "Manufacturer Part Number"; Value = "CRCW060310K0FKEA"; VariantName = "[No Variations]"
Change component parameters (AddParameter): Name = "Max Operating Temperature"; Value = "155 degC"; VariantName = "[No Variations]"
Change component parameters (AddParameter): Name = "Min Operating Temperature"; Value = "-55 degC"; VariantName = "[No Variations]"
Change component parameters (AddParameter): Name = "Mounting Technology"; Value = "Surface Mount"; VariantName = "[No Variations]"
Change component parameters (AddParameter): Name = "Package Quantity"; Value = "5000"; VariantName = "[No Variations]"
Change component parameters (AddParameter): Name = "PackageDescription"; Value = "2-Pin Surface Mount Device, Body 1.575 x 0.85 mm"; VariantName = "[No Variations]"
Change component parameters (AddParameter): Name = "PackageReference"; Value = "0603"; VariantName = "[No Variations]"
Change component parameters (AddParameter): Name = "Packaging"; Value = "Tape and Reel"; VariantName = "[No Variations]"
Change component parameters (AddParameter): Name = "REACH SVHC"; Value = "Unknown"; VariantName = "[No Variations]"
Change component parameters (AddParameter): Name = "RoHSCompliant"; Value = "true"; VariantName = "[No Variations]"
Change component parameters (AddParameter): Name = "Voltage Rating"; Value = "75 V"; VariantName = "[No Variations]"
Change component parameters: Designator = "R5" ("R5"); Footprint = "FP-AC0603-IPC_B"; UniqueID = "\SQEILYLU" ("\SQEILYLU")
Change component parameters (AddParameter): Name = "ComponentLink1Description"; Value = "Manufacturer URL"; VariantName = "[No Variations]"
Change component parameters (AddParameter): Name = "ComponentLink1URL"; Value = "http://www.vishay.com/"; VariantName = "[No Variations]"
Change component parameters (AddParameter): Name = "ComponentLink2Description"; Value = "Datasheet"; VariantName = "[No Variations]"
Change component parameters (AddParameter): Name = "ComponentLink2URL"; Value = "https://datasheet.ciiva.com/11809/0900766b80d98afc-11809037.pdf"; VariantName = "[No Variations]"
Change component parameters (AddParameter): Name = "DatasheetVersion"; Value = "06/2012"; VariantName = "[No Variations]"
Change component parameters (AddParameter): Name = "Height"; Value = "0.45 mm"; VariantName = "[No Variations]"
Change component parameters (AddParameter): Name = "Length"; Value = "1.55 mm"; VariantName = "[No Variations]"
Change component parameters (AddParameter): Name = "Manufacturer"; Value = "Vishay"; VariantName = "[No Variations]"
Change component parameters (AddParameter): Name = "Manufacturer Part Number"; Value = "CRCW060310K0FKEA"; VariantName = "[No Variations]"
Change component parameters (AddParameter): Name = "Max Operating Temperature"; Value = "155 degC"; VariantName = "[No Variations]"
Change component parameters (AddParameter): Name = "Min Operating Temperature"; Value = "-55 degC"; VariantName = "[No Variations]"
Change component parameters (AddParameter): Name = "Mounting Technology"; Value = "Surface Mount"; VariantName = "[No Variations]"
Change component parameters (AddParameter): Name = "Package Quantity"; Value = "5000"; VariantName = "[No Variations]"
Change component parameters (AddParameter): Name = "PackageDescription"; Value = "2-Pin Surface Mount Device, Body 1.575 x 0.85 mm"; VariantName = "[No Variations]"
Change component parameters (AddParameter): Name = "PackageReference"; Value = "0603"; VariantName = "[No Variations]"
Change component parameters (AddParameter): Name = "Packaging"; Value = "Tape and Reel"; VariantName = "[No Variations]"
Change component parameters (AddParameter): Name = "REACH SVHC"; Value = "Unknown"; VariantName = "[No Variations]"
Change component parameters (AddParameter): Name = "RoHSCompliant"; Value = "true"; VariantName = "[No Variations]"
Change component parameters (AddParameter): Name = "Voltage Rating"; Value = "75 V"; VariantName = "[No Variations]"
Change component parameters: Designator = "R6" ("R6"); Footprint = "FP-AC0603-IPC_B"; UniqueID = "\PCSIDWTN" ("\PCSIDWTN")
Change component parameters (AddParameter): Name = "ComponentLink1Description"; Value = "Manufacturer URL"; VariantName = "[No Variations]"
Change component parameters (AddParameter): Name = "ComponentLink1URL"; Value = "http://www.vishay.com/"; VariantName = "[No Variations]"
Change component parameters (AddParameter): Name = "ComponentLink2Description"; Value = "Datasheet"; VariantName = "[No Variations]"
Change component parameters (AddParameter): Name = "ComponentLink2URL"; Value = "https://datasheet.ciiva.com/11809/0900766b80d98afc-11809037.pdf"; VariantName = "[No Variations]"
Change component parameters (AddParameter): Name = "DatasheetVersion"; Value = "06/2012"; VariantName = "[No Variations]"
Change component parameters (AddParameter): Name = "Height"; Value = "0.45 mm"; VariantName = "[No Variations]"
Change component parameters (AddParameter): Name = "Length"; Value = "1.55 mm"; VariantName = "[No Variations]"
Change component parameters (AddParameter): Name = "Manufacturer"; Value = "Vishay"; VariantName = "[No Variations]"
Change component parameters (AddParameter): Name = "Manufacturer Part Number"; Value = "CRCW060310K0FKEA"; VariantName = "[No Variations]"
Change component parameters (AddParameter): Name = "Max Operating Temperature"; Value = "155 degC"; VariantName = "[No Variations]"
Change component parameters (AddParameter): Name = "Min Operating Temperature"; Value = "-55 degC"; VariantName = "[No Variations]"
Change component parameters (AddParameter): Name = "Mounting Technology"; Value = "Surface Mount"; VariantName = "[No Variations]"
Change component parameters (AddParameter): Name = "Package Quantity"; Value = "5000"; VariantName = "[No Variations]"
Change component parameters (AddParameter): Name = "PackageDescription"; Value = "2-Pin Surface Mount Device, Body 1.575 x 0.85 mm"; VariantName = "[No Variations]"
Change component parameters (AddParameter): Name = "PackageReference"; Value = "0603"; VariantName = "[No Variations]"
Change component parameters (AddParameter): Name = "Packaging"; Value = "Tape and Reel"; VariantName = "[No Variations]"
Change component parameters (AddParameter): Name = "REACH SVHC"; Value = "Unknown"; VariantName = "[No Variations]"
Change component parameters (AddParameter): Name = "RoHSCompliant"; Value = "true"; VariantName = "[No Variations]"
Change component parameters (AddParameter): Name = "Voltage Rating"; Value = "75 V"; VariantName = "[No Variations]"
Change component parameters: Designator = "R7" ("R7"); Footprint = "FP-AC0603-IPC_B"; UniqueID = "\NNFNDQXY" ("\NNFNDQXY")
Change component parameters (AddParameter): Name = "ComponentLink1Description"; Value = "Manufacturer URL"; VariantName = "[No Variations]"
Change component parameters (AddParameter): Name = "ComponentLink1URL"; Value = "http://www.vishay.com/"; VariantName = "[No Variations]"
Change component parameters (AddParameter): Name = "ComponentLink2Description"; Value = "Datasheet"; VariantName = "[No Variations]"
Change component parameters (AddParameter): Name = "ComponentLink2URL"; Value = "https://datasheet.ciiva.com/11809/0900766b80d98afc-11809037.pdf"; VariantName = "[No Variations]"
Change component parameters (AddParameter): Name = "DatasheetVersion"; Value = "06/2012"; VariantName = "[No Variations]"
Change component parameters (AddParameter): Name = "Height"; Value = "0.45 mm"; VariantName = "[No Variations]"
Change component parameters (AddParameter): Name = "Length"; Value = "1.55 mm"; VariantName = "[No Variations]"
Change component parameters (AddParameter): Name = "Manufacturer"; Value = "Vishay"; VariantName = "[No Variations]"
Change component parameters (AddParameter): Name = "Manufacturer Part Number"; Value = "CRCW060310K0FKEA"; VariantName = "[No Variations]"
Change component parameters (AddParameter): Name = "Max Operating Temperature"; Value = "155 degC"; VariantName = "[No Variations]"
Change component parameters (AddParameter): Name = "Min Operating Temperature"; Value = "-55 degC"; VariantName = "[No Variations]"
Change component parameters (AddParameter): Name = "Mounting Technology"; Value = "Surface Mount"; VariantName = "[No Variations]"
Change component parameters (AddParameter): Name = "Package Quantity"; Value = "5000"; VariantName = "[No Variations]"
Change component parameters (AddParameter): Name = "PackageDescription"; Value = "2-Pin Surface Mount Device, Body 1.575 x 0.85 mm"; VariantName = "[No Variations]"
Change component parameters (AddParameter): Name = "PackageReference"; Value = "0603"; VariantName = "[No Variations]"
Change component parameters (AddParameter): Name = "Packaging"; Value = "Tape and Reel"; VariantName = "[No Variations]"
Change component parameters (AddParameter): Name = "REACH SVHC"; Value = "Unknown"; VariantName = "[No Variations]"
Change component parameters (AddParameter): Name = "RoHSCompliant"; Value = "true"; VariantName = "[No Variations]"
Change component parameters (AddParameter): Name = "Voltage Rating"; Value = "75 V"; VariantName = "[No Variations]"
Change component parameters: Designator = "R8" ("R8"); Footprint = "FP-AC0603-IPC_B"; UniqueID = "\JTSQFZQZ" ("\JTSQFZQZ")
Change component parameters (AddParameter): Name = "ComponentLink1Description"; Value = "Manufacturer URL"; VariantName = "[No Variations]"
Change component parameters (AddParameter): Name = "ComponentLink1URL"; Value = "http://www.vishay.com/"; VariantName = "[No Variations]"
Change component parameters (AddParameter): Name = "ComponentLink2Description"; Value = "Datasheet"; VariantName = "[No Variations]"
Change component parameters (AddParameter): Name = "ComponentLink2URL"; Value = "https://datasheet.ciiva.com/11809/0900766b80d98afc-11809037.pdf"; VariantName = "[No Variations]"
Change component parameters (AddParameter): Name = "DatasheetVersion"; Value = "06/2012"; VariantName = "[No Variations]"
Change component parameters (AddParameter): Name = "Height"; Value = "0.45 mm"; VariantName = "[No Variations]"
Change component parameters (AddParameter): Name = "Length"; Value = "1.55 mm"; VariantName = "[No Variations]"
Change component parameters (AddParameter): Name = "Manufacturer"; Value = "Vishay"; VariantName = "[No Variations]"
Change component parameters (AddParameter): Name = "Manufacturer Part Number"; Value = "CRCW060310K0FKEA"; VariantName = "[No Variations]"
Change component parameters (AddParameter): Name = "Max Operating Temperature"; Value = "155 degC"; VariantName = "[No Variations]"
Change component parameters (AddParameter): Name = "Min Operating Temperature"; Value = "-55 degC"; VariantName = "[No Variations]"
Change component parameters (AddParameter): Name = "Mounting Technology"; Value = "Surface Mount"; VariantName = "[No Variations]"
Change component parameters (AddParameter): Name = "Package Quantity"; Value = "5000"; VariantName = "[No Variations]"
Change component parameters (AddParameter): Name = "PackageDescription"; Value = "2-Pin Surface Mount Device, Body 1.575 x 0.85 mm"; VariantName = "[No Variations]"
Change component parameters (AddParameter): Name = "PackageReference"; Value = "0603"; VariantName = "[No Variations]"
Change component parameters (AddParameter): Name = "Packaging"; Value = "Tape and Reel"; VariantName = "[No Variations]"
Change component parameters (AddParameter): Name = "REACH SVHC"; Value = "Unknown"; VariantName = "[No Variations]"
Change component parameters (AddParameter): Name = "RoHSCompliant"; Value = "true"; VariantName = "[No Variations]"
Change component parameters (AddParameter): Name = "Voltage Rating"; Value = "75 V"; VariantName = "[No Variations]"
Change component parameters: Designator = "R9" ("R9"); Footprint = "FP-AC0603-IPC_B"; UniqueID = "\BUUZDIYA" ("\BUUZDIYA")
Change component parameters (AddParameter): Name = "ComponentLink1Description"; Value = "Manufacturer URL"; VariantName = "[No Variations]"
Change component parameters (AddParameter): Name = "ComponentLink1URL"; Value = "http://www.vishay.com/"; VariantName = "[No Variations]"
Change component parameters (AddParameter): Name = "ComponentLink2Description"; Value = "Datasheet"; VariantName = "[No Variations]"
Change component parameters (AddParameter): Name = "ComponentLink2URL"; Value = "https://datasheet.ciiva.com/11809/0900766b80d98afc-11809037.pdf"; VariantName = "[No Variations]"
Change component parameters (AddParameter): Name = "DatasheetVersion"; Value = "06/2012"; VariantName = "[No Variations]"
Change component parameters (AddParameter): Name = "Height"; Value = "0.45 mm"; VariantName = "[No Variations]"
Change component parameters (AddParameter): Name = "Length"; Value = "1.55 mm"; VariantName = "[No Variations]"
Change component parameters (AddParameter): Name = "Manufacturer"; Value = "Vishay"; VariantName = "[No Variations]"
Change component parameters (AddParameter): Name = "Manufacturer Part Number"; Value = "CRCW060310K0FKEA"; VariantName = "[No Variations]"
Change component parameters (AddParameter): Name = "Max Operating Temperature"; Value = "155 degC"; VariantName = "[No Variations]"
Change component parameters (AddParameter): Name = "Min Operating Temperature"; Value = "-55 degC"; VariantName = "[No Variations]"
Change component parameters (AddParameter): Name = "Mounting Technology"; Value = "Surface Mount"; VariantName = "[No Variations]"
Change component parameters (AddParameter): Name = "Package Quantity"; Value = "5000"; VariantName = "[No Variations]"
Change component parameters (AddParameter): Name = "PackageDescription"; Value = "2-Pin Surface Mount Device, Body 1.575 x 0.85 mm"; VariantName = "[No Variations]"
Change component parameters (AddParameter): Name = "PackageReference"; Value = "0603"; VariantName = "[No Variations]"
Change component parameters (AddParameter): Name = "Packaging"; Value = "Tape and Reel"; VariantName = "[No Variations]"
Change component parameters (AddParameter): Name = "REACH SVHC"; Value = "Unknown"; VariantName = "[No Variations]"
Change component parameters (AddParameter): Name = "RoHSCompliant"; Value = "true"; VariantName = "[No Variations]"
Change component parameters (AddParameter): Name = "Voltage Rating"; Value = "75 V"; VariantName = "[No Variations]"
Change component parameters: Designator = "R10" ("R10"); Footprint = "FP-AC0603-IPC_B"; UniqueID = "\GLDBPCYT" ("\GLDBPCYT")
Change component parameters (AddParameter): Name = "ComponentLink1Description"; Value = "Manufacturer URL"; VariantName = "[No Variations]"
Change component parameters (AddParameter): Name = "ComponentLink1URL"; Value = "http://www.vishay.com/"; VariantName = "[No Variations]"
Change component parameters (AddParameter): Name = "ComponentLink2Description"; Value = "Datasheet"; VariantName = "[No Variations]"
Change component parameters (AddParameter): Name = "ComponentLink2URL"; Value = "https://datasheet.ciiva.com/11809/0900766b80d98afc-11809037.pdf"; VariantName = "[No Variations]"
Change component parameters (AddParameter): Name = "DatasheetVersion"; Value = "06/2012"; VariantName = "[No Variations]"
Change component parameters (AddParameter): Name = "Height"; Value = "0.45 mm"; VariantName = "[No Variations]"
Change component parameters (AddParameter): Name = "Length"; Value = "1.55 mm"; VariantName = "[No Variations]"
Change component parameters (AddParameter): Name = "Manufacturer"; Value = "Vishay"; VariantName = "[No Variations]"
Change component parameters (AddParameter): Name = "Manufacturer Part Number"; Value = "CRCW060310K0FKEA"; VariantName = "[No Variations]"
Change component parameters (AddParameter): Name = "Max Operating Temperature"; Value = "155 degC"; VariantName = "[No Variations]"
Change component parameters (AddParameter): Name = "Min Operating Temperature"; Value = "-55 degC"; VariantName = "[No Variations]"
Change component parameters (AddParameter): Name = "Mounting Technology"; Value = "Surface Mount"; VariantName = "[No Variations]"
Change component parameters (AddParameter): Name = "Package Quantity"; Value = "5000"; VariantName = "[No Variations]"
Change component parameters (AddParameter): Name = "PackageDescription"; Value = "2-Pin Surface Mount Device, Body 1.575 x 0.85 mm"; VariantName = "[No Variations]"
Change component parameters (AddParameter): Name = "PackageReference"; Value = "0603"; VariantName = "[No Variations]"
Change component parameters (AddParameter): Name = "Packaging"; Value = "Tape and Reel"; VariantName = "[No Variations]"
Change component parameters (AddParameter): Name = "REACH SVHC"; Value = "Unknown"; VariantName = "[No Variations]"
Change component parameters (AddParameter): Name = "RoHSCompliant"; Value = "true"; VariantName = "[No Variations]"
Change component parameters (AddParameter): Name = "Voltage Rating"; Value = "75 V"; VariantName = "[No Variations]"
Change component parameters: Designator = "R11" ("R11"); Footprint = "FP-AC0603-IPC_B"; UniqueID = "\KETWRQML" ("\KETWRQML")
Change component parameters (AddParameter): Name = "ComponentLink1Description"; Value = "Manufacturer URL"; VariantName = "[No Variations]"
Change component parameters (AddParameter): Name = "ComponentLink1URL"; Value = "http://www.vishay.com/"; VariantName = "[No Variations]"
Change component parameters (AddParameter): Name = "ComponentLink2Description"; Value = "Datasheet"; VariantName = "[No Variations]"
Change component parameters (AddParameter): Name = "ComponentLink2URL"; Value = "https://datasheet.ciiva.com/11809/0900766b80d98afc-11809037.pdf"; VariantName = "[No Variations]"
Change component parameters (AddParameter): Name = "DatasheetVersion"; Value = "06/2012"; VariantName = "[No Variations]"
Change component parameters (AddParameter): Name = "Height"; Value = "0.45 mm"; VariantName = "[No Variations]"
Change component parameters (AddParameter): Name = "Length"; Value = "1.55 mm"; VariantName = "[No Variations]"
Change component parameters (AddParameter): Name = "Manufacturer"; Value = "Vishay"; VariantName = "[No Variations]"
Change component parameters (AddParameter): Name = "Manufacturer Part Number"; Value = "CRCW060310K0FKEA"; VariantName = "[No Variations]"
Change component parameters (AddParameter): Name = "Max Operating Temperature"; Value = "155 degC"; VariantName = "[No Variations]"
Change component parameters (AddParameter): Name = "Min Operating Temperature"; Value = "-55 degC"; VariantName = "[No Variations]"
Change component parameters (AddParameter): Name = "Mounting Technology"; Value = "Surface Mount"; VariantName = "[No Variations]"
Change component parameters (AddParameter): Name = "Package Quantity"; Value = "5000"; VariantName = "[No Variations]"
Change component parameters (AddParameter): Name = "PackageDescription"; Value = "2-Pin Surface Mount Device, Body 1.575 x 0.85 mm"; VariantName = "[No Variations]"
Change component parameters (AddParameter): Name = "PackageReference"; Value = "0603"; VariantName = "[No Variations]"
Change component parameters (AddParameter): Name = "Packaging"; Value = "Tape and Reel"; VariantName = "[No Variations]"
Change component parameters (AddParameter): Name = "REACH SVHC"; Value = "Unknown"; VariantName = "[No Variations]"
Change component parameters (AddParameter): Name = "RoHSCompliant"; Value = "true"; VariantName = "[No Variations]"
Change component parameters (AddParameter): Name = "Voltage Rating"; Value = "75 V"; VariantName = "[No Variations]"
Change component parameters: Designator = "R12" ("R12"); Footprint = "FP-AC0603-IPC_B"; UniqueID = "\JZUNEMTC" ("\JZUNEMTC")
Change component parameters (AddParameter): Name = "ComponentLink1Description"; Value = "Manufacturer URL"; VariantName = "[No Variations]"
Change component parameters (AddParameter): Name = "ComponentLink1URL"; Value = "http://www.vishay.com/"; VariantName = "[No Variations]"
Change component parameters (AddParameter): Name = "ComponentLink2Description"; Value = "Datasheet"; VariantName = "[No Variations]"
Change component parameters (AddParameter): Name = "ComponentLink2URL"; Value = "https://datasheet.ciiva.com/11809/0900766b80d98afc-11809037.pdf"; VariantName = "[No Variations]"
Change component parameters (AddParameter): Name = "DatasheetVersion"; Value = "06/2012"; VariantName = "[No Variations]"
Change component parameters (AddParameter): Name = "Height"; Value = "0.45 mm"; VariantName = "[No Variations]"
Change component parameters (AddParameter): Name = "Length"; Value = "1.55 mm"; VariantName = "[No Variations]"
Change component parameters (AddParameter): Name = "Manufacturer"; Value = "Vishay"; VariantName = "[No Variations]"
Change component parameters (AddParameter): Name = "Manufacturer Part Number"; Value = "CRCW060310K0FKEA"; VariantName = "[No Variations]"
Change component parameters (AddParameter): Name = "Max Operating Temperature"; Value = "155 degC"; VariantName = "[No Variations]"
Change component parameters (AddParameter): Name = "Min Operating Temperature"; Value = "-55 degC"; VariantName = "[No Variations]"
Change component parameters (AddParameter): Name = "Mounting Technology"; Value = "Surface Mount"; VariantName = "[No Variations]"
Change component parameters (AddParameter): Name = "Package Quantity"; Value = "5000"; VariantName = "[No Variations]"
Change component parameters (AddParameter): Name = "PackageDescription"; Value = "2-Pin Surface Mount Device, Body 1.575 x 0.85 mm"; VariantName = "[No Variations]"
Change component parameters (AddParameter): Name = "PackageReference"; Value = "0603"; VariantName = "[No Variations]"
Change component parameters (AddParameter): Name = "Packaging"; Value = "Tape and Reel"; VariantName = "[No Variations]"
Change component parameters (AddParameter): Name = "REACH SVHC"; Value = "Unknown"; VariantName = "[No Variations]"
Change component parameters (AddParameter): Name = "RoHSCompliant"; Value = "true"; VariantName = "[No Variations]"
Change component parameters (AddParameter): Name = "Voltage Rating"; Value = "75 V"; VariantName = "[No Variations]"
Change component parameters: Designator = "R13" ("R13"); Footprint = "FP-AC0603-IPC_B"; UniqueID = "\PBYTZKHQ" ("\PBYTZKHQ")
Change component parameters (AddParameter): Name = "ComponentLink1Description"; Value = "Manufacturer URL"; VariantName = "[No Variations]"
Change component parameters (AddParameter): Name = "ComponentLink1URL"; Value = "http://www.vishay.com/"; VariantName = "[No Variations]"
Change component parameters (AddParameter): Name = "ComponentLink2Description"; Value = "Datasheet"; VariantName = "[No Variations]"
Change component parameters (AddParameter): Name = "ComponentLink2URL"; Value = "https://datasheet.ciiva.com/11809/0900766b80d98afc-11809037.pdf"; VariantName = "[No Variations]"
Change component parameters (AddParameter): Name = "DatasheetVersion"; Value = "06/2012"; VariantName = "[No Variations]"
Change component parameters (AddParameter): Name = "Height"; Value = "0.45 mm"; VariantName = "[No Variations]"
Change component parameters (AddParameter): Name = "Length"; Value = "1.55 mm"; VariantName = "[No Variations]"
Change component parameters (AddParameter): Name = "Manufacturer"; Value = "Vishay"; VariantName = "[No Variations]"
Change component parameters (AddParameter): Name = "Manufacturer Part Number"; Value = "CRCW060310K0FKEA"; VariantName = "[No Variations]"
Change component parameters (AddParameter): Name = "Max Operating Temperature"; Value = "155 degC"; VariantName = "[No Variations]"
Change component parameters (AddParameter): Name = "Min Operating Temperature"; Value = "-55 degC"; VariantName = "[No Variations]"
Change component parameters (AddParameter): Name = "Mounting Technology"; Value = "Surface Mount"; VariantName = "[No Variations]"
Change component parameters (AddParameter): Name = "Package Quantity"; Value = "5000"; VariantName = "[No Variations]"
Change component parameters (AddParameter): Name = "PackageDescription"; Value = "2-Pin Surface Mount Device, Body 1.575 x 0.85 mm"; VariantName = "[No Variations]"
Change component parameters (AddParameter): Name = "PackageReference"; Value = "0603"; VariantName = "[No Variations]"
Change component parameters (AddParameter): Name = "Packaging"; Value = "Tape and Reel"; VariantName = "[No Variations]"
Change component parameters (AddParameter): Name = "REACH SVHC"; Value = "Unknown"; VariantName = "[No Variations]"
Change component parameters (AddParameter): Name = "RoHSCompliant"; Value = "true"; VariantName = "[No Variations]"
Change component parameters (AddParameter): Name = "Voltage Rating"; Value = "75 V"; VariantName = "[No Variations]"
Change component parameters: Designator = "R14" ("R14"); Footprint = "FP-AC0603-IPC_B"; UniqueID = "\BRKGYQDW" ("\BRKGYQDW")
Change component parameters (AddParameter): Name = "ComponentLink1Description"; Value = "Manufacturer URL"; VariantName = "[No Variations]"
Change component parameters (AddParameter): Name = "ComponentLink1URL"; Value = "http://www.vishay.com/"; VariantName = "[No Variations]"
Change component parameters (AddParameter): Name = "ComponentLink2Description"; Value = "Datasheet"; VariantName = "[No Variations]"
Change component parameters (AddParameter): Name = "ComponentLink2URL"; Value = "https://datasheet.ciiva.com/11809/0900766b80d98afc-11809037.pdf"; VariantName = "[No Variations]"
Change component parameters (AddParameter): Name = "DatasheetVersion"; Value = "06/2012"; VariantName = "[No Variations]"
Change component parameters (AddParameter): Name = "Height"; Value = "0.45 mm"; VariantName = "[No Variations]"
Change component parameters (AddParameter): Name = "Length"; Value = "1.55 mm"; VariantName = "[No Variations]"
Change component parameters (AddParameter): Name = "Manufacturer"; Value = "Vishay"; VariantName = "[No Variations]"
Change component parameters (AddParameter): Name = "Manufacturer Part Number"; Value = "CRCW060310K0FKEA"; VariantName = "[No Variations]"
Change component parameters (AddParameter): Name = "Max Operating Temperature"; Value = "155 degC"; VariantName = "[No Variations]"
Change component parameters (AddParameter): Name = "Min Operating Temperature"; Value = "-55 degC"; VariantName = "[No Variations]"
Change component parameters (AddParameter): Name = "Mounting Technology"; Value = "Surface Mount"; VariantName = "[No Variations]"
Change component parameters (AddParameter): Name = "Package Quantity"; Value = "5000"; VariantName = "[No Variations]"
Change component parameters (AddParameter): Name = "PackageDescription"; Value = "2-Pin Surface Mount Device, Body 1.575 x 0.85 mm"; VariantName = "[No Variations]"
Change component parameters (AddParameter): Name = "PackageReference"; Value = "0603"; VariantName = "[No Variations]"
Change component parameters (AddParameter): Name = "Packaging"; Value = "Tape and Reel"; VariantName = "[No Variations]"
Change component parameters (AddParameter): Name = "REACH SVHC"; Value = "Unknown"; VariantName = "[No Variations]"
Change component parameters (AddParameter): Name = "RoHSCompliant"; Value = "true"; VariantName = "[No Variations]"
Change component parameters (AddParameter): Name = "Voltage Rating"; Value = "75 V"; VariantName = "[No Variations]"
Change component parameters: Designator = "R15" ("R15"); Footprint = "FP-AC0603-IPC_B"; UniqueID = "\QJWLHEFN" ("\QJWLHEFN")
Change component parameters (AddParameter): Name = "ComponentLink1Description"; Value = "Manufacturer URL"; VariantName = "[No Variations]"
Change component parameters (AddParameter): Name = "ComponentLink1URL"; Value = "http://www.vishay.com/"; VariantName = "[No Variations]"
Change component parameters (AddParameter): Name = "ComponentLink2Description"; Value = "Datasheet"; VariantName = "[No Variations]"
Change component parameters (AddParameter): Name = "ComponentLink2URL"; Value = "https://datasheet.ciiva.com/11809/0900766b80d98afc-11809037.pdf"; VariantName = "[No Variations]"
Change component parameters (AddParameter): Name = "DatasheetVersion"; Value = "06/2012"; VariantName = "[No Variations]"
Change component parameters (AddParameter): Name = "Height"; Value = "0.45 mm"; VariantName = "[No Variations]"
Change component parameters (AddParameter): Name = "Length"; Value = "1.55 mm"; VariantName = "[No Variations]"
Change component parameters (AddParameter): Name = "Manufacturer"; Value = "Vishay"; VariantName = "[No Variations]"
Change component parameters (AddParameter): Name = "Manufacturer Part Number"; Value = "CRCW060310K0FKEA"; VariantName = "[No Variations]"
Change component parameters (AddParameter): Name = "Max Operating Temperature"; Value = "155 degC"; VariantName = "[No Variations]"
Change component parameters (AddParameter): Name = "Min Operating Temperature"; Value = "-55 degC"; VariantName = "[No Variations]"
Change component parameters (AddParameter): Name = "Mounting Technology"; Value = "Surface Mount"; VariantName = "[No Variations]"
Change component parameters (AddParameter): Name = "Package Quantity"; Value = "5000"; VariantName = "[No Variations]"
Change component parameters (AddParameter): Name = "PackageDescription"; Value = "2-Pin Surface Mount Device, Body 1.575 x 0.85 mm"; VariantName = "[No Variations]"
Change component parameters (AddParameter): Name = "PackageReference"; Value = "0603"; VariantName = "[No Variations]"
Change component parameters (AddParameter): Name = "Packaging"; Value = "Tape and Reel"; VariantName = "[No Variations]"
Change component parameters (AddParameter): Name = "REACH SVHC"; Value = "Unknown"; VariantName = "[No Variations]"
Change component parameters (AddParameter): Name = "RoHSCompliant"; Value = "true"; VariantName = "[No Variations]"
Change component parameters (AddParameter): Name = "Voltage Rating"; Value = "75 V"; VariantName = "[No Variations]"
Change component parameters: Designator = "R16" ("R16"); Footprint = "FP-AC0603-IPC_B"; UniqueID = "\EUZFTRVW" ("\EUZFTRVW")
Change component parameters (AddParameter): Name = "ComponentLink1Description"; Value = "Manufacturer URL"; VariantName = "[No Variations]"
Change component parameters (AddParameter): Name = "ComponentLink1URL"; Value = "http://www.vishay.com/"; VariantName = "[No Variations]"
Change component parameters (AddParameter): Name = "ComponentLink2Description"; Value = "Datasheet"; VariantName = "[No Variations]"
Change component parameters (AddParameter): Name = "ComponentLink2URL"; Value = "https://datasheet.ciiva.com/11809/0900766b80d98afc-11809037.pdf"; VariantName = "[No Variations]"
Change component parameters (AddParameter): Name = "DatasheetVersion"; Value = "06/2012"; VariantName = "[No Variations]"
Change component parameters (AddParameter): Name = "Height"; Value = "0.45 mm"; VariantName = "[No Variations]"
Change component parameters (AddParameter): Name = "Length"; Value = "1.55 mm"; VariantName = "[No Variations]"
Change component parameters (AddParameter): Name = "Manufacturer"; Value = "Vishay"; VariantName = "[No Variations]"
Change component parameters (AddParameter): Name = "Manufacturer Part Number"; Value = "CRCW060310K0FKEA"; VariantName = "[No Variations]"
Change component parameters (AddParameter): Name = "Max Operating Temperature"; Value = "155 degC"; VariantName = "[No Variations]"
Change component parameters (AddParameter): Name = "Min Operating Temperature"; Value = "-55 degC"; VariantName = "[No Variations]"
Change component parameters (AddParameter): Name = "Mounting Technology"; Value = "Surface Mount"; VariantName = "[No Variations]"
Change component parameters (AddParameter): Name = "Package Quantity"; Value = "5000"; VariantName = "[No Variations]"
Change component parameters (AddParameter): Name = "PackageDescription"; Value = "2-Pin Surface Mount Device, Body 1.575 x 0.85 mm"; VariantName = "[No Variations]"
Change component parameters (AddParameter): Name = "PackageReference"; Value = "0603"; VariantName = "[No Variations]"
Change component parameters (AddParameter): Name = "Packaging"; Value = "Tape and Reel"; VariantName = "[No Variations]"
Change component parameters (AddParameter): Name = "REACH SVHC"; Value = "Unknown"; VariantName = "[No Variations]"
Change component parameters (AddParameter): Name = "RoHSCompliant"; Value = "true"; VariantName = "[No Variations]"
Change component parameters (AddParameter): Name = "Voltage Rating"; Value = "75 V"; VariantName = "[No Variations]"
Change component parameters: Designator = "R17" ("R17"); Footprint = "FP-AC0603-IPC_B"; UniqueID = "\NSNDNNEY" ("\NSNDNNEY")
Change component parameters (AddParameter): Name = "ComponentLink1Description"; Value = "Manufacturer URL"; VariantName = "[No Variations]"
Change component parameters (AddParameter): Name = "ComponentLink1URL"; Value = "http://www.vishay.com/"; VariantName = "[No Variations]"
Change component parameters (AddParameter): Name = "ComponentLink2Description"; Value = "Datasheet"; VariantName = "[No Variations]"
Change component parameters (AddParameter): Name = "ComponentLink2URL"; Value = "https://datasheet.ciiva.com/11809/0900766b80d98afc-11809037.pdf"; VariantName = "[No Variations]"
Change component parameters (AddParameter): Name = "DatasheetVersion"; Value = "06/2012"; VariantName = "[No Variations]"
Change component parameters (AddParameter): Name = "Height"; Value = "0.45 mm"; VariantName = "[No Variations]"
Change component parameters (AddParameter): Name = "Length"; Value = "1.55 mm"; VariantName = "[No Variations]"
Change component parameters (AddParameter): Name = "Manufacturer"; Value = "Vishay"; VariantName = "[No Variations]"
Change component parameters (AddParameter): Name = "Manufacturer Part Number"; Value = "CRCW060310K0FKEA"; VariantName = "[No Variations]"
Change component parameters (AddParameter): Name = "Max Operating Temperature"; Value = "155 degC"; VariantName = "[No Variations]"
Change component parameters (AddParameter): Name = "Min Operating Temperature"; Value = "-55 degC"; VariantName = "[No Variations]"
Change component parameters (AddParameter): Name = "Mounting Technology"; Value = "Surface Mount"; VariantName = "[No Variations]"
Change component parameters (AddParameter): Name = "Package Quantity"; Value = "5000"; VariantName = "[No Variations]"
Change component parameters (AddParameter): Name = "PackageDescription"; Value = "2-Pin Surface Mount Device, Body 1.575 x 0.85 mm"; VariantName = "[No Variations]"
Change component parameters (AddParameter): Name = "PackageReference"; Value = "0603"; VariantName = "[No Variations]"
Change component parameters (AddParameter): Name = "Packaging"; Value = "Tape and Reel"; VariantName = "[No Variations]"
Change component parameters (AddParameter): Name = "REACH SVHC"; Value = "Unknown"; VariantName = "[No Variations]"
Change component parameters (AddParameter): Name = "RoHSCompliant"; Value = "true"; VariantName = "[No Variations]"
Change component parameters (AddParameter): Name = "Voltage Rating"; Value = "75 V"; VariantName = "[No Variations]"
Change component parameters: Designator = "R18" ("R18"); Footprint = "FP-AC0603-IPC_B"; UniqueID = "\CZCLAKKI" ("\CZCLAKKI")
Change component parameters (AddParameter): Name = "ComponentLink1Description"; Value = "Manufacturer URL"; VariantName = "[No Variations]"
Change component parameters (AddParameter): Name = "ComponentLink1URL"; Value = "http://www.vishay.com/"; VariantName = "[No Variations]"
Change component parameters (AddParameter): Name = "ComponentLink2Description"; Value = "Datasheet"; VariantName = "[No Variations]"
Change component parameters (AddParameter): Name = "ComponentLink2URL"; Value = "https://datasheet.ciiva.com/11809/0900766b80d98afc-11809037.pdf"; VariantName = "[No Variations]"
Change component parameters (AddParameter): Name = "DatasheetVersion"; Value = "06/2012"; VariantName = "[No Variations]"
Change component parameters (AddParameter): Name = "Height"; Value = "0.45 mm"; VariantName = "[No Variations]"
Change component parameters (AddParameter): Name = "Length"; Value = "1.55 mm"; VariantName = "[No Variations]"
Change component parameters (AddParameter): Name = "Manufacturer"; Value = "Vishay"; VariantName = "[No Variations]"
Change component parameters (AddParameter): Name = "Manufacturer Part Number"; Value = "CRCW060310K0FKEA"; VariantName = "[No Variations]"
Change component parameters (AddParameter): Name = "Max Operating Temperature"; Value = "155 degC"; VariantName = "[No Variations]"
Change component parameters (AddParameter): Name = "Min Operating Temperature"; Value = "-55 degC"; VariantName = "[No Variations]"
Change component parameters (AddParameter): Name = "Mounting Technology"; Value = "Surface Mount"; VariantName = "[No Variations]"
Change component parameters (AddParameter): Name = "Package Quantity"; Value = "5000"; VariantName = "[No Variations]"
Change component parameters (AddParameter): Name = "PackageDescription"; Value = "2-Pin Surface Mount Device, Body 1.575 x 0.85 mm"; VariantName = "[No Variations]"
Change component parameters (AddParameter): Name = "PackageReference"; Value = "0603"; VariantName = "[No Variations]"
Change component parameters (AddParameter): Name = "Packaging"; Value = "Tape and Reel"; VariantName = "[No Variations]"
Change component parameters (AddParameter): Name = "REACH SVHC"; Value = "Unknown"; VariantName = "[No Variations]"
Change component parameters (AddParameter): Name = "RoHSCompliant"; Value = "true"; VariantName = "[No Variations]"
Change component parameters (AddParameter): Name = "Voltage Rating"; Value = "75 V"; VariantName = "[No Variations]"
Change component parameters: Designator = "R19" ("R19"); Footprint = "FP-AC0603-IPC_B"; UniqueID = "\FCCSWYAH" ("\FCCSWYAH")
Change component parameters (AddParameter): Name = "ComponentLink1Description"; Value = "Manufacturer URL"; VariantName = "[No Variations]"
Change component parameters (AddParameter): Name = "ComponentLink1URL"; Value = "http://www.vishay.com/"; VariantName = "[No Variations]"
Change component parameters (AddParameter): Name = "ComponentLink2Description"; Value = "Datasheet"; VariantName = "[No Variations]"
Change component parameters (AddParameter): Name = "ComponentLink2URL"; Value = "https://datasheet.ciiva.com/11809/0900766b80d98afc-11809037.pdf"; VariantName = "[No Variations]"
Change component parameters (AddParameter): Name = "DatasheetVersion"; Value = "06/2012"; VariantName = "[No Variations]"
Change component parameters (AddParameter): Name = "Height"; Value = "0.45 mm"; VariantName = "[No Variations]"
Change component parameters (AddParameter): Name = "Length"; Value = "1.55 mm"; VariantName = "[No Variations]"
Change component parameters (AddParameter): Name = "Manufacturer"; Value = "Vishay"; VariantName = "[No Variations]"
Change component parameters (AddParameter): Name = "Manufacturer Part Number"; Value = "CRCW060310K0FKEA"; VariantName = "[No Variations]"
Change component parameters (AddParameter): Name = "Max Operating Temperature"; Value = "155 degC"; VariantName = "[No Variations]"
Change component parameters (AddParameter): Name = "Min Operating Temperature"; Value = "-55 degC"; VariantName = "[No Variations]"
Change component parameters (AddParameter): Name = "Mounting Technology"; Value = "Surface Mount"; VariantName = "[No Variations]"
Change component parameters (AddParameter): Name = "Package Quantity"; Value = "5000"; VariantName = "[No Variations]"
Change component parameters (AddParameter): Name = "PackageDescription"; Value = "2-Pin Surface Mount Device, Body 1.575 x 0.85 mm"; VariantName = "[No Variations]"
Change component parameters (AddParameter): Name = "PackageReference"; Value = "0603"; VariantName = "[No Variations]"
Change component parameters (AddParameter): Name = "Packaging"; Value = "Tape and Reel"; VariantName = "[No Variations]"
Change component parameters (AddParameter): Name = "REACH SVHC"; Value = "Unknown"; VariantName = "[No Variations]"
Change component parameters (AddParameter): Name = "RoHSCompliant"; Value = "true"; VariantName = "[No Variations]"
Change component parameters (AddParameter): Name = "Voltage Rating"; Value = "75 V"; VariantName = "[No Variations]"
Change component parameters: Designator = "R20" ("R20"); Footprint = "FP-AC0603-IPC_B"; UniqueID = "\FGFJSNBB" ("\FGFJSNBB")
Change component parameters (AddParameter): Name = "ComponentLink1Description"; Value = "Manufacturer URL"; VariantName = "[No Variations]"
Change component parameters (AddParameter): Name = "ComponentLink1URL"; Value = "http://www.vishay.com/"; VariantName = "[No Variations]"
Change component parameters (AddParameter): Name = "ComponentLink2Description"; Value = "Datasheet"; VariantName = "[No Variations]"
Change component parameters (AddParameter): Name = "ComponentLink2URL"; Value = "https://datasheet.ciiva.com/11809/0900766b80d98afc-11809037.pdf"; VariantName = "[No Variations]"
Change component parameters (AddParameter): Name = "DatasheetVersion"; Value = "06/2012"; VariantName = "[No Variations]"
Change component parameters (AddParameter): Name = "Height"; Value = "0.45 mm"; VariantName = "[No Variations]"
Change component parameters (AddParameter): Name = "Length"; Value = "1.55 mm"; VariantName = "[No Variations]"
Change component parameters (AddParameter): Name = "Manufacturer"; Value = "Vishay"; VariantName = "[No Variations]"
Change component parameters (AddParameter): Name = "Manufacturer Part Number"; Value = "CRCW060310K0FKEA"; VariantName = "[No Variations]"
Change component parameters (AddParameter): Name = "Max Operating Temperature"; Value = "155 degC"; VariantName = "[No Variations]"
Change component parameters (AddParameter): Name = "Min Operating Temperature"; Value = "-55 degC"; VariantName = "[No Variations]"
Change component parameters (AddParameter): Name = "Mounting Technology"; Value = "Surface Mount"; VariantName = "[No Variations]"
Change component parameters (AddParameter): Name = "Package Quantity"; Value = "5000"; VariantName = "[No Variations]"
Change component parameters (AddParameter): Name = "PackageDescription"; Value = "2-Pin Surface Mount Device, Body 1.575 x 0.85 mm"; VariantName = "[No Variations]"
Change component parameters (AddParameter): Name = "PackageReference"; Value = "0603"; VariantName = "[No Variations]"
Change component parameters (AddParameter): Name = "Packaging"; Value = "Tape and Reel"; VariantName = "[No Variations]"
Change component parameters (AddParameter): Name = "REACH SVHC"; Value = "Unknown"; VariantName = "[No Variations]"
Change component parameters (AddParameter): Name = "RoHSCompliant"; Value = "true"; VariantName = "[No Variations]"
Change component parameters (AddParameter): Name = "Voltage Rating"; Value = "75 V"; VariantName = "[No Variations]"
Change component parameters: Designator = "R21" ("R21"); Footprint = "FP-AC0603-IPC_B"; UniqueID = "\LYBUCXJY" ("\LYBUCXJY")
Change component parameters (AddParameter): Name = "ComponentLink1Description"; Value = "Manufacturer URL"; VariantName = "[No Variations]"
Change component parameters (AddParameter): Name = "ComponentLink1URL"; Value = "http://www.vishay.com/"; VariantName = "[No Variations]"
Change component parameters (AddParameter): Name = "ComponentLink2Description"; Value = "Datasheet"; VariantName = "[No Variations]"
Change component parameters (AddParameter): Name = "ComponentLink2URL"; Value = "https://datasheet.ciiva.com/11809/0900766b80d98afc-11809037.pdf"; VariantName = "[No Variations]"
Change component parameters (AddParameter): Name = "DatasheetVersion"; Value = "06/2012"; VariantName = "[No Variations]"
Change component parameters (AddParameter): Name = "Height"; Value = "0.45 mm"; VariantName = "[No Variations]"
Change component parameters (AddParameter): Name = "Length"; Value = "1.55 mm"; VariantName = "[No Variations]"
Change component parameters (AddParameter): Name = "Manufacturer"; Value = "Vishay"; VariantName = "[No Variations]"
Change component parameters (AddParameter): Name = "Manufacturer Part Number"; Value = "CRCW060310K0FKEA"; VariantName = "[No Variations]"
Change component parameters (AddParameter): Name = "Max Operating Temperature"; Value = "155 degC"; VariantName = "[No Variations]"
Change component parameters (AddParameter): Name = "Min Operating Temperature"; Value = "-55 degC"; VariantName = "[No Variations]"
Change component parameters (AddParameter): Name = "Mounting Technology"; Value = "Surface Mount"; VariantName = "[No Variations]"
Change component parameters (AddParameter): Name = "Package Quantity"; Value = "5000"; VariantName = "[No Variations]"
Change component parameters (AddParameter): Name = "PackageDescription"; Value = "2-Pin Surface Mount Device, Body 1.575 x 0.85 mm"; VariantName = "[No Variations]"
Change component parameters (AddParameter): Name = "PackageReference"; Value = "0603"; VariantName = "[No Variations]"
Change component parameters (AddParameter): Name = "Packaging"; Value = "Tape and Reel"; VariantName = "[No Variations]"
Change component parameters (AddParameter): Name = "REACH SVHC"; Value = "Unknown"; VariantName = "[No Variations]"
Change component parameters (AddParameter): Name = "RoHSCompliant"; Value = "true"; VariantName = "[No Variations]"
Change component parameters (AddParameter): Name = "Voltage Rating"; Value = "75 V"; VariantName = "[No Variations]"
Change component parameters: Designator = "R22" ("R22"); Footprint = "FP-AC0603-IPC_B"; UniqueID = "\FTNFGTMY" ("\FTNFGTMY")
Change component parameters (AddParameter): Name = "ComponentLink1Description"; Value = "Manufacturer URL"; VariantName = "[No Variations]"
Change component parameters (AddParameter): Name = "ComponentLink1URL"; Value = "http://www.vishay.com/"; VariantName = "[No Variations]"
Change component parameters (AddParameter): Name = "ComponentLink2Description"; Value = "Datasheet"; VariantName = "[No Variations]"
Change component parameters (AddParameter): Name = "ComponentLink2URL"; Value = "https://datasheet.ciiva.com/11809/0900766b80d98afc-11809037.pdf"; VariantName = "[No Variations]"
Change component parameters (AddParameter): Name = "DatasheetVersion"; Value = "06/2012"; VariantName = "[No Variations]"
Change component parameters (AddParameter): Name = "Height"; Value = "0.45 mm"; VariantName = "[No Variations]"
Change component parameters (AddParameter): Name = "Length"; Value = "1.55 mm"; VariantName = "[No Variations]"
Change component parameters (AddParameter): Name = "Manufacturer"; Value = "Vishay"; VariantName = "[No Variations]"
Change component parameters (AddParameter): Name = "Manufacturer Part Number"; Value = "CRCW060310K0FKEA"; VariantName = "[No Variations]"
Change component parameters (AddParameter): Name = "Max Operating Temperature"; Value = "155 degC"; VariantName = "[No Variations]"
Change component parameters (AddParameter): Name = "Min Operating Temperature"; Value = "-55 degC"; VariantName = "[No Variations]"
Change component parameters (AddParameter): Name = "Mounting Technology"; Value = "Surface Mount"; VariantName = "[No Variations]"
Change component parameters (AddParameter): Name = "Package Quantity"; Value = "5000"; VariantName = "[No Variations]"
Change component parameters (AddParameter): Name = "PackageDescription"; Value = "2-Pin Surface Mount Device, Body 1.575 x 0.85 mm"; VariantName = "[No Variations]"
Change component parameters (AddParameter): Name = "PackageReference"; Value = "0603"; VariantName = "[No Variations]"
Change component parameters (AddParameter): Name = "Packaging"; Value = "Tape and Reel"; VariantName = "[No Variations]"
Change component parameters (AddParameter): Name = "REACH SVHC"; Value = "Unknown"; VariantName = "[No Variations]"
Change component parameters (AddParameter): Name = "RoHSCompliant"; Value = "true"; VariantName = "[No Variations]"
Change component parameters (AddParameter): Name = "Voltage Rating"; Value = "75 V"; VariantName = "[No Variations]"
Change component parameters: Designator = "R23" ("R23"); Footprint = "FP-AC0603-IPC_B"; UniqueID = "\GNCJWGOG" ("\GNCJWGOG")
Change component parameters (AddParameter): Name = "ComponentLink1Description"; Value = "Manufacturer URL"; VariantName = "[No Variations]"
Change component parameters (AddParameter): Name = "ComponentLink1URL"; Value = "http://www.vishay.com/"; VariantName = "[No Variations]"
Change component parameters (AddParameter): Name = "ComponentLink2Description"; Value = "Datasheet"; VariantName = "[No Variations]"
Change component parameters (AddParameter): Name = "ComponentLink2URL"; Value = "https://datasheet.ciiva.com/11809/0900766b80d98afc-11809037.pdf"; VariantName = "[No Variations]"
Change component parameters (AddParameter): Name = "DatasheetVersion"; Value = "06/2012"; VariantName = "[No Variations]"
Change component parameters (AddParameter): Name = "Height"; Value = "0.45 mm"; VariantName = "[No Variations]"
Change component parameters (AddParameter): Name = "Length"; Value = "1.55 mm"; VariantName = "[No Variations]"
Change component parameters (AddParameter): Name = "Manufacturer"; Value = "Vishay"; VariantName = "[No Variations]"
Change component parameters (AddParameter): Name = "Manufacturer Part Number"; Value = "CRCW060310K0FKEA"; VariantName = "[No Variations]"
Change component parameters (AddParameter): Name = "Max Operating Temperature"; Value = "155 degC"; VariantName = "[No Variations]"
Change component parameters (AddParameter): Name = "Min Operating Temperature"; Value = "-55 degC"; VariantName = "[No Variations]"
Change component parameters (AddParameter): Name = "Mounting Technology"; Value = "Surface Mount"; VariantName = "[No Variations]"
Change component parameters (AddParameter): Name = "Package Quantity"; Value = "5000"; VariantName = "[No Variations]"
Change component parameters (AddParameter): Name = "PackageDescription"; Value = "2-Pin Surface Mount Device, Body 1.575 x 0.85 mm"; VariantName = "[No Variations]"
Change component parameters (AddParameter): Name = "PackageReference"; Value = "0603"; VariantName = "[No Variations]"
Change component parameters (AddParameter): Name = "Packaging"; Value = "Tape and Reel"; VariantName = "[No Variations]"
Change component parameters (AddParameter): Name = "REACH SVHC"; Value = "Unknown"; VariantName = "[No Variations]"
Change component parameters (AddParameter): Name = "RoHSCompliant"; Value = "true"; VariantName = "[No Variations]"
Change component parameters (AddParameter): Name = "Voltage Rating"; Value = "75 V"; VariantName = "[No Variations]"
Added Pin To Net: NetName=NetC50_1 Pin=R11-1
Added Pin To Net: NetName=NetC50_1 Pin=R12-1
Added Pin To Net: NetName=NetR13_1 Pin=R15-1
Added Pin To Net: NetName=NetR13_1 Pin=R16-2
Added Pin To Net: NetName=NetC50_1 Pin=R23-1
Added Pin To Net: NetName=NetR13_1 Pin=U2-35
Added Pin To Net: NetName=NetC50_1 Pin=U2-37
Added Pin To Net: NetName=NetC50_1 Pin=U2-38
Added Pin To Net: NetName=NetC50_1 Pin=U2-42
