Removed Pin From Net: NetName=+5VA Pin=C9-1
Removed Pin From Net: NetName=GND Pin=C9-2
Removed Pin From Net: NetName=NetC10_2 Pin=C12-1
Removed Pin From Net: NetName=GND Pin=C12-2
Removed Pin From Net: NetName=+5VA Pin=C14-1
Removed Pin From Net: NetName=GND Pin=C14-2
Removed Pin From Net: NetName=GND Pin=C15-2
Removed Pin From Net: NetName=+5VA Pin=C17-1
Removed Pin From Net: NetName=GND Pin=C17-2
Removed Pin From Net: NetName=NetC19_2 Pin=C21-1
Removed Pin From Net: NetName=GND Pin=C21-2
Removed Pin From Net: NetName=NetC24_1 Pin=C24-1
Removed Pin From Net: NetName=GND Pin=C24-2
Removed Pin From Net: NetName=GND Pin=C26-2
Removed Pin From Net: NetName=GND Pin=C27-2
Removed Pin From Net: NetName=+5VA Pin=C29-1
Removed Pin From Net: NetName=GND Pin=C29-2
Removed Pin From Net: NetName=+5VA Pin=C31-1
Removed Pin From Net: NetName=GND Pin=C31-2
Removed Pin From Net: NetName=+5VA Pin=C33-1
Removed Pin From Net: NetName=GND Pin=C33-2
Removed Pin From Net: NetName=+5VA Pin=C35-1
Removed Pin From Net: NetName=GND Pin=C35-2
Removed Pin From Net: NetName=+5VA Pin=C37-1
Removed Pin From Net: NetName=GND Pin=C37-2
Removed Pin From Net: NetName=+5VA Pin=C39-1
Removed Pin From Net: NetName=GND Pin=C39-2
Removed Pin From Net: NetName=NetC40_2 Pin=C41-1
Removed Pin From Net: NetName=GND Pin=C41-2
Removed Pin From Net: NetName=NetC42_2 Pin=C43-1
Removed Pin From Net: NetName=GND Pin=C43-2
Removed Pin From Net: NetName=NetC44_2 Pin=C45-1
Removed Pin From Net: NetName=GND Pin=C45-2
Removed Pin From Net: NetName=NetC46_2 Pin=C47-1
Removed Pin From Net: NetName=GND Pin=C47-2
Removed Pin From Net: NetName=NetC48_2 Pin=C49-1
Removed Pin From Net: NetName=GND Pin=C49-2
Removed Pin From Net: NetName=NetC50_2 Pin=C51-1
Removed Pin From Net: NetName=GND Pin=C51-2
Removed Pin From Net: NetName=NetC23_2 Pin=R8-1
Removed Pin From Net: NetName=NetC23_1 Pin=R9-1
Removed Pin From Net: NetName=NetC23_1 Pin=U5-2
Removed Pin From Net: NetName=NetC23_2 Pin=U5-6
Change Component DesignItemId : Designator=C9 Old DesignItemId=CMP-2006-02792-2 New DesignItemId=CMP-2006-03713-1
Change Component DesignItemId : Designator=C12 Old DesignItemId=CMP-2006-02792-2 New DesignItemId=CMP-2006-03713-1
Change Component DesignItemId : Designator=C14 Old DesignItemId=CMP-2006-02792-2 New DesignItemId=CMP-2006-03713-1
Change Component DesignItemId : Designator=C15 Old DesignItemId=CMP-2006-02792-2 New DesignItemId=CMP-2006-03713-1
Change Component DesignItemId : Designator=C17 Old DesignItemId=CMP-2006-02792-2 New DesignItemId=CMP-2006-03713-1
Change Component DesignItemId : Designator=C21 Old DesignItemId=CMP-2006-02792-2 New DesignItemId=CMP-2006-03713-1
Change Component DesignItemId : Designator=C23 Old DesignItemId=CMP-2006-02792-2 New DesignItemId=CMP-2006-03713-1
Change Component DesignItemId : Designator=C24 Old DesignItemId=CMP-2006-02792-2 New DesignItemId=CMP-2006-03713-1
Change Component DesignItemId : Designator=C26 Old DesignItemId=CMP-2006-02792-2 New DesignItemId=CMP-2006-03713-1
Change Component DesignItemId : Designator=C27 Old DesignItemId=CMP-2006-02792-2 New DesignItemId=CMP-2006-03713-1
Change Component DesignItemId : Designator=C29 Old DesignItemId=CMP-2006-02792-2 New DesignItemId=CMP-2006-03713-1
Change Component DesignItemId : Designator=C31 Old DesignItemId=CMP-2006-02792-2 New DesignItemId=CMP-2006-03713-1
Change Component DesignItemId : Designator=C33 Old DesignItemId=CMP-2006-02792-2 New DesignItemId=CMP-2006-03713-1
Change Component DesignItemId : Designator=C35 Old DesignItemId=CMP-2006-02792-2 New DesignItemId=CMP-2006-03713-1
Change Component DesignItemId : Designator=C37 Old DesignItemId=CMP-2006-02792-2 New DesignItemId=CMP-2006-03713-1
Change Component DesignItemId : Designator=C39 Old DesignItemId=CMP-2006-02792-2 New DesignItemId=CMP-2006-03713-1
Change Component DesignItemId : Designator=C41 Old DesignItemId=CMP-2006-02792-2 New DesignItemId=CMP-2006-03713-1
Change Component DesignItemId : Designator=C43 Old DesignItemId=CMP-2006-02792-2 New DesignItemId=CMP-2006-03713-1
Change Component DesignItemId : Designator=C45 Old DesignItemId=CMP-2006-02792-2 New DesignItemId=CMP-2006-03713-1
Change Component DesignItemId : Designator=C47 Old DesignItemId=CMP-2006-02792-2 New DesignItemId=CMP-2006-03713-1
Change Component DesignItemId : Designator=C49 Old DesignItemId=CMP-2006-02792-2 New DesignItemId=CMP-2006-03713-1
Change Component DesignItemId : Designator=C51 Old DesignItemId=CMP-2006-02792-2 New DesignItemId=CMP-2006-03713-1
Change Component Footprint: Designator=C1 Old Footprint=FP-GRM188-0_1-e0_2_0_55-IPC_C New Footprint=CAP_0603_S_WAL
Change Component Footprint: Designator=C2 Old Footprint=FP-GRM188-0_1-e0_2_0_55-IPC_C New Footprint=CAP_0603_S_WAL
Change Component Footprint: Designator=C3 Old Footprint=FP-GRM188-0_1-e0_2_0_55-IPC_C New Footprint=CAP_0603_S_WAL
Change Component Footprint: Designator=C4 Old Footprint=FP-GRM188-0_1-e0_2_0_55-IPC_C New Footprint=CAP_0603_S_WAL
Change Component Footprint: Designator=C5 Old Footprint=FP-GRM188-0_1-e0_2_0_55-IPC_C New Footprint=CAP_0603_S_WAL
Change Component Footprint: Designator=C6 Old Footprint=FP-GRM188-0_1-e0_2_0_55-IPC_C New Footprint=CAP_0603_S_WAL
Change Component Footprint: Designator=C7 Old Footprint=FP-GRM188-0_1-e0_2_0_55-IPC_C New Footprint=CAP_0603_S_WAL
Change Component Footprint: Designator=C8 Old Footprint=FP-GRM188-0_1-e0_2_0_55-IPC_C New Footprint=CAP_0603_S_WAL
Change Component Footprint: Designator=C9 Old Footprint=FP-GRM188-0_1-e0_2_0_55-IPC_C New Footprint=CAP_0603_S_WAL
Change Component Footprint: Designator=C10 Old Footprint=FP-GRM188-0_1-e0_2_0_55-IPC_C New Footprint=CAP_0603_S_WAL
Change Component Footprint: Designator=C11 Old Footprint=FP-GRM188-0_1-e0_2_0_55-IPC_C New Footprint=CAP_0603_S_WAL
Change Component Footprint: Designator=C12 Old Footprint=FP-GRM188-0_1-e0_2_0_55-IPC_C New Footprint=CAP_0603_S_WAL
Change Component Footprint: Designator=C13 Old Footprint=FP-GRM188-0_1-e0_2_0_55-IPC_C New Footprint=CAP_0603_S_WAL
Change Component Footprint: Designator=C14 Old Footprint=FP-GRM188-0_1-e0_2_0_55-IPC_C New Footprint=CAP_0603_S_WAL
Change Component Footprint: Designator=C15 Old Footprint=FP-GRM188-0_1-e0_2_0_55-IPC_C New Footprint=CAP_0603_S_WAL
Change Component Footprint: Designator=C16 Old Footprint=FP-GRM188-0_1-e0_2_0_55-IPC_C New Footprint=CAP_0603_S_WAL
Change Component Footprint: Designator=C17 Old Footprint=FP-GRM188-0_1-e0_2_0_55-IPC_C New Footprint=CAP_0603_S_WAL
Change Component Footprint: Designator=C21 Old Footprint=FP-GRM188-0_1-e0_2_0_55-IPC_C New Footprint=CAP_0603_S_WAL
Change Component Footprint: Designator=C23 Old Footprint=FP-GRM188-0_1-e0_2_0_55-IPC_C New Footprint=CAP_0603_S_WAL
Change Component Footprint: Designator=C24 Old Footprint=FP-GRM188-0_1-e0_2_0_55-IPC_C New Footprint=CAP_0603_S_WAL
Change Component Footprint: Designator=C25 Old Footprint=FP-GRM188-0_1-e0_2_0_55-IPC_C New Footprint=CAP_0603_S_WAL
Change Component Footprint: Designator=C26 Old Footprint=FP-GRM188-0_1-e0_2_0_55-IPC_C New Footprint=CAP_0603_S_WAL
Change Component Footprint: Designator=C27 Old Footprint=FP-GRM188-0_1-e0_2_0_55-IPC_C New Footprint=CAP_0603_S_WAL
Change Component Footprint: Designator=C28 Old Footprint=FP-GRM188-0_1-e0_2_0_55-IPC_C New Footprint=CAP_0603_S_WAL
Change Component Footprint: Designator=C29 Old Footprint=FP-GRM188-0_1-e0_2_0_55-IPC_C New Footprint=CAP_0603_S_WAL
Change Component Footprint: Designator=C31 Old Footprint=FP-GRM188-0_1-e0_2_0_55-IPC_C New Footprint=CAP_0603_S_WAL
Change Component Footprint: Designator=C33 Old Footprint=FP-GRM188-0_1-e0_2_0_55-IPC_C New Footprint=CAP_0603_S_WAL
Change Component Footprint: Designator=C34 Old Footprint=FP-GRM188-0_1-e0_2_0_55-IPC_C New Footprint=CAP_0603_S_WAL
Change Component Footprint: Designator=C35 Old Footprint=FP-GRM188-0_1-e0_2_0_55-IPC_C New Footprint=CAP_0603_S_WAL
Change Component Footprint: Designator=C36 Old Footprint=FP-GRM188-0_1-e0_2_0_55-IPC_C New Footprint=CAP_0603_S_WAL
Change Component Footprint: Designator=C37 Old Footprint=FP-GRM188-0_1-e0_2_0_55-IPC_C New Footprint=CAP_0603_S_WAL
Change Component Footprint: Designator=C38 Old Footprint=FP-GRM188-0_1-e0_2_0_55-IPC_C New Footprint=CAP_0603_S_WAL
Change Component Footprint: Designator=C39 Old Footprint=FP-GRM188-0_1-e0_2_0_55-IPC_C New Footprint=CAP_0603_S_WAL
Change Component Footprint: Designator=C40 Old Footprint=FP-GRM188-0_1-e0_2_0_55-IPC_C New Footprint=CAP_0603_S_WAL
Change Component Footprint: Designator=C41 Old Footprint=FP-GRM188-0_1-e0_2_0_55-IPC_C New Footprint=CAP_0603_S_WAL
Change Component Footprint: Designator=C42 Old Footprint=FP-GRM188-0_1-e0_2_0_55-IPC_C New Footprint=CAP_0603_S_WAL
Change Component Footprint: Designator=C43 Old Footprint=FP-GRM188-0_1-e0_2_0_55-IPC_C New Footprint=CAP_0603_S_WAL
Change Component Footprint: Designator=C44 Old Footprint=FP-GRM188-0_1-e0_2_0_55-IPC_C New Footprint=CAP_0603_S_WAL
Change Component Footprint: Designator=C45 Old Footprint=FP-GRM188-0_1-e0_2_0_55-IPC_C New Footprint=CAP_0603_S_WAL
Change Component Footprint: Designator=C46 Old Footprint=FP-GRM188-0_1-e0_2_0_55-IPC_C New Footprint=CAP_0603_S_WAL
Change Component Footprint: Designator=C47 Old Footprint=FP-GRM188-0_1-e0_2_0_55-IPC_C New Footprint=CAP_0603_S_WAL
Change Component Footprint: Designator=C48 Old Footprint=FP-GRM188-0_1-e0_2_0_55-IPC_C New Footprint=CAP_0603_S_WAL
Change Component Footprint: Designator=C49 Old Footprint=FP-GRM188-0_1-e0_2_0_55-IPC_C New Footprint=CAP_0603_S_WAL
Change Component Footprint: Designator=C50 Old Footprint=FP-GRM188-0_1-e0_2_0_55-IPC_C New Footprint=CAP_0603_S_WAL
Change Component Footprint: Designator=C51 Old Footprint=FP-GRM188-0_1-e0_2_0_55-IPC_C New Footprint=CAP_0603_S_WAL
Change Component Description : Designator=C9 Old Description=Chip Multilayer Ceramic Capacitors for General Purpose, 0603 New Description=
Change Component Description : Designator=C12 Old Description=Chip Multilayer Ceramic Capacitors for General Purpose, 0603 New Description=
Change Component Description : Designator=C14 Old Description=Chip Multilayer Ceramic Capacitors for General Purpose, 0603 New Description=
Change Component Description : Designator=C15 Old Description=Chip Multilayer Ceramic Capacitors for General Purpose, 0603 New Description=
Change Component Description : Designator=C17 Old Description=Chip Multilayer Ceramic Capacitors for General Purpose, 0603 New Description=
Change Component Description : Designator=C21 Old Description=Chip Multilayer Ceramic Capacitors for General Purpose, 0603 New Description=
Change Component Description : Designator=C23 Old Description=Chip Multilayer Ceramic Capacitors for General Purpose, 0603 New Description=
Change Component Description : Designator=C24 Old Description=Chip Multilayer Ceramic Capacitors for General Purpose, 0603 New Description=
Change Component Description : Designator=C26 Old Description=Chip Multilayer Ceramic Capacitors for General Purpose, 0603 New Description=
Change Component Description : Designator=C27 Old Description=Chip Multilayer Ceramic Capacitors for General Purpose, 0603 New Description=
Change Component Description : Designator=C29 Old Description=Chip Multilayer Ceramic Capacitors for General Purpose, 0603 New Description=
Change Component Description : Designator=C31 Old Description=Chip Multilayer Ceramic Capacitors for General Purpose, 0603 New Description=
Change Component Description : Designator=C33 Old Description=Chip Multilayer Ceramic Capacitors for General Purpose, 0603 New Description=
Change Component Description : Designator=C35 Old Description=Chip Multilayer Ceramic Capacitors for General Purpose, 0603 New Description=
Change Component Description : Designator=C37 Old Description=Chip Multilayer Ceramic Capacitors for General Purpose, 0603 New Description=
Change Component Description : Designator=C39 Old Description=Chip Multilayer Ceramic Capacitors for General Purpose, 0603 New Description=
Change Component Description : Designator=C41 Old Description=Chip Multilayer Ceramic Capacitors for General Purpose, 0603 New Description=
Change Component Description : Designator=C43 Old Description=Chip Multilayer Ceramic Capacitors for General Purpose, 0603 New Description=
Change Component Description : Designator=C45 Old Description=Chip Multilayer Ceramic Capacitors for General Purpose, 0603 New Description=
Change Component Description : Designator=C47 Old Description=Chip Multilayer Ceramic Capacitors for General Purpose, 0603 New Description=
Change Component Description : Designator=C49 Old Description=Chip Multilayer Ceramic Capacitors for General Purpose, 0603 New Description=
Change Component Description : Designator=C51 Old Description=Chip Multilayer Ceramic Capacitors for General Purpose, 0603 New Description=
Change Component Library : Designator=C9 Old Library=Altium Content Vault New Library=ifog-pcb-analogModule_3.SCHLIB
Change Component Library : Designator=C12 Old Library=Altium Content Vault New Library=ifog-pcb-analogModule_3.SCHLIB
Change Component Library : Designator=C14 Old Library=Altium Content Vault New Library=ifog-pcb-analogModule_3.SCHLIB
Change Component Library : Designator=C15 Old Library=Altium Content Vault New Library=ifog-pcb-analogModule_3.SCHLIB
Change Component Library : Designator=C17 Old Library=Altium Content Vault New Library=ifog-pcb-analogModule_3.SCHLIB
Change Component Library : Designator=C21 Old Library=Altium Content Vault New Library=ifog-pcb-analogModule_3.SCHLIB
Change Component Library : Designator=C23 Old Library=Altium Content Vault New Library=ifog-pcb-analogModule_3.SCHLIB
Change Component Library : Designator=C24 Old Library=Altium Content Vault New Library=ifog-pcb-analogModule_3.SCHLIB
Change Component Library : Designator=C26 Old Library=Altium Content Vault New Library=ifog-pcb-analogModule_3.SCHLIB
Change Component Library : Designator=C27 Old Library=Altium Content Vault New Library=ifog-pcb-analogModule_3.SCHLIB
Change Component Library : Designator=C29 Old Library=Altium Content Vault New Library=ifog-pcb-analogModule_3.SCHLIB
Change Component Library : Designator=C31 Old Library=Altium Content Vault New Library=ifog-pcb-analogModule_3.SCHLIB
Change Component Library : Designator=C33 Old Library=Altium Content Vault New Library=ifog-pcb-analogModule_3.SCHLIB
Change Component Library : Designator=C35 Old Library=Altium Content Vault New Library=ifog-pcb-analogModule_3.SCHLIB
Change Component Library : Designator=C37 Old Library=Altium Content Vault New Library=ifog-pcb-analogModule_3.SCHLIB
Change Component Library : Designator=C39 Old Library=Altium Content Vault New Library=ifog-pcb-analogModule_3.SCHLIB
Change Component Library : Designator=C41 Old Library=Altium Content Vault New Library=ifog-pcb-analogModule_3.SCHLIB
Change Component Library : Designator=C43 Old Library=Altium Content Vault New Library=ifog-pcb-analogModule_3.SCHLIB
Change Component Library : Designator=C45 Old Library=Altium Content Vault New Library=ifog-pcb-analogModule_3.SCHLIB
Change Component Library : Designator=C47 Old Library=Altium Content Vault New Library=ifog-pcb-analogModule_3.SCHLIB
Change Component Library : Designator=C49 Old Library=Altium Content Vault New Library=ifog-pcb-analogModule_3.SCHLIB
Change Component Library : Designator=C51 Old Library=Altium Content Vault New Library=ifog-pcb-analogModule_3.SCHLIB
Change Managed Component Library Link : Designator=C9 Old VaultGUID= New VaultGUID= Old ItemGUID=3F1FDB09-9931-43B7-B80F-88673FF926CD New ItemGUID= Old RevisionGUID=937773BC-2271-489F-837A-E58975DBF117 New RevisionGUID=
Change Managed Component Library Link : Designator=C12 Old VaultGUID= New VaultGUID= Old ItemGUID=3F1FDB09-9931-43B7-B80F-88673FF926CD New ItemGUID= Old RevisionGUID=937773BC-2271-489F-837A-E58975DBF117 New RevisionGUID=
Change Managed Component Library Link : Designator=C14 Old VaultGUID= New VaultGUID= Old ItemGUID=3F1FDB09-9931-43B7-B80F-88673FF926CD New ItemGUID= Old RevisionGUID=937773BC-2271-489F-837A-E58975DBF117 New RevisionGUID=
Change Managed Component Library Link : Designator=C15 Old VaultGUID= New VaultGUID= Old ItemGUID=3F1FDB09-9931-43B7-B80F-88673FF926CD New ItemGUID= Old RevisionGUID=937773BC-2271-489F-837A-E58975DBF117 New RevisionGUID=
Change Managed Component Library Link : Designator=C17 Old VaultGUID= New VaultGUID= Old ItemGUID=3F1FDB09-9931-43B7-B80F-88673FF926CD New ItemGUID= Old RevisionGUID=937773BC-2271-489F-837A-E58975DBF117 New RevisionGUID=
Change Managed Component Library Link : Designator=C21 Old VaultGUID= New VaultGUID= Old ItemGUID=3F1FDB09-9931-43B7-B80F-88673FF926CD New ItemGUID= Old RevisionGUID=937773BC-2271-489F-837A-E58975DBF117 New RevisionGUID=
Change Managed Component Library Link : Designator=C23 Old VaultGUID= New VaultGUID= Old ItemGUID=3F1FDB09-9931-43B7-B80F-88673FF926CD New ItemGUID= Old RevisionGUID=937773BC-2271-489F-837A-E58975DBF117 New RevisionGUID=
Change Managed Component Library Link : Designator=C24 Old VaultGUID= New VaultGUID= Old ItemGUID=3F1FDB09-9931-43B7-B80F-88673FF926CD New ItemGUID= Old RevisionGUID=937773BC-2271-489F-837A-E58975DBF117 New RevisionGUID=
Change Managed Component Library Link : Designator=C26 Old VaultGUID= New VaultGUID= Old ItemGUID=3F1FDB09-9931-43B7-B80F-88673FF926CD New ItemGUID= Old RevisionGUID=937773BC-2271-489F-837A-E58975DBF117 New RevisionGUID=
Change Managed Component Library Link : Designator=C27 Old VaultGUID= New VaultGUID= Old ItemGUID=3F1FDB09-9931-43B7-B80F-88673FF926CD New ItemGUID= Old RevisionGUID=937773BC-2271-489F-837A-E58975DBF117 New RevisionGUID=
Change Managed Component Library Link : Designator=C29 Old VaultGUID= New VaultGUID= Old ItemGUID=3F1FDB09-9931-43B7-B80F-88673FF926CD New ItemGUID= Old RevisionGUID=937773BC-2271-489F-837A-E58975DBF117 New RevisionGUID=
Change Managed Component Library Link : Designator=C31 Old VaultGUID= New VaultGUID= Old ItemGUID=3F1FDB09-9931-43B7-B80F-88673FF926CD New ItemGUID= Old RevisionGUID=937773BC-2271-489F-837A-E58975DBF117 New RevisionGUID=
Change Managed Component Library Link : Designator=C33 Old VaultGUID= New VaultGUID= Old ItemGUID=3F1FDB09-9931-43B7-B80F-88673FF926CD New ItemGUID= Old RevisionGUID=937773BC-2271-489F-837A-E58975DBF117 New RevisionGUID=
Change Managed Component Library Link : Designator=C35 Old VaultGUID= New VaultGUID= Old ItemGUID=3F1FDB09-9931-43B7-B80F-88673FF926CD New ItemGUID= Old RevisionGUID=937773BC-2271-489F-837A-E58975DBF117 New RevisionGUID=
Change Managed Component Library Link : Designator=C37 Old VaultGUID= New VaultGUID= Old ItemGUID=3F1FDB09-9931-43B7-B80F-88673FF926CD New ItemGUID= Old RevisionGUID=937773BC-2271-489F-837A-E58975DBF117 New RevisionGUID=
Change Managed Component Library Link : Designator=C39 Old VaultGUID= New VaultGUID= Old ItemGUID=3F1FDB09-9931-43B7-B80F-88673FF926CD New ItemGUID= Old RevisionGUID=937773BC-2271-489F-837A-E58975DBF117 New RevisionGUID=
Change Managed Component Library Link : Designator=C41 Old VaultGUID= New VaultGUID= Old ItemGUID=3F1FDB09-9931-43B7-B80F-88673FF926CD New ItemGUID= Old RevisionGUID=937773BC-2271-489F-837A-E58975DBF117 New RevisionGUID=
Change Managed Component Library Link : Designator=C43 Old VaultGUID= New VaultGUID= Old ItemGUID=3F1FDB09-9931-43B7-B80F-88673FF926CD New ItemGUID= Old RevisionGUID=937773BC-2271-489F-837A-E58975DBF117 New RevisionGUID=
Change Managed Component Library Link : Designator=C45 Old VaultGUID= New VaultGUID= Old ItemGUID=3F1FDB09-9931-43B7-B80F-88673FF926CD New ItemGUID= Old RevisionGUID=937773BC-2271-489F-837A-E58975DBF117 New RevisionGUID=
Change Managed Component Library Link : Designator=C47 Old VaultGUID= New VaultGUID= Old ItemGUID=3F1FDB09-9931-43B7-B80F-88673FF926CD New ItemGUID= Old RevisionGUID=937773BC-2271-489F-837A-E58975DBF117 New RevisionGUID=
Change Managed Component Library Link : Designator=C49 Old VaultGUID= New VaultGUID= Old ItemGUID=3F1FDB09-9931-43B7-B80F-88673FF926CD New ItemGUID= Old RevisionGUID=937773BC-2271-489F-837A-E58975DBF117 New RevisionGUID=
Change Managed Component Library Link : Designator=C51 Old VaultGUID= New VaultGUID= Old ItemGUID=3F1FDB09-9931-43B7-B80F-88673FF926CD New ItemGUID= Old RevisionGUID=937773BC-2271-489F-837A-E58975DBF117 New RevisionGUID=
Change component parameters: Designator = "C9" ("C9"); Footprint = "FP-GRM188-0_1-e0_2_0_55-IPC_C"; UniqueID = "\CHHHJUFO" ("\CHHHJUFO")
Change component parameters (AddParameter): Name = "Manufacturer"; Value = "KEMET"; VariantName = "[No Variations]"
Change component parameters (AddParameter): Name = "Manufacturer Part Number"; Value = "C0603C105K3RACTU"; VariantName = "[No Variations]"
Change component parameters (AddParameter): Name = "Part Number"; Value = "C0603C105K3RACTU"; VariantName = "[No Variations]"
Change component parameters: Designator = "C12" ("C12"); Footprint = "FP-GRM188-0_1-e0_2_0_55-IPC_C"; UniqueID = "\ZLNARPYA" ("\ZLNARPYA")
Change component parameters (AddParameter): Name = "Manufacturer"; Value = "KEMET"; VariantName = "[No Variations]"
Change component parameters (AddParameter): Name = "Manufacturer Part Number"; Value = "C0603C105K3RACTU"; VariantName = "[No Variations]"
Change component parameters (AddParameter): Name = "Part Number"; Value = "C0603C105K3RACTU"; VariantName = "[No Variations]"
Change component parameters: Designator = "C14" ("C14"); Footprint = "FP-GRM188-0_1-e0_2_0_55-IPC_C"; UniqueID = "\FMCQHNCD" ("\FMCQHNCD")
Change component parameters (AddParameter): Name = "Manufacturer"; Value = "KEMET"; VariantName = "[No Variations]"
Change component parameters (AddParameter): Name = "Manufacturer Part Number"; Value = "C0603C105K3RACTU"; VariantName = "[No Variations]"
Change component parameters (AddParameter): Name = "Part Number"; Value = "C0603C105K3RACTU"; VariantName = "[No Variations]"
Change component parameters: Designator = "C15" ("C15"); Footprint = "FP-GRM188-0_1-e0_2_0_55-IPC_C"; UniqueID = "\UGEGASFJ" ("\UGEGASFJ")
Change component parameters (AddParameter): Name = "Manufacturer"; Value = "KEMET"; VariantName = "[No Variations]"
Change component parameters (AddParameter): Name = "Manufacturer Part Number"; Value = "C0603C105K3RACTU"; VariantName = "[No Variations]"
Change component parameters (AddParameter): Name = "Part Number"; Value = "C0603C105K3RACTU"; VariantName = "[No Variations]"
Change component parameters: Designator = "C17" ("C17"); Footprint = "FP-GRM188-0_1-e0_2_0_55-IPC_C"; UniqueID = "\IHAEWSJJ" ("\IHAEWSJJ")
Change component parameters (AddParameter): Name = "Manufacturer"; Value = "KEMET"; VariantName = "[No Variations]"
Change component parameters (AddParameter): Name = "Manufacturer Part Number"; Value = "C0603C105K3RACTU"; VariantName = "[No Variations]"
Change component parameters (AddParameter): Name = "Part Number"; Value = "C0603C105K3RACTU"; VariantName = "[No Variations]"
Change component parameters: Designator = "C21" ("C21"); Footprint = "FP-GRM188-0_1-e0_2_0_55-IPC_C"; UniqueID = "\TODFTXIM" ("\TODFTXIM")
Change component parameters (AddParameter): Name = "Manufacturer"; Value = "KEMET"; VariantName = "[No Variations]"
Change component parameters (AddParameter): Name = "Manufacturer Part Number"; Value = "C0603C105K3RACTU"; VariantName = "[No Variations]"
Change component parameters (AddParameter): Name = "Part Number"; Value = "C0603C105K3RACTU"; VariantName = "[No Variations]"
Change component parameters: Designator = "C23" ("C23"); Footprint = "FP-GRM188-0_1-e0_2_0_55-IPC_C"; UniqueID = "\CSAWUISV" ("\CSAWUISV")
Change component parameters (AddParameter): Name = "Manufacturer"; Value = "KEMET"; VariantName = "[No Variations]"
Change component parameters (AddParameter): Name = "Manufacturer Part Number"; Value = "C0603C105K3RACTU"; VariantName = "[No Variations]"
Change component parameters (AddParameter): Name = "Part Number"; Value = "C0603C105K3RACTU"; VariantName = "[No Variations]"
Change component parameters: Designator = "C24" ("C24"); Footprint = "FP-GRM188-0_1-e0_2_0_55-IPC_C"; UniqueID = "\ZLOJFYUB" ("\ZLOJFYUB")
Change component parameters (AddParameter): Name = "Manufacturer"; Value = "KEMET"; VariantName = "[No Variations]"
Change component parameters (AddParameter): Name = "Manufacturer Part Number"; Value = "C0603C105K3RACTU"; VariantName = "[No Variations]"
Change component parameters (AddParameter): Name = "Part Number"; Value = "C0603C105K3RACTU"; VariantName = "[No Variations]"
Change component parameters: Designator = "C26" ("C26"); Footprint = "FP-GRM188-0_1-e0_2_0_55-IPC_C"; UniqueID = "\WIZSKPOH" ("\WIZSKPOH")
Change component parameters (AddParameter): Name = "Manufacturer"; Value = "KEMET"; VariantName = "[No Variations]"
Change component parameters (AddParameter): Name = "Manufacturer Part Number"; Value = "C0603C105K3RACTU"; VariantName = "[No Variations]"
Change component parameters (AddParameter): Name = "Part Number"; Value = "C0603C105K3RACTU"; VariantName = "[No Variations]"
Change component parameters: Designator = "C27" ("C27"); Footprint = "FP-GRM188-0_1-e0_2_0_55-IPC_C"; UniqueID = "\ZRVSQOQL" ("\ZRVSQOQL")
Change component parameters (AddParameter): Name = "Manufacturer"; Value = "KEMET"; VariantName = "[No Variations]"
Change component parameters (AddParameter): Name = "Manufacturer Part Number"; Value = "C0603C105K3RACTU"; VariantName = "[No Variations]"
Change component parameters (AddParameter): Name = "Part Number"; Value = "C0603C105K3RACTU"; VariantName = "[No Variations]"
Change component parameters: Designator = "C29" ("C29"); Footprint = "FP-GRM188-0_1-e0_2_0_55-IPC_C"; UniqueID = "\FRUTOULT" ("\FRUTOULT")
Change component parameters (AddParameter): Name = "Manufacturer"; Value = "KEMET"; VariantName = "[No Variations]"
Change component parameters (AddParameter): Name = "Manufacturer Part Number"; Value = "C0603C105K3RACTU"; VariantName = "[No Variations]"
Change component parameters (AddParameter): Name = "Part Number"; Value = "C0603C105K3RACTU"; VariantName = "[No Variations]"
Change component parameters: Designator = "C31" ("C31"); Footprint = "FP-GRM188-0_1-e0_2_0_55-IPC_C"; UniqueID = "\TCKIIFVF" ("\TCKIIFVF")
Change component parameters (AddParameter): Name = "Manufacturer"; Value = "KEMET"; VariantName = "[No Variations]"
Change component parameters (AddParameter): Name = "Manufacturer Part Number"; Value = "C0603C105K3RACTU"; VariantName = "[No Variations]"
Change component parameters (AddParameter): Name = "Part Number"; Value = "C0603C105K3RACTU"; VariantName = "[No Variations]"
Change component parameters: Designator = "C33" ("C33"); Footprint = "FP-GRM188-0_1-e0_2_0_55-IPC_C"; UniqueID = "\PVQAJESC" ("\PVQAJESC")
Change component parameters (AddParameter): Name = "Manufacturer"; Value = "KEMET"; VariantName = "[No Variations]"
Change component parameters (AddParameter): Name = "Manufacturer Part Number"; Value = "C0603C105K3RACTU"; VariantName = "[No Variations]"
Change component parameters (AddParameter): Name = "Part Number"; Value = "C0603C105K3RACTU"; VariantName = "[No Variations]"
Change component parameters: Designator = "C35" ("C35"); Footprint = "FP-GRM188-0_1-e0_2_0_55-IPC_C"; UniqueID = "\MVFIRCQQ" ("\MVFIRCQQ")
Change component parameters (AddParameter): Name = "Manufacturer"; Value = "KEMET"; VariantName = "[No Variations]"
Change component parameters (AddParameter): Name = "Manufacturer Part Number"; Value = "C0603C105K3RACTU"; VariantName = "[No Variations]"
Change component parameters (AddParameter): Name = "Part Number"; Value = "C0603C105K3RACTU"; VariantName = "[No Variations]"
Change component parameters: Designator = "C37" ("C37"); Footprint = "FP-GRM188-0_1-e0_2_0_55-IPC_C"; UniqueID = "\FVPRRHHR" ("\FVPRRHHR")
Change component parameters (AddParameter): Name = "Manufacturer"; Value = "KEMET"; VariantName = "[No Variations]"
Change component parameters (AddParameter): Name = "Manufacturer Part Number"; Value = "C0603C105K3RACTU"; VariantName = "[No Variations]"
Change component parameters (AddParameter): Name = "Part Number"; Value = "C0603C105K3RACTU"; VariantName = "[No Variations]"
Change component parameters: Designator = "C39" ("C39"); Footprint = "FP-GRM188-0_1-e0_2_0_55-IPC_C"; UniqueID = "\WWWEHYPB" ("\WWWEHYPB")
Change component parameters (AddParameter): Name = "Manufacturer"; Value = "KEMET"; VariantName = "[No Variations]"
Change component parameters (AddParameter): Name = "Manufacturer Part Number"; Value = "C0603C105K3RACTU"; VariantName = "[No Variations]"
Change component parameters (AddParameter): Name = "Part Number"; Value = "C0603C105K3RACTU"; VariantName = "[No Variations]"
Change component parameters: Designator = "C41" ("C41"); Footprint = "FP-GRM188-0_1-e0_2_0_55-IPC_C"; UniqueID = "\SLCAHSQH" ("\SLCAHSQH")
Change component parameters (AddParameter): Name = "Manufacturer"; Value = "KEMET"; VariantName = "[No Variations]"
Change component parameters (AddParameter): Name = "Manufacturer Part Number"; Value = "C0603C105K3RACTU"; VariantName = "[No Variations]"
Change component parameters (AddParameter): Name = "Part Number"; Value = "C0603C105K3RACTU"; VariantName = "[No Variations]"
Change component parameters: Designator = "C43" ("C43"); Footprint = "FP-GRM188-0_1-e0_2_0_55-IPC_C"; UniqueID = "\OVYPHDNP" ("\OVYPHDNP")
Change component parameters (AddParameter): Name = "Manufacturer"; Value = "KEMET"; VariantName = "[No Variations]"
Change component parameters (AddParameter): Name = "Manufacturer Part Number"; Value = "C0603C105K3RACTU"; VariantName = "[No Variations]"
Change component parameters (AddParameter): Name = "Part Number"; Value = "C0603C105K3RACTU"; VariantName = "[No Variations]"
Change component parameters: Designator = "C45" ("C45"); Footprint = "FP-GRM188-0_1-e0_2_0_55-IPC_C"; UniqueID = "\UTFXHYEH" ("\UTFXHYEH")
Change component parameters (AddParameter): Name = "Manufacturer"; Value = "KEMET"; VariantName = "[No Variations]"
Change component parameters (AddParameter): Name = "Manufacturer Part Number"; Value = "C0603C105K3RACTU"; VariantName = "[No Variations]"
Change component parameters (AddParameter): Name = "Part Number"; Value = "C0603C105K3RACTU"; VariantName = "[No Variations]"
Change component parameters: Designator = "C47" ("C47"); Footprint = "FP-GRM188-0_1-e0_2_0_55-IPC_C"; UniqueID = "\GVYQQPQQ" ("\GVYQQPQQ")
Change component parameters (AddParameter): Name = "Manufacturer"; Value = "KEMET"; VariantName = "[No Variations]"
Change component parameters (AddParameter): Name = "Manufacturer Part Number"; Value = "C0603C105K3RACTU"; VariantName = "[No Variations]"
Change component parameters (AddParameter): Name = "Part Number"; Value = "C0603C105K3RACTU"; VariantName = "[No Variations]"
Change component parameters: Designator = "C49" ("C49"); Footprint = "FP-GRM188-0_1-e0_2_0_55-IPC_C"; UniqueID = "\MZNROJIG" ("\MZNROJIG")
Change component parameters (AddParameter): Name = "Manufacturer"; Value = "KEMET"; VariantName = "[No Variations]"
Change component parameters (AddParameter): Name = "Manufacturer Part Number"; Value = "C0603C105K3RACTU"; VariantName = "[No Variations]"
Change component parameters (AddParameter): Name = "Part Number"; Value = "C0603C105K3RACTU"; VariantName = "[No Variations]"
Change component parameters: Designator = "C51" ("C51"); Footprint = "FP-GRM188-0_1-e0_2_0_55-IPC_C"; UniqueID = "\NGGDAHFS" ("\NGGDAHFS")
Change component parameters (AddParameter): Name = "Manufacturer"; Value = "KEMET"; VariantName = "[No Variations]"
Change component parameters (AddParameter): Name = "Manufacturer Part Number"; Value = "C0603C105K3RACTU"; VariantName = "[No Variations]"
Change component parameters (AddParameter): Name = "Part Number"; Value = "C0603C105K3RACTU"; VariantName = "[No Variations]"
Added Pin To Net: NetName=GND Pin=C9-1
Added Pin To Net: NetName=+5VA Pin=C9-2
Added Pin To Net: NetName=GND Pin=C12-1
Added Pin To Net: NetName=NetC10_2 Pin=C12-2
Added Pin To Net: NetName=GND Pin=C14-1
Added Pin To Net: NetName=+5VA Pin=C14-2
Added Pin To Net: NetName=GND Pin=C15-1
Added Pin To Net: NetName=GND Pin=C17-1
Added Pin To Net: NetName=+5VA Pin=C17-2
Added Pin To Net: NetName=GND Pin=C21-1
Added Pin To Net: NetName=NetC19_2 Pin=C21-2
Added Pin To Net: NetName=GND Pin=C24-1
Added Pin To Net: NetName=NetC24_1 Pin=C24-2
Added Pin To Net: NetName=GND Pin=C26-1
Added Pin To Net: NetName=GND Pin=C27-1
Added Pin To Net: NetName=GND Pin=C29-1
Added Pin To Net: NetName=+5VA Pin=C29-2
Added Pin To Net: NetName=GND Pin=C31-1
Added Pin To Net: NetName=+5VA Pin=C31-2
Added Pin To Net: NetName=GND Pin=C33-1
Added Pin To Net: NetName=+5VA Pin=C33-2
Added Pin To Net: NetName=GND Pin=C35-1
Added Pin To Net: NetName=+5VA Pin=C35-2
Added Pin To Net: NetName=GND Pin=C37-1
Added Pin To Net: NetName=+5VA Pin=C37-2
Added Pin To Net: NetName=GND Pin=C39-1
Added Pin To Net: NetName=+5VA Pin=C39-2
Added Pin To Net: NetName=GND Pin=C41-1
Added Pin To Net: NetName=NetC40_2 Pin=C41-2
Added Pin To Net: NetName=GND Pin=C43-1
Added Pin To Net: NetName=NetC42_2 Pin=C43-2
Added Pin To Net: NetName=GND Pin=C45-1
Added Pin To Net: NetName=NetC44_2 Pin=C45-2
Added Pin To Net: NetName=GND Pin=C47-1
Added Pin To Net: NetName=NetC46_2 Pin=C47-2
Added Pin To Net: NetName=GND Pin=C49-1
Added Pin To Net: NetName=NetC48_2 Pin=C49-2
Added Pin To Net: NetName=GND Pin=C51-1
Added Pin To Net: NetName=NetC50_2 Pin=C51-2
Added Pin To Net: NetName=NetC23_1 Pin=R8-1
Added Pin To Net: NetName=NetC23_2 Pin=R9-1
Added Pin To Net: NetName=NetC23_2 Pin=U5-2
Added Pin To Net: NetName=NetC23_1 Pin=U5-6
Change Net Name : Old Net Name=NetC24_1 New Net Name=NetC24_2
Added Pin To Net: NetName=NetC15_2 Pin=C15-2
Added Pin To Net: NetName=NetC15_2 Pin=U2-13
Added Net: Name=NetC15_2
Added Pin To Net: NetName=NetC26_2 Pin=C26-2
Added Pin To Net: NetName=NetC26_2 Pin=U2-59
Added Net: Name=NetC26_2
Added Pin To Net: NetName=NetC27_2 Pin=C27-2
Added Pin To Net: NetName=NetC27_2 Pin=U2-62
Added Net: Name=NetC27_2
Added Member To Class: ClassName=ifog-pcb-analogModule Member=Component C30 10u
