Removed Member From Class: ClassName=ifog-pcb-analogModule Member=C?
Added Component: Designator=C18(FP-F98M-MFG)
Add component (AddParameter): Name = "Automotive"; Value = "No"; VariantName = "[No Variations]"
Add component (AddParameter): Name = "Capacitance"; Value = "22uF"; VariantName = "[No Variations]"
Add component (AddParameter): Name = "Category"; Value = "Cap"; VariantName = "[No Variations]"
Add component (AddParameter): Name = "ComponentLink2Description"; Value = "Datasheet"; VariantName = "[No Variations]"
Add component (AddParameter): Name = "ComponentLink2URL"; Value = "http://datasheets.avx.com/F98.pdf"; VariantName = "[No Variations]"
Add component (AddParameter): Name = "Device Class L1"; Value = "Passive Components"; VariantName = "[No Variations]"
Add component (AddParameter): Name = "Device Class L2"; Value = "Capacitors"; VariantName = "[No Variations]"
Add component (AddParameter): Name = "Device Class L3"; Value = "Tantalum Capacitors"; VariantName = "[No Variations]"
Add component (AddParameter): Name = "Digikey Description"; Value = "CAP TANT 22UF 20% 10V 0603"; VariantName = "[No Variations]"
Add component (AddParameter): Name = "Dissipation Factor"; Value = "30%"; VariantName = "[No Variations]"
Add component (AddParameter): Name = "Esr"; Value = "8O"; VariantName = "[No Variations]"
Add component (AddParameter): Name = "Footprint Url"; Value = "http://www.avx.com/download/software/literature/AVX-Footprint-Library.pdf"; VariantName = "[No Variations]"
Add component (AddParameter): Name = "Height"; Value = "0.9mm"; VariantName = "[No Variations]"
Add component (AddParameter): Name = "Lead Free"; Value = "Yes"; VariantName = "[No Variations]"
Add component (AddParameter): Name = "Leakage Current"; Value = "11uA"; VariantName = "[No Variations]"
Add component (AddParameter): Name = "Life"; Value = "1000Hours"; VariantName = "[No Variations]"
Add component (AddParameter): Name = "Manufacturer"; Value = "AVX"; VariantName = "[No Variations]"
Add component (AddParameter): Name = "Manufacturer Part Number"; Value = "F981A226MMALZT"; VariantName = "[No Variations]"
Add component (AddParameter): Name = "Material"; Value = "Tantalum"; VariantName = "[No Variations]"
Add component (AddParameter): Name = "Mouser Description"; Value = "Tantalum Capacitors - Solid SMD 22uF 10V 20% 0603,1.6x0.85x0.65mm"; VariantName = "[No Variations]"
Add component (AddParameter): Name = "Octopart"; Value = "https://octopart.com/f981a226mmalzt-avx-33960279"; VariantName = "[No Variations]"
Add component (AddParameter): Name = "Package"; Value = "F98M"; VariantName = "[No Variations]"
Add component (AddParameter): Name = "Ripple Current"; Value = "56mA"; VariantName = "[No Variations]"
Add component (AddParameter): Name = "RoHS"; Value = "TRUE"; VariantName = "[No Variations]"
Add component (AddParameter): Name = "Temperature"; Value = "-55°C to +125°C"; VariantName = "[No Variations]"
Add component (AddParameter): Name = "Temperature Coefficient"; Value = "30%"; VariantName = "[No Variations]"
Add component (AddParameter): Name = "Temperature Range High"; Value = "+125°C"; VariantName = "[No Variations]"
Add component (AddParameter): Name = "Temperature Range Low"; Value = "-55°C"; VariantName = "[No Variations]"
Add component (AddParameter): Name = "Tolerance"; Value = "20%"; VariantName = "[No Variations]"
Add component (AddParameter): Name = "Value"; Value = "22uF"; VariantName = "[No Variations]"
Add component (AddParameter): Name = "Voltage Rating"; Value = "10V"; VariantName = "[No Variations]"
Added Pin To Net: NetName=NetC18_2 Pin=C18-2
Added Pin To Net: NetName=NetC18_2 Pin=U4-6
Added Net: Name=NetC18_2
Added Member To Class: ClassName=ifog-pcb-analogModule Member=Component C18 22uF
