Removed Pin From Net: NetName=NetC1_2 Pin=C2-1
Removed Pin From Net: NetName=NetC2_2 Pin=C2-2
Removed Pin From Net: NetName=NetC3_2 Pin=C4-1
Removed Pin From Net: NetName=NetC4_2 Pin=C4-2
Removed Pin From Net: NetName=GND Pin=C5-2
Removed Pin From Net: NetName=GND Pin=C6-2
Removed Pin From Net: NetName=+5VA Pin=C8-1
Removed Pin From Net: NetName=GND Pin=C8-2
Removed Pin From Net: NetName=NetC10_1 Pin=C10-1
Removed Pin From Net: NetName=GND Pin=C10-2
Removed Pin From Net: NetName=NetC10_1 Pin=C11-1
Removed Pin From Net: NetName=GND Pin=C11-2
Removed Pin From Net: NetName=+5VA Pin=C13-1
Removed Pin From Net: NetName=GND Pin=C13-2
Removed Pin From Net: NetName=+5VA Pin=C16-1
Removed Pin From Net: NetName=GND Pin=C16-2
Removed Pin From Net: NetName=NetC24_1 Pin=C25-1
Removed Pin From Net: NetName=GND Pin=C25-2
Removed Pin From Net: NetName=+5VA Pin=C28-1
Removed Pin From Net: NetName=GND Pin=C28-2
Removed Pin From Net: NetName=+5VA Pin=C30-1
Removed Pin From Net: NetName=GND Pin=C30-2
Removed Pin From Net: NetName=+5VA Pin=C32-1
Removed Pin From Net: NetName=GND Pin=C32-2
Removed Pin From Net: NetName=+5VA Pin=C34-1
Removed Pin From Net: NetName=GND Pin=C34-2
Removed Pin From Net: NetName=+5VA Pin=C36-1
Removed Pin From Net: NetName=GND Pin=C36-2
Removed Pin From Net: NetName=+5VA Pin=C38-1
Removed Pin From Net: NetName=GND Pin=C38-2
Removed Pin From Net: NetName=NetC40_1 Pin=C40-1
Removed Pin From Net: NetName=GND Pin=C40-2
Removed Pin From Net: NetName=NetC42_1 Pin=C42-1
Removed Pin From Net: NetName=GND Pin=C42-2
Removed Pin From Net: NetName=NetC44_1 Pin=C44-1
Removed Pin From Net: NetName=GND Pin=C44-2
Removed Pin From Net: NetName=NetC46_1 Pin=C46-1
Removed Pin From Net: NetName=GND Pin=C46-2
Removed Pin From Net: NetName=NetC48_1 Pin=C48-1
Removed Pin From Net: NetName=GND Pin=C48-2
Removed Pin From Net: NetName=NetC50_1 Pin=C50-1
Removed Pin From Net: NetName=GND Pin=C50-2
Removed Pin From Net: NetName=NetC1_1 Pin=R1-1
Removed Pin From Net: NetName=NetC3_1 Pin=R2-1
Removed Pin From Net: NetName=NetC1_1 Pin=U1-2
Removed Pin From Net: NetName=NetC3_1 Pin=U1-6
Change Component DesignItemId : Designator=C1 Old DesignItemId=CMP-2006-02792-2 New DesignItemId=CMP-2006-03713-1
Change Component DesignItemId : Designator=C2 Old DesignItemId=CMP-2006-02792-2 New DesignItemId=CMP-2006-03713-1
Change Component DesignItemId : Designator=C3 Old DesignItemId=CMP-2006-02792-2 New DesignItemId=CMP-2006-03713-1
Change Component DesignItemId : Designator=C4 Old DesignItemId=CMP-2006-02792-2 New DesignItemId=CMP-2006-03713-1
Change Component DesignItemId : Designator=C5 Old DesignItemId=CMP-2006-02792-2 New DesignItemId=CMP-2006-03713-1
Change Component DesignItemId : Designator=C6 Old DesignItemId=CMP-2006-02792-2 New DesignItemId=CMP-2006-03713-1
Change Component DesignItemId : Designator=C7 Old DesignItemId=CMP-2006-02792-2 New DesignItemId=CMP-2006-03713-1
Change Component DesignItemId : Designator=C8 Old DesignItemId=CMP-2006-02792-2 New DesignItemId=CMP-2006-03713-1
Change Component DesignItemId : Designator=C10 Old DesignItemId=CMP-2006-02792-2 New DesignItemId=CMP-2006-03713-1
Change Component DesignItemId : Designator=C11 Old DesignItemId=CMP-2006-02792-2 New DesignItemId=CMP-2006-03713-1
Change Component DesignItemId : Designator=C13 Old DesignItemId=CMP-2006-02792-2 New DesignItemId=CMP-2006-03713-1
Change Component DesignItemId : Designator=C16 Old DesignItemId=CMP-2006-02792-2 New DesignItemId=CMP-2006-03713-1
Change Component DesignItemId : Designator=C25 Old DesignItemId=CMP-2006-02792-2 New DesignItemId=CMP-2006-03713-1
Change Component DesignItemId : Designator=C28 Old DesignItemId=CMP-2006-02792-2 New DesignItemId=CMP-2006-03713-1
Change Component DesignItemId : Designator=C30 Old DesignItemId=CMP-2006-02792-2 New DesignItemId=CMP-2006-03713-1
Change Component DesignItemId : Designator=C32 Old DesignItemId=CMP-2006-02792-2 New DesignItemId=CMP-2006-03713-1
Change Component DesignItemId : Designator=C34 Old DesignItemId=CMP-2006-02792-2 New DesignItemId=CMP-2006-03713-1
Change Component DesignItemId : Designator=C36 Old DesignItemId=CMP-2006-02792-2 New DesignItemId=CMP-2006-03713-1
Change Component DesignItemId : Designator=C38 Old DesignItemId=CMP-2006-02792-2 New DesignItemId=CMP-2006-03713-1
Change Component DesignItemId : Designator=C40 Old DesignItemId=CMP-2006-02792-2 New DesignItemId=CMP-2006-03713-1
Change Component DesignItemId : Designator=C42 Old DesignItemId=CMP-2006-02792-2 New DesignItemId=CMP-2006-03713-1
Change Component DesignItemId : Designator=C44 Old DesignItemId=CMP-2006-02792-2 New DesignItemId=CMP-2006-03713-1
Change Component DesignItemId : Designator=C46 Old DesignItemId=CMP-2006-02792-2 New DesignItemId=CMP-2006-03713-1
Change Component DesignItemId : Designator=C48 Old DesignItemId=CMP-2006-02792-2 New DesignItemId=CMP-2006-03713-1
Change Component DesignItemId : Designator=C50 Old DesignItemId=CMP-2006-02792-2 New DesignItemId=CMP-2006-03713-1
Change Component Footprint: Designator=C30 Old Footprint=FP-GRM188-0_1-e0_2_0_55-IPC_C New Footprint=1608[0603]
Change Component Description : Designator=C1 Old Description=Chip Multilayer Ceramic Capacitors for General Purpose, 0603 New Description=
Change Component Description : Designator=C2 Old Description=Chip Multilayer Ceramic Capacitors for General Purpose, 0603 New Description=
Change Component Description : Designator=C3 Old Description=Chip Multilayer Ceramic Capacitors for General Purpose, 0603 New Description=
Change Component Description : Designator=C4 Old Description=Chip Multilayer Ceramic Capacitors for General Purpose, 0603 New Description=
Change Component Description : Designator=C5 Old Description=Chip Multilayer Ceramic Capacitors for General Purpose, 0603 New Description=
Change Component Description : Designator=C6 Old Description=Chip Multilayer Ceramic Capacitors for General Purpose, 0603 New Description=
Change Component Description : Designator=C7 Old Description=Chip Multilayer Ceramic Capacitors for General Purpose, 0603 New Description=
Change Component Description : Designator=C8 Old Description=Chip Multilayer Ceramic Capacitors for General Purpose, 0603 New Description=
Change Component Description : Designator=C10 Old Description=Chip Multilayer Ceramic Capacitors for General Purpose, 0603 New Description=
Change Component Description : Designator=C11 Old Description=Chip Multilayer Ceramic Capacitors for General Purpose, 0603 New Description=
Change Component Description : Designator=C13 Old Description=Chip Multilayer Ceramic Capacitors for General Purpose, 0603 New Description=
Change Component Description : Designator=C16 Old Description=Chip Multilayer Ceramic Capacitors for General Purpose, 0603 New Description=
Change Component Description : Designator=C25 Old Description=Chip Multilayer Ceramic Capacitors for General Purpose, 0603 New Description=
Change Component Description : Designator=C28 Old Description=Chip Multilayer Ceramic Capacitors for General Purpose, 0603 New Description=
Change Component Description : Designator=C30 Old Description=Chip Multilayer Ceramic Capacitors for General Purpose, 0603 New Description=
Change Component Description : Designator=C32 Old Description=Chip Multilayer Ceramic Capacitors for General Purpose, 0603 New Description=
Change Component Description : Designator=C34 Old Description=Chip Multilayer Ceramic Capacitors for General Purpose, 0603 New Description=
Change Component Description : Designator=C36 Old Description=Chip Multilayer Ceramic Capacitors for General Purpose, 0603 New Description=
Change Component Description : Designator=C38 Old Description=Chip Multilayer Ceramic Capacitors for General Purpose, 0603 New Description=
Change Component Description : Designator=C40 Old Description=Chip Multilayer Ceramic Capacitors for General Purpose, 0603 New Description=
Change Component Description : Designator=C42 Old Description=Chip Multilayer Ceramic Capacitors for General Purpose, 0603 New Description=
Change Component Description : Designator=C44 Old Description=Chip Multilayer Ceramic Capacitors for General Purpose, 0603 New Description=
Change Component Description : Designator=C46 Old Description=Chip Multilayer Ceramic Capacitors for General Purpose, 0603 New Description=
Change Component Description : Designator=C48 Old Description=Chip Multilayer Ceramic Capacitors for General Purpose, 0603 New Description=
Change Component Description : Designator=C50 Old Description=Chip Multilayer Ceramic Capacitors for General Purpose, 0603 New Description=
Change Component Library : Designator=C1 Old Library=Altium Content Vault New Library=ifog-pcb-analogModule_3.SCHLIB
Change Component Library : Designator=C2 Old Library=Altium Content Vault New Library=ifog-pcb-analogModule_3.SCHLIB
Change Component Library : Designator=C3 Old Library=Altium Content Vault New Library=ifog-pcb-analogModule_3.SCHLIB
Change Component Library : Designator=C4 Old Library=Altium Content Vault New Library=ifog-pcb-analogModule_3.SCHLIB
Change Component Library : Designator=C5 Old Library=Altium Content Vault New Library=ifog-pcb-analogModule_3.SCHLIB
Change Component Library : Designator=C6 Old Library=Altium Content Vault New Library=ifog-pcb-analogModule_3.SCHLIB
Change Component Library : Designator=C7 Old Library=Altium Content Vault New Library=ifog-pcb-analogModule_3.SCHLIB
Change Component Library : Designator=C8 Old Library=Altium Content Vault New Library=ifog-pcb-analogModule_3.SCHLIB
Change Component Library : Designator=C10 Old Library=Altium Content Vault New Library=ifog-pcb-analogModule_3.SCHLIB
Change Component Library : Designator=C11 Old Library=Altium Content Vault New Library=ifog-pcb-analogModule_3.SCHLIB
Change Component Library : Designator=C13 Old Library=Altium Content Vault New Library=ifog-pcb-analogModule_3.SCHLIB
Change Component Library : Designator=C16 Old Library=Altium Content Vault New Library=ifog-pcb-analogModule_3.SCHLIB
Change Component Library : Designator=C25 Old Library=Altium Content Vault New Library=ifog-pcb-analogModule_3.SCHLIB
Change Component Library : Designator=C28 Old Library=Altium Content Vault New Library=ifog-pcb-analogModule_3.SCHLIB
Change Component Library : Designator=C30 Old Library=Altium Content Vault New Library=ifog-pcb-analogModule_3.SCHLIB
Change Component Library : Designator=C32 Old Library=Altium Content Vault New Library=ifog-pcb-analogModule_3.SCHLIB
Change Component Library : Designator=C34 Old Library=Altium Content Vault New Library=ifog-pcb-analogModule_3.SCHLIB
Change Component Library : Designator=C36 Old Library=Altium Content Vault New Library=ifog-pcb-analogModule_3.SCHLIB
Change Component Library : Designator=C38 Old Library=Altium Content Vault New Library=ifog-pcb-analogModule_3.SCHLIB
Change Component Library : Designator=C40 Old Library=Altium Content Vault New Library=ifog-pcb-analogModule_3.SCHLIB
Change Component Library : Designator=C42 Old Library=Altium Content Vault New Library=ifog-pcb-analogModule_3.SCHLIB
Change Component Library : Designator=C44 Old Library=Altium Content Vault New Library=ifog-pcb-analogModule_3.SCHLIB
Change Component Library : Designator=C46 Old Library=Altium Content Vault New Library=ifog-pcb-analogModule_3.SCHLIB
Change Component Library : Designator=C48 Old Library=Altium Content Vault New Library=ifog-pcb-analogModule_3.SCHLIB
Change Component Library : Designator=C50 Old Library=Altium Content Vault New Library=ifog-pcb-analogModule_3.SCHLIB
Change Managed Component Library Link : Designator=C1 Old VaultGUID= New VaultGUID= Old ItemGUID=3F1FDB09-9931-43B7-B80F-88673FF926CD New ItemGUID= Old RevisionGUID=937773BC-2271-489F-837A-E58975DBF117 New RevisionGUID=
Change Managed Component Library Link : Designator=C2 Old VaultGUID= New VaultGUID= Old ItemGUID=3F1FDB09-9931-43B7-B80F-88673FF926CD New ItemGUID= Old RevisionGUID=937773BC-2271-489F-837A-E58975DBF117 New RevisionGUID=
Change Managed Component Library Link : Designator=C3 Old VaultGUID= New VaultGUID= Old ItemGUID=3F1FDB09-9931-43B7-B80F-88673FF926CD New ItemGUID= Old RevisionGUID=937773BC-2271-489F-837A-E58975DBF117 New RevisionGUID=
Change Managed Component Library Link : Designator=C4 Old VaultGUID= New VaultGUID= Old ItemGUID=3F1FDB09-9931-43B7-B80F-88673FF926CD New ItemGUID= Old RevisionGUID=937773BC-2271-489F-837A-E58975DBF117 New RevisionGUID=
Change Managed Component Library Link : Designator=C5 Old VaultGUID= New VaultGUID= Old ItemGUID=3F1FDB09-9931-43B7-B80F-88673FF926CD New ItemGUID= Old RevisionGUID=937773BC-2271-489F-837A-E58975DBF117 New RevisionGUID=
Change Managed Component Library Link : Designator=C6 Old VaultGUID= New VaultGUID= Old ItemGUID=3F1FDB09-9931-43B7-B80F-88673FF926CD New ItemGUID= Old RevisionGUID=937773BC-2271-489F-837A-E58975DBF117 New RevisionGUID=
Change Managed Component Library Link : Designator=C7 Old VaultGUID= New VaultGUID= Old ItemGUID=3F1FDB09-9931-43B7-B80F-88673FF926CD New ItemGUID= Old RevisionGUID=937773BC-2271-489F-837A-E58975DBF117 New RevisionGUID=
Change Managed Component Library Link : Designator=C8 Old VaultGUID= New VaultGUID= Old ItemGUID=3F1FDB09-9931-43B7-B80F-88673FF926CD New ItemGUID= Old RevisionGUID=937773BC-2271-489F-837A-E58975DBF117 New RevisionGUID=
Change Managed Component Library Link : Designator=C10 Old VaultGUID= New VaultGUID= Old ItemGUID=3F1FDB09-9931-43B7-B80F-88673FF926CD New ItemGUID= Old RevisionGUID=937773BC-2271-489F-837A-E58975DBF117 New RevisionGUID=
Change Managed Component Library Link : Designator=C11 Old VaultGUID= New VaultGUID= Old ItemGUID=3F1FDB09-9931-43B7-B80F-88673FF926CD New ItemGUID= Old RevisionGUID=937773BC-2271-489F-837A-E58975DBF117 New RevisionGUID=
Change Managed Component Library Link : Designator=C13 Old VaultGUID= New VaultGUID= Old ItemGUID=3F1FDB09-9931-43B7-B80F-88673FF926CD New ItemGUID= Old RevisionGUID=937773BC-2271-489F-837A-E58975DBF117 New RevisionGUID=
Change Managed Component Library Link : Designator=C16 Old VaultGUID= New VaultGUID= Old ItemGUID=3F1FDB09-9931-43B7-B80F-88673FF926CD New ItemGUID= Old RevisionGUID=937773BC-2271-489F-837A-E58975DBF117 New RevisionGUID=
Change Managed Component Library Link : Designator=C25 Old VaultGUID= New VaultGUID= Old ItemGUID=3F1FDB09-9931-43B7-B80F-88673FF926CD New ItemGUID= Old RevisionGUID=937773BC-2271-489F-837A-E58975DBF117 New RevisionGUID=
Change Managed Component Library Link : Designator=C28 Old VaultGUID= New VaultGUID= Old ItemGUID=3F1FDB09-9931-43B7-B80F-88673FF926CD New ItemGUID= Old RevisionGUID=937773BC-2271-489F-837A-E58975DBF117 New RevisionGUID=
Change Managed Component Library Link : Designator=C30 Old VaultGUID= New VaultGUID= Old ItemGUID=3F1FDB09-9931-43B7-B80F-88673FF926CD New ItemGUID= Old RevisionGUID=937773BC-2271-489F-837A-E58975DBF117 New RevisionGUID=
Change Managed Component Library Link : Designator=C32 Old VaultGUID= New VaultGUID= Old ItemGUID=3F1FDB09-9931-43B7-B80F-88673FF926CD New ItemGUID= Old RevisionGUID=937773BC-2271-489F-837A-E58975DBF117 New RevisionGUID=
Change Managed Component Library Link : Designator=C34 Old VaultGUID= New VaultGUID= Old ItemGUID=3F1FDB09-9931-43B7-B80F-88673FF926CD New ItemGUID= Old RevisionGUID=937773BC-2271-489F-837A-E58975DBF117 New RevisionGUID=
Change Managed Component Library Link : Designator=C36 Old VaultGUID= New VaultGUID= Old ItemGUID=3F1FDB09-9931-43B7-B80F-88673FF926CD New ItemGUID= Old RevisionGUID=937773BC-2271-489F-837A-E58975DBF117 New RevisionGUID=
Change Managed Component Library Link : Designator=C38 Old VaultGUID= New VaultGUID= Old ItemGUID=3F1FDB09-9931-43B7-B80F-88673FF926CD New ItemGUID= Old RevisionGUID=937773BC-2271-489F-837A-E58975DBF117 New RevisionGUID=
Change Managed Component Library Link : Designator=C40 Old VaultGUID= New VaultGUID= Old ItemGUID=3F1FDB09-9931-43B7-B80F-88673FF926CD New ItemGUID= Old RevisionGUID=937773BC-2271-489F-837A-E58975DBF117 New RevisionGUID=
Change Managed Component Library Link : Designator=C42 Old VaultGUID= New VaultGUID= Old ItemGUID=3F1FDB09-9931-43B7-B80F-88673FF926CD New ItemGUID= Old RevisionGUID=937773BC-2271-489F-837A-E58975DBF117 New RevisionGUID=
Change Managed Component Library Link : Designator=C44 Old VaultGUID= New VaultGUID= Old ItemGUID=3F1FDB09-9931-43B7-B80F-88673FF926CD New ItemGUID= Old RevisionGUID=937773BC-2271-489F-837A-E58975DBF117 New RevisionGUID=
Change Managed Component Library Link : Designator=C46 Old VaultGUID= New VaultGUID= Old ItemGUID=3F1FDB09-9931-43B7-B80F-88673FF926CD New ItemGUID= Old RevisionGUID=937773BC-2271-489F-837A-E58975DBF117 New RevisionGUID=
Change Managed Component Library Link : Designator=C48 Old VaultGUID= New VaultGUID= Old ItemGUID=3F1FDB09-9931-43B7-B80F-88673FF926CD New ItemGUID= Old RevisionGUID=937773BC-2271-489F-837A-E58975DBF117 New RevisionGUID=
Change Managed Component Library Link : Designator=C50 Old VaultGUID= New VaultGUID= Old ItemGUID=3F1FDB09-9931-43B7-B80F-88673FF926CD New ItemGUID= Old RevisionGUID=937773BC-2271-489F-837A-E58975DBF117 New RevisionGUID=
Change component parameters: Designator = "C1" ("C1"); Footprint = "FP-GRM188-0_1-e0_2_0_55-IPC_C"; UniqueID = "\DJKIRHGP" ("\DJKIRHGP")
Change component parameters (AddParameter): Name = "Manufacturer"; Value = "KEMET"; VariantName = "[No Variations]"
Change component parameters (AddParameter): Name = "Manufacturer Part Number"; Value = "C0603C105K3RACTU"; VariantName = "[No Variations]"
Change component parameters (AddParameter): Name = "Part Number"; Value = "C0603C105K3RACTU"; VariantName = "[No Variations]"
Change component parameters: Designator = "C2" ("C2"); Footprint = "FP-GRM188-0_1-e0_2_0_55-IPC_C"; UniqueID = "\ACHKUIVE" ("\ACHKUIVE")
Change component parameters (AddParameter): Name = "Manufacturer"; Value = "KEMET"; VariantName = "[No Variations]"
Change component parameters (AddParameter): Name = "Manufacturer Part Number"; Value = "C0603C105K3RACTU"; VariantName = "[No Variations]"
Change component parameters (AddParameter): Name = "Part Number"; Value = "C0603C105K3RACTU"; VariantName = "[No Variations]"
Change component parameters: Designator = "C3" ("C3"); Footprint = "FP-GRM188-0_1-e0_2_0_55-IPC_C"; UniqueID = "\FLBRHBQI" ("\FLBRHBQI")
Change component parameters (AddParameter): Name = "Manufacturer"; Value = "KEMET"; VariantName = "[No Variations]"
Change component parameters (AddParameter): Name = "Manufacturer Part Number"; Value = "C0603C105K3RACTU"; VariantName = "[No Variations]"
Change component parameters (AddParameter): Name = "Part Number"; Value = "C0603C105K3RACTU"; VariantName = "[No Variations]"
Change component parameters: Designator = "C4" ("C4"); Footprint = "FP-GRM188-0_1-e0_2_0_55-IPC_C"; UniqueID = "\CDBWISTF" ("\CDBWISTF")
Change component parameters (AddParameter): Name = "Manufacturer"; Value = "KEMET"; VariantName = "[No Variations]"
Change component parameters (AddParameter): Name = "Manufacturer Part Number"; Value = "C0603C105K3RACTU"; VariantName = "[No Variations]"
Change component parameters (AddParameter): Name = "Part Number"; Value = "C0603C105K3RACTU"; VariantName = "[No Variations]"
Change component parameters: Designator = "C5" ("C5"); Footprint = "FP-GRM188-0_1-e0_2_0_55-IPC_C"; UniqueID = "\TICJLCFQ" ("\TICJLCFQ")
Change component parameters (AddParameter): Name = "Manufacturer"; Value = "KEMET"; VariantName = "[No Variations]"
Change component parameters (AddParameter): Name = "Manufacturer Part Number"; Value = "C0603C105K3RACTU"; VariantName = "[No Variations]"
Change component parameters (AddParameter): Name = "Part Number"; Value = "C0603C105K3RACTU"; VariantName = "[No Variations]"
Change component parameters: Designator = "C6" ("C6"); Footprint = "FP-GRM188-0_1-e0_2_0_55-IPC_C"; UniqueID = "\RFYCLKKC" ("\RFYCLKKC")
Change component parameters (AddParameter): Name = "Manufacturer"; Value = "KEMET"; VariantName = "[No Variations]"
Change component parameters (AddParameter): Name = "Manufacturer Part Number"; Value = "C0603C105K3RACTU"; VariantName = "[No Variations]"
Change component parameters (AddParameter): Name = "Part Number"; Value = "C0603C105K3RACTU"; VariantName = "[No Variations]"
Change component parameters: Designator = "C7" ("C7"); Footprint = "FP-GRM188-0_1-e0_2_0_55-IPC_C"; UniqueID = "\WODTATLS" ("\WODTATLS")
Change component parameters (AddParameter): Name = "Manufacturer"; Value = "KEMET"; VariantName = "[No Variations]"
Change component parameters (AddParameter): Name = "Manufacturer Part Number"; Value = "C0603C105K3RACTU"; VariantName = "[No Variations]"
Change component parameters (AddParameter): Name = "Part Number"; Value = "C0603C105K3RACTU"; VariantName = "[No Variations]"
Change component parameters: Designator = "C8" ("C8"); Footprint = "FP-GRM188-0_1-e0_2_0_55-IPC_C"; UniqueID = "\TPYCIDBF" ("\TPYCIDBF")
Change component parameters (AddParameter): Name = "Manufacturer"; Value = "KEMET"; VariantName = "[No Variations]"
Change component parameters (AddParameter): Name = "Manufacturer Part Number"; Value = "C0603C105K3RACTU"; VariantName = "[No Variations]"
Change component parameters (AddParameter): Name = "Part Number"; Value = "C0603C105K3RACTU"; VariantName = "[No Variations]"
Change component parameters: Designator = "C10" ("C10"); Footprint = "FP-GRM188-0_1-e0_2_0_55-IPC_C"; UniqueID = "\IJWDHTMR" ("\IJWDHTMR")
Change component parameters (AddParameter): Name = "Manufacturer"; Value = "KEMET"; VariantName = "[No Variations]"
Change component parameters (AddParameter): Name = "Manufacturer Part Number"; Value = "C0603C105K3RACTU"; VariantName = "[No Variations]"
Change component parameters (AddParameter): Name = "Part Number"; Value = "C0603C105K3RACTU"; VariantName = "[No Variations]"
Change component parameters: Designator = "C11" ("C11"); Footprint = "FP-GRM188-0_1-e0_2_0_55-IPC_C"; UniqueID = "\MQKCXEEW" ("\MQKCXEEW")
Change component parameters (AddParameter): Name = "Manufacturer"; Value = "KEMET"; VariantName = "[No Variations]"
Change component parameters (AddParameter): Name = "Manufacturer Part Number"; Value = "C0603C105K3RACTU"; VariantName = "[No Variations]"
Change component parameters (AddParameter): Name = "Part Number"; Value = "C0603C105K3RACTU"; VariantName = "[No Variations]"
Change component parameters: Designator = "C13" ("C13"); Footprint = "FP-GRM188-0_1-e0_2_0_55-IPC_C"; UniqueID = "\GKMTBDFJ" ("\GKMTBDFJ")
Change component parameters (AddParameter): Name = "Manufacturer"; Value = "KEMET"; VariantName = "[No Variations]"
Change component parameters (AddParameter): Name = "Manufacturer Part Number"; Value = "C0603C105K3RACTU"; VariantName = "[No Variations]"
Change component parameters (AddParameter): Name = "Part Number"; Value = "C0603C105K3RACTU"; VariantName = "[No Variations]"
Change component parameters: Designator = "C16" ("C16"); Footprint = "FP-GRM188-0_1-e0_2_0_55-IPC_C"; UniqueID = "\EOWTLIBQ" ("\EOWTLIBQ")
Change component parameters (AddParameter): Name = "Manufacturer"; Value = "KEMET"; VariantName = "[No Variations]"
Change component parameters (AddParameter): Name = "Manufacturer Part Number"; Value = "C0603C105K3RACTU"; VariantName = "[No Variations]"
Change component parameters (AddParameter): Name = "Part Number"; Value = "C0603C105K3RACTU"; VariantName = "[No Variations]"
Change component parameters: Designator = "C25" ("C25"); Footprint = "FP-GRM188-0_1-e0_2_0_55-IPC_C"; UniqueID = "\KMGXTOAX" ("\KMGXTOAX")
Change component parameters (AddParameter): Name = "Manufacturer"; Value = "KEMET"; VariantName = "[No Variations]"
Change component parameters (AddParameter): Name = "Manufacturer Part Number"; Value = "C0603C105K3RACTU"; VariantName = "[No Variations]"
Change component parameters (AddParameter): Name = "Part Number"; Value = "C0603C105K3RACTU"; VariantName = "[No Variations]"
Change component parameters: Designator = "C28" ("C28"); Footprint = "FP-GRM188-0_1-e0_2_0_55-IPC_C"; UniqueID = "\UYBNCZJK" ("\UYBNCZJK")
Change component parameters (AddParameter): Name = "Manufacturer"; Value = "KEMET"; VariantName = "[No Variations]"
Change component parameters (AddParameter): Name = "Manufacturer Part Number"; Value = "C0603C105K3RACTU"; VariantName = "[No Variations]"
Change component parameters (AddParameter): Name = "Part Number"; Value = "C0603C105K3RACTU"; VariantName = "[No Variations]"
Change component parameters: Designator = "C30" ("C30"); Footprint = "FP-GRM188-0_1-e0_2_0_55-IPC_C"; UniqueID = "\ICQGYBZI" ("\ICQGYBZI")
Change component parameters (AddParameter): Name = "Manufacturer"; Value = "KEMET"; VariantName = "[No Variations]"
Change component parameters (AddParameter): Name = "Manufacturer Part Number"; Value = "C0603C105K3RACTU"; VariantName = "[No Variations]"
Change component parameters (AddParameter): Name = "Part Number"; Value = "C0603C105K3RACTU"; VariantName = "[No Variations]"
Change component parameters: Designator = "C32" ("C32"); Footprint = "FP-GRM188-0_1-e0_2_0_55-IPC_C"; UniqueID = "\JKXUWJYU" ("\JKXUWJYU")
Change component parameters (AddParameter): Name = "Manufacturer"; Value = "KEMET"; VariantName = "[No Variations]"
Change component parameters (AddParameter): Name = "Manufacturer Part Number"; Value = "C0603C105K3RACTU"; VariantName = "[No Variations]"
Change component parameters (AddParameter): Name = "Part Number"; Value = "C0603C105K3RACTU"; VariantName = "[No Variations]"
Change component parameters: Designator = "C34" ("C34"); Footprint = "FP-GRM188-0_1-e0_2_0_55-IPC_C"; UniqueID = "\CSZRBNLR" ("\CSZRBNLR")
Change component parameters (AddParameter): Name = "Manufacturer"; Value = "KEMET"; VariantName = "[No Variations]"
Change component parameters (AddParameter): Name = "Manufacturer Part Number"; Value = "C0603C105K3RACTU"; VariantName = "[No Variations]"
Change component parameters (AddParameter): Name = "Part Number"; Value = "C0603C105K3RACTU"; VariantName = "[No Variations]"
Change component parameters: Designator = "C36" ("C36"); Footprint = "FP-GRM188-0_1-e0_2_0_55-IPC_C"; UniqueID = "\VCLXVBRB" ("\VCLXVBRB")
Change component parameters (AddParameter): Name = "Manufacturer"; Value = "KEMET"; VariantName = "[No Variations]"
Change component parameters (AddParameter): Name = "Manufacturer Part Number"; Value = "C0603C105K3RACTU"; VariantName = "[No Variations]"
Change component parameters (AddParameter): Name = "Part Number"; Value = "C0603C105K3RACTU"; VariantName = "[No Variations]"
Change component parameters: Designator = "C38" ("C38"); Footprint = "FP-GRM188-0_1-e0_2_0_55-IPC_C"; UniqueID = "\MDXKKRSW" ("\MDXKKRSW")
Change component parameters (AddParameter): Name = "Manufacturer"; Value = "KEMET"; VariantName = "[No Variations]"
Change component parameters (AddParameter): Name = "Manufacturer Part Number"; Value = "C0603C105K3RACTU"; VariantName = "[No Variations]"
Change component parameters (AddParameter): Name = "Part Number"; Value = "C0603C105K3RACTU"; VariantName = "[No Variations]"
Change component parameters: Designator = "C40" ("C40"); Footprint = "FP-GRM188-0_1-e0_2_0_55-IPC_C"; UniqueID = "\OFYXKLFO" ("\OFYXKLFO")
Change component parameters (AddParameter): Name = "Manufacturer"; Value = "KEMET"; VariantName = "[No Variations]"
Change component parameters (AddParameter): Name = "Manufacturer Part Number"; Value = "C0603C105K3RACTU"; VariantName = "[No Variations]"
Change component parameters (AddParameter): Name = "Part Number"; Value = "C0603C105K3RACTU"; VariantName = "[No Variations]"
Change component parameters: Designator = "C42" ("C42"); Footprint = "FP-GRM188-0_1-e0_2_0_55-IPC_C"; UniqueID = "\BRSLNJNN" ("\BRSLNJNN")
Change component parameters (AddParameter): Name = "Manufacturer"; Value = "KEMET"; VariantName = "[No Variations]"
Change component parameters (AddParameter): Name = "Manufacturer Part Number"; Value = "C0603C105K3RACTU"; VariantName = "[No Variations]"
Change component parameters (AddParameter): Name = "Part Number"; Value = "C0603C105K3RACTU"; VariantName = "[No Variations]"
Change component parameters: Designator = "C44" ("C44"); Footprint = "FP-GRM188-0_1-e0_2_0_55-IPC_C"; UniqueID = "\GXKAETDK" ("\GXKAETDK")
Change component parameters (AddParameter): Name = "Manufacturer"; Value = "KEMET"; VariantName = "[No Variations]"
Change component parameters (AddParameter): Name = "Manufacturer Part Number"; Value = "C0603C105K3RACTU"; VariantName = "[No Variations]"
Change component parameters (AddParameter): Name = "Part Number"; Value = "C0603C105K3RACTU"; VariantName = "[No Variations]"
Change component parameters: Designator = "C46" ("C46"); Footprint = "FP-GRM188-0_1-e0_2_0_55-IPC_C"; UniqueID = "\PKJHBOXU" ("\PKJHBOXU")
Change component parameters (AddParameter): Name = "Manufacturer"; Value = "KEMET"; VariantName = "[No Variations]"
Change component parameters (AddParameter): Name = "Manufacturer Part Number"; Value = "C0603C105K3RACTU"; VariantName = "[No Variations]"
Change component parameters (AddParameter): Name = "Part Number"; Value = "C0603C105K3RACTU"; VariantName = "[No Variations]"
Change component parameters: Designator = "C48" ("C48"); Footprint = "FP-GRM188-0_1-e0_2_0_55-IPC_C"; UniqueID = "\RMFMZFYJ" ("\RMFMZFYJ")
Change component parameters (AddParameter): Name = "Manufacturer"; Value = "KEMET"; VariantName = "[No Variations]"
Change component parameters (AddParameter): Name = "Manufacturer Part Number"; Value = "C0603C105K3RACTU"; VariantName = "[No Variations]"
Change component parameters (AddParameter): Name = "Part Number"; Value = "C0603C105K3RACTU"; VariantName = "[No Variations]"
Change component parameters: Designator = "C50" ("C50"); Footprint = "FP-GRM188-0_1-e0_2_0_55-IPC_C"; UniqueID = "\EJGFZLHQ" ("\EJGFZLHQ")
Change component parameters (AddParameter): Name = "Manufacturer"; Value = "KEMET"; VariantName = "[No Variations]"
Change component parameters (AddParameter): Name = "Manufacturer Part Number"; Value = "C0603C105K3RACTU"; VariantName = "[No Variations]"
Change component parameters (AddParameter): Name = "Part Number"; Value = "C0603C105K3RACTU"; VariantName = "[No Variations]"
Added Pin To Net: NetName=NetC2_2 Pin=C2-1
Added Pin To Net: NetName=NetC1_1 Pin=C2-2
Added Pin To Net: NetName=NetC4_2 Pin=C4-1
Added Pin To Net: NetName=NetC3_1 Pin=C4-2
Added Pin To Net: NetName=GND Pin=C5-1
Added Pin To Net: NetName=GND Pin=C6-1
Added Pin To Net: NetName=GND Pin=C8-1
Added Pin To Net: NetName=+5VA Pin=C8-2
Added Pin To Net: NetName=GND Pin=C10-1
Added Pin To Net: NetName=NetC10_1 Pin=C10-2
Added Pin To Net: NetName=GND Pin=C11-1
Added Pin To Net: NetName=NetC10_1 Pin=C11-2
Added Pin To Net: NetName=GND Pin=C13-1
Added Pin To Net: NetName=+5VA Pin=C13-2
Added Pin To Net: NetName=GND Pin=C16-1
Added Pin To Net: NetName=+5VA Pin=C16-2
Added Pin To Net: NetName=GND Pin=C25-1
Added Pin To Net: NetName=NetC24_1 Pin=C25-2
Added Pin To Net: NetName=GND Pin=C28-1
Added Pin To Net: NetName=+5VA Pin=C28-2
Added Pin To Net: NetName=GND Pin=C30-1
Added Pin To Net: NetName=+5VA Pin=C30-2
Added Pin To Net: NetName=GND Pin=C32-1
Added Pin To Net: NetName=+5VA Pin=C32-2
Added Pin To Net: NetName=GND Pin=C34-1
Added Pin To Net: NetName=+5VA Pin=C34-2
Added Pin To Net: NetName=GND Pin=C36-1
Added Pin To Net: NetName=+5VA Pin=C36-2
Added Pin To Net: NetName=GND Pin=C38-1
Added Pin To Net: NetName=+5VA Pin=C38-2
Added Pin To Net: NetName=GND Pin=C40-1
Added Pin To Net: NetName=NetC40_1 Pin=C40-2
Added Pin To Net: NetName=GND Pin=C42-1
Added Pin To Net: NetName=NetC42_1 Pin=C42-2
Added Pin To Net: NetName=GND Pin=C44-1
Added Pin To Net: NetName=NetC44_1 Pin=C44-2
Added Pin To Net: NetName=GND Pin=C46-1
Added Pin To Net: NetName=NetC46_1 Pin=C46-2
Added Pin To Net: NetName=GND Pin=C48-1
Added Pin To Net: NetName=NetC48_1 Pin=C48-2
Added Pin To Net: NetName=GND Pin=C50-1
Added Pin To Net: NetName=NetC50_1 Pin=C50-2
Added Pin To Net: NetName=NetC1_2 Pin=R1-1
Added Pin To Net: NetName=NetC3_2 Pin=R2-1
Added Pin To Net: NetName=NetC1_2 Pin=U1-2
Added Pin To Net: NetName=NetC3_2 Pin=U1-6
Change Net Name : Old Net Name=NetC2_2 New Net Name=NetC2_1
Change Net Name : Old Net Name=NetC4_2 New Net Name=NetC4_1
Change Net Name : Old Net Name=NetC10_1 New Net Name=NetC10_2
Change Net Name : Old Net Name=NetC40_1 New Net Name=NetC40_2
Change Net Name : Old Net Name=NetC42_1 New Net Name=NetC42_2
Change Net Name : Old Net Name=NetC44_1 New Net Name=NetC44_2
Change Net Name : Old Net Name=NetC46_1 New Net Name=NetC46_2
Change Net Name : Old Net Name=NetC48_1 New Net Name=NetC48_2
Change Net Name : Old Net Name=NetC50_1 New Net Name=NetC50_2
Added Pin To Net: NetName=NetC5_2 Pin=C5-2
Added Pin To Net: NetName=NetC5_2 Pin=C7-2
Added Pin To Net: NetName=NetC5_2 Pin=R3-2
Added Pin To Net: NetName=NetC5_2 Pin=U2-5
Added Net: Name=NetC5_2
Added Pin To Net: NetName=NetC6_2 Pin=C6-2
Added Pin To Net: NetName=NetC6_2 Pin=C7-1
Added Pin To Net: NetName=NetC6_2 Pin=R4-2
Added Pin To Net: NetName=NetC6_2 Pin=U2-4
Added Net: Name=NetC6_2
