Added Pin To Net: NetName=NetC2_1 Pin=C4-1
Added Pin To Net: NetName=NetC2_1 Pin=R2-2
Added Pin To Net: NetName=NetC2_1 Pin=R4-1
Added Pin To Net: NetName=NetC2_1 Pin=U1-7
Change Net Name : Old Net Name=AD_CLK New Net Name=AD_CLK_0
Change Net Name : Old Net Name=AINN New Net Name=AD_AINN_0
Change Net Name : Old Net Name=AINP New Net Name=AD_AINP_0
Change Net Name : Old Net Name=NetC1_2 New Net Name=PD_CAT
Change Net Name : Old Net Name=NetC2_1 New Net Name=U1_VOUT
Change Net Name : Old Net Name=NetC3_2 New Net Name=PD_ANO
Change Net Name : Old Net Name=NetC10_2 New Net Name=U3_VOUT
Change Net Name : Old Net Name=NetC15_2 New Net Name=AD_VCM_0
Change Net Name : Old Net Name=NetC18_2 New Net Name=U4_VOUT
Change Net Name : Old Net Name=NetC19_2 New Net Name=U4_VOUT_1
Change Net Name : Old Net Name=NetC23_1 New Net Name=U5_VOUT
Change Net Name : Old Net Name=NetC23_2 New Net Name=U5_VININ
Change Net Name : Old Net Name=NetC24_2 New Net Name=AD_VREP_0
Change Net Name : Old Net Name=NetC26_2 New Net Name=AD_CAP1_0
Change Net Name : Old Net Name=NetC27_2 New Net Name=AD_CAP2_0
Change Net Name : Old Net Name=NetC40_2 New Net Name=L2+3VD
Change Net Name : Old Net Name=NetC42_2 New Net Name=L3+3VD
Change Net Name : Old Net Name=NetC44_2 New Net Name=L4+3VD
Change Net Name : Old Net Name=NetC50_2 New Net Name=L1+3VD
Change Net Name : Old Net Name=NetR10_2 New Net Name=AD_RBIAS_0
Change Net Name : Old Net Name=NetR11_1 New Net Name=AD_SCLK_0
Change Net Name : Old Net Name=NetR12_1 New Net Name=AD_CS_0
Change Net Name : Old Net Name=NetR13_1 New Net Name=AD_DRATE0_0
Change Net Name : Old Net Name=NetR15_1 New Net Name=AD_DRATE1_0
Change Net Name : Old Net Name=NetR17_1 New Net Name=AD_DRATE2_0
Change Net Name : Old Net Name=NetR19_1 New Net Name=AD_FPATH_0
Change Net Name : Old Net Name=NetR21_1 New Net Name=AD_LL_CONFIG_0
Change Net Name : Old Net Name=NetR23_1 New Net Name=AD_START_0
Change Net Name : Old Net Name=VREFP New Net Name=AD_VREFP
