Change Component DesignItemId : Designator=C1 Old DesignItemId=CMP-2006-03713-1 New DesignItemId=CAPACITOR_0603
Change Component DesignItemId : Designator=C2 Old DesignItemId=CMP-2006-03713-1 New DesignItemId=CAPACITOR_0603
Change Component DesignItemId : Designator=C3 Old DesignItemId=CMP-2006-03713-1 New DesignItemId=CAPACITOR_0603
Change Component DesignItemId : Designator=C4 Old DesignItemId=CMP-2006-03713-1 New DesignItemId=CAPACITOR_0603
Change Component DesignItemId : Designator=C5 Old DesignItemId=CMP-2006-03713-1 New DesignItemId=CAPACITOR_0603
Change Component DesignItemId : Designator=C6 Old DesignItemId=CMP-2006-03713-1 New DesignItemId=CAPACITOR_0603
Change Component DesignItemId : Designator=C7 Old DesignItemId=CMP-2006-03713-1 New DesignItemId=CAPACITOR_0603
Change Component DesignItemId : Designator=C8 Old DesignItemId=CMP-2006-03713-1 New DesignItemId=CAPACITOR_0603
Change Component DesignItemId : Designator=C9 Old DesignItemId=CMP-2006-03713-1 New DesignItemId=CAPACITOR_0603
Change Component DesignItemId : Designator=C10 Old DesignItemId=CMP-2006-03713-1 New DesignItemId=CAPACITOR_0603
Change Component DesignItemId : Designator=C11 Old DesignItemId=CMP-2006-03713-1 New DesignItemId=CAPACITOR_0603
Change Component DesignItemId : Designator=C12 Old DesignItemId=CMP-2006-03713-1 New DesignItemId=CAPACITOR_0603
Change Component DesignItemId : Designator=C13 Old DesignItemId=CMP-2006-03713-1 New DesignItemId=CAPACITOR_0603
Change Component DesignItemId : Designator=C14 Old DesignItemId=CMP-2006-03713-1 New DesignItemId=CAPACITOR_0603
Change Component DesignItemId : Designator=C15 Old DesignItemId=CMP-2006-03713-1 New DesignItemId=CAPACITOR_0603
Change Component DesignItemId : Designator=C16 Old DesignItemId=CMP-2006-03713-1 New DesignItemId=CAPACITOR_0603
Change Component DesignItemId : Designator=C17 Old DesignItemId=CMP-2006-03713-1 New DesignItemId=CAPACITOR_0603
Change Component DesignItemId : Designator=C21 Old DesignItemId=CMP-2006-03713-1 New DesignItemId=CAPACITOR_0603
Change Component DesignItemId : Designator=C24 Old DesignItemId=CMP-2006-03713-1 New DesignItemId=CAPACITOR_0603
Change Component DesignItemId : Designator=C25 Old DesignItemId=CMP-2006-03713-1 New DesignItemId=CAPACITOR_0603
Change Component DesignItemId : Designator=C26 Old DesignItemId=CMP-2006-03713-1 New DesignItemId=CAPACITOR_0603
Change Component DesignItemId : Designator=C27 Old DesignItemId=CMP-2006-03713-1 New DesignItemId=CAPACITOR_0603
Change Component DesignItemId : Designator=C28 Old DesignItemId=CMP-2006-03713-1 New DesignItemId=CAPACITOR_0603
Change Component DesignItemId : Designator=C29 Old DesignItemId=CMP-2006-03713-1 New DesignItemId=CAPACITOR_0603
Change Component DesignItemId : Designator=C30 Old DesignItemId=CMP-2006-03713-1 New DesignItemId=CAPACITOR_0603
Change Component DesignItemId : Designator=C31 Old DesignItemId=CMP-2006-03713-1 New DesignItemId=CAPACITOR_0603
Change Component DesignItemId : Designator=C32 Old DesignItemId=CMP-2006-03713-1 New DesignItemId=CAPACITOR_0603
Change Component DesignItemId : Designator=C33 Old DesignItemId=CMP-2006-03713-1 New DesignItemId=CAPACITOR_0603
Change Component DesignItemId : Designator=C34 Old DesignItemId=CMP-2006-03713-1 New DesignItemId=CAPACITOR_0603
Change Component DesignItemId : Designator=C35 Old DesignItemId=CMP-2006-03713-1 New DesignItemId=CAPACITOR_0603
Change Component DesignItemId : Designator=C36 Old DesignItemId=CMP-2006-03713-1 New DesignItemId=CAPACITOR_0603
Change Component DesignItemId : Designator=C37 Old DesignItemId=CMP-2006-03713-1 New DesignItemId=CAPACITOR_0603
Change Component DesignItemId : Designator=C38 Old DesignItemId=CMP-2006-03713-1 New DesignItemId=CAPACITOR_0603
Change Component DesignItemId : Designator=C39 Old DesignItemId=CMP-2006-03713-1 New DesignItemId=CAPACITOR_0603
Change Component DesignItemId : Designator=C40 Old DesignItemId=CMP-2006-03713-1 New DesignItemId=CAPACITOR_0603
Change Component DesignItemId : Designator=C41 Old DesignItemId=CMP-2006-03713-1 New DesignItemId=CAPACITOR_0603
Change Component DesignItemId : Designator=C42 Old DesignItemId=CMP-2006-03713-1 New DesignItemId=CAPACITOR_0603
Change Component DesignItemId : Designator=C43 Old DesignItemId=CMP-2006-03713-1 New DesignItemId=CAPACITOR_0603
Change Component DesignItemId : Designator=C44 Old DesignItemId=CMP-2006-03713-1 New DesignItemId=CAPACITOR_0603
Change Component DesignItemId : Designator=C45 Old DesignItemId=CMP-2006-03713-1 New DesignItemId=CAPACITOR_0603
Change Component DesignItemId : Designator=C46 Old DesignItemId=CMP-2006-03713-1 New DesignItemId=CAPACITOR_0603
Change Component DesignItemId : Designator=C47 Old DesignItemId=CMP-2006-03713-1 New DesignItemId=CAPACITOR_0603
Change Component DesignItemId : Designator=C18 Old DesignItemId=CMP-04424-000030-1 New DesignItemId=CAPACITOR_TANT_0603
Change Component DesignItemId : Designator=C19 Old DesignItemId=CMP-04424-000030-1 New DesignItemId=CAPACITOR_TANT_0603
Change Component DesignItemId : Designator=C20 Old DesignItemId=CMP-04424-000030-1 New DesignItemId=CAPACITOR_TANT_0603
Change Component DesignItemId : Designator=C22 Old DesignItemId=CMP-04424-000030-1 New DesignItemId=CAPACITOR_TANT_0603
Change Component Footprint: Designator=C1 Old Footprint=CAP_0603_S_WAL New Footprint=CAPACITOR_0603
Change Component Footprint: Designator=C2 Old Footprint=CAP_0603_S_WAL New Footprint=CAPACITOR_0603
Change Component Footprint: Designator=C3 Old Footprint=CAP_0603_S_WAL New Footprint=CAPACITOR_0603
Change Component Footprint: Designator=C4 Old Footprint=CAP_0603_S_WAL New Footprint=CAPACITOR_0603
Change Component Footprint: Designator=C5 Old Footprint=CAP_0603_S_WAL New Footprint=CAPACITOR_0603
Change Component Footprint: Designator=C6 Old Footprint=CAP_0603_S_WAL New Footprint=CAPACITOR_0603
Change Component Footprint: Designator=C7 Old Footprint=CAP_0603_S_WAL New Footprint=CAPACITOR_0603
Change Component Footprint: Designator=C8 Old Footprint=CAP_0603_S_WAL New Footprint=CAPACITOR_0603
Change Component Footprint: Designator=C9 Old Footprint=CAP_0603_S_WAL New Footprint=CAPACITOR_0603
Change Component Footprint: Designator=C10 Old Footprint=CAP_0603_S_WAL New Footprint=CAPACITOR_0603
Change Component Footprint: Designator=C11 Old Footprint=CAP_0603_S_WAL New Footprint=CAPACITOR_0603
Change Component Footprint: Designator=C12 Old Footprint=CAP_0603_S_WAL New Footprint=CAPACITOR_0603
Change Component Footprint: Designator=C13 Old Footprint=CAP_0603_S_WAL New Footprint=CAPACITOR_0603
Change Component Footprint: Designator=C14 Old Footprint=CAP_0603_S_WAL New Footprint=CAPACITOR_0603
Change Component Footprint: Designator=C15 Old Footprint=CAP_0603_S_WAL New Footprint=CAPACITOR_0603
Change Component Footprint: Designator=C16 Old Footprint=CAP_0603_S_WAL New Footprint=CAPACITOR_0603
Change Component Footprint: Designator=C17 Old Footprint=CAP_0603_S_WAL New Footprint=CAPACITOR_0603
Change Component Footprint: Designator=C21 Old Footprint=CAP_0603_S_WAL New Footprint=CAPACITOR_0603
Change Component Footprint: Designator=C24 Old Footprint=CAP_0603_S_WAL New Footprint=CAPACITOR_0603
Change Component Footprint: Designator=C25 Old Footprint=CAP_0603_S_WAL New Footprint=CAPACITOR_0603
Change Component Footprint: Designator=C26 Old Footprint=CAP_0603_S_WAL New Footprint=CAPACITOR_0603
Change Component Footprint: Designator=C27 Old Footprint=CAP_0603_S_WAL New Footprint=CAPACITOR_0603
Change Component Footprint: Designator=C28 Old Footprint=CAP_0603_S_WAL New Footprint=CAPACITOR_0603
Change Component Footprint: Designator=C29 Old Footprint=CAP_0603_S_WAL New Footprint=CAPACITOR_0603
Change Component Footprint: Designator=C30 Old Footprint=CAP_0603_S_WAL New Footprint=CAPACITOR_0603
Change Component Footprint: Designator=C31 Old Footprint=CAP_0603_S_WAL New Footprint=CAPACITOR_0603
Change Component Footprint: Designator=C32 Old Footprint=CAP_0603_S_WAL New Footprint=CAPACITOR_0603
Change Component Footprint: Designator=C33 Old Footprint=CAP_0603_S_WAL New Footprint=CAPACITOR_0603
Change Component Footprint: Designator=C34 Old Footprint=CAP_0603_S_WAL New Footprint=CAPACITOR_0603
Change Component Footprint: Designator=C35 Old Footprint=CAP_0603_S_WAL New Footprint=CAPACITOR_0603
Change Component Footprint: Designator=C36 Old Footprint=CAP_0603_S_WAL New Footprint=CAPACITOR_0603
Change Component Footprint: Designator=C37 Old Footprint=CAP_0603_S_WAL New Footprint=CAPACITOR_0603
Change Component Footprint: Designator=C38 Old Footprint=CAP_0603_S_WAL New Footprint=CAPACITOR_0603
Change Component Footprint: Designator=C39 Old Footprint=CAP_0603_S_WAL New Footprint=CAPACITOR_0603
Change Component Footprint: Designator=C40 Old Footprint=CAP_0603_S_WAL New Footprint=CAPACITOR_0603
Change Component Footprint: Designator=C41 Old Footprint=CAP_0603_S_WAL New Footprint=CAPACITOR_0603
Change Component Footprint: Designator=C42 Old Footprint=CAP_0603_S_WAL New Footprint=CAPACITOR_0603
Change Component Footprint: Designator=C43 Old Footprint=CAP_0603_S_WAL New Footprint=CAPACITOR_0603
Change Component Footprint: Designator=C44 Old Footprint=CAP_0603_S_WAL New Footprint=CAPACITOR_0603
Change Component Footprint: Designator=C45 Old Footprint=CAP_0603_S_WAL New Footprint=CAPACITOR_0603
Change Component Footprint: Designator=C46 Old Footprint=CAP_0603_S_WAL New Footprint=CAPACITOR_0603
Change Component Footprint: Designator=C47 Old Footprint=CAP_0603_S_WAL New Footprint=CAPACITOR_0603
Change Component Footprint: Designator=C18 Old Footprint=CAP_0603_S_WAL New Footprint=CAPACITOR_TANT_0603
Change Component Footprint: Designator=C19 Old Footprint=CAP_0603_S_WAL New Footprint=CAPACITOR_TANT_0603
Change Component Footprint: Designator=C20 Old Footprint=CAP_0603_S_WAL New Footprint=CAPACITOR_TANT_0603
Change Component Footprint: Designator=C22 Old Footprint=CAP_0603_S_WAL New Footprint=CAPACITOR_TANT_0603
Change Component Description : Designator=C18 Old Description=CAP TANT 22UF 20% 10V 0603 New Description=CAP TANT 0603
Change Component Description : Designator=C19 Old Description=CAP TANT 22UF 20% 10V 0603 New Description=CAP TANT 0603
Change Component Description : Designator=C20 Old Description=CAP TANT 22UF 20% 10V 0603 New Description=CAP TANT 0603
Change Component Description : Designator=C22 Old Description=CAP TANT 22UF 20% 10V 0603 New Description=CAP TANT 0603
Change Component Library : Designator=C1 Old Library=ifog-pcb-analogModule_3.SCHLIB New Library=ifog-pcb.IntLib
Change Component Library : Designator=C2 Old Library=ifog-pcb-analogModule_3.SCHLIB New Library=ifog-pcb.IntLib
Change Component Library : Designator=C3 Old Library=ifog-pcb-analogModule_3.SCHLIB New Library=ifog-pcb.IntLib
Change Component Library : Designator=C4 Old Library=ifog-pcb-analogModule_3.SCHLIB New Library=ifog-pcb.IntLib
Change Component Library : Designator=C5 Old Library=ifog-pcb-analogModule_3.SCHLIB New Library=ifog-pcb.IntLib
Change Component Library : Designator=C6 Old Library=ifog-pcb-analogModule_3.SCHLIB New Library=ifog-pcb.IntLib
Change Component Library : Designator=C7 Old Library=ifog-pcb-analogModule_3.SCHLIB New Library=ifog-pcb.IntLib
Change Component Library : Designator=C8 Old Library=ifog-pcb-analogModule_3.SCHLIB New Library=ifog-pcb.IntLib
Change Component Library : Designator=C9 Old Library=ifog-pcb-analogModule_3.SCHLIB New Library=ifog-pcb.IntLib
Change Component Library : Designator=C10 Old Library=ifog-pcb-analogModule_3.SCHLIB New Library=ifog-pcb.IntLib
Change Component Library : Designator=C11 Old Library=ifog-pcb-analogModule_3.SCHLIB New Library=ifog-pcb.IntLib
Change Component Library : Designator=C12 Old Library=ifog-pcb-analogModule_3.SCHLIB New Library=ifog-pcb.IntLib
Change Component Library : Designator=C13 Old Library=ifog-pcb-analogModule_3.SCHLIB New Library=ifog-pcb.IntLib
Change Component Library : Designator=C14 Old Library=ifog-pcb-analogModule_3.SCHLIB New Library=ifog-pcb.IntLib
Change Component Library : Designator=C15 Old Library=ifog-pcb-analogModule_3.SCHLIB New Library=ifog-pcb.IntLib
Change Component Library : Designator=C16 Old Library=ifog-pcb-analogModule_3.SCHLIB New Library=ifog-pcb.IntLib
Change Component Library : Designator=C17 Old Library=ifog-pcb-analogModule_3.SCHLIB New Library=ifog-pcb.IntLib
Change Component Library : Designator=C18 Old Library=ifog-pcb-analogModule_3.SCHLIB New Library=ifog-pcb.IntLib
Change Component Library : Designator=C19 Old Library=ifog-pcb-analogModule_3.SCHLIB New Library=ifog-pcb.IntLib
Change Component Library : Designator=C20 Old Library=ifog-pcb-analogModule_3.SCHLIB New Library=ifog-pcb.IntLib
Change Component Library : Designator=C21 Old Library=ifog-pcb-analogModule_3.SCHLIB New Library=ifog-pcb.IntLib
Change Component Library : Designator=C22 Old Library=ifog-pcb-analogModule_3.SCHLIB New Library=ifog-pcb.IntLib
Change Component Library : Designator=C24 Old Library=ifog-pcb-analogModule_3.SCHLIB New Library=ifog-pcb.IntLib
Change Component Library : Designator=C25 Old Library=ifog-pcb-analogModule_3.SCHLIB New Library=ifog-pcb.IntLib
Change Component Library : Designator=C26 Old Library=ifog-pcb-analogModule_3.SCHLIB New Library=ifog-pcb.IntLib
Change Component Library : Designator=C27 Old Library=ifog-pcb-analogModule_3.SCHLIB New Library=ifog-pcb.IntLib
Change Component Library : Designator=C28 Old Library=ifog-pcb-analogModule_3.SCHLIB New Library=ifog-pcb.IntLib
Change Component Library : Designator=C29 Old Library=ifog-pcb-analogModule_3.SCHLIB New Library=ifog-pcb.IntLib
Change Component Library : Designator=C30 Old Library=ifog-pcb-analogModule_3.SCHLIB New Library=ifog-pcb.IntLib
Change Component Library : Designator=C31 Old Library=ifog-pcb-analogModule_3.SCHLIB New Library=ifog-pcb.IntLib
Change Component Library : Designator=C32 Old Library=ifog-pcb-analogModule_3.SCHLIB New Library=ifog-pcb.IntLib
Change Component Library : Designator=C33 Old Library=ifog-pcb-analogModule_3.SCHLIB New Library=ifog-pcb.IntLib
Change Component Library : Designator=C34 Old Library=ifog-pcb-analogModule_3.SCHLIB New Library=ifog-pcb.IntLib
Change Component Library : Designator=C35 Old Library=ifog-pcb-analogModule_3.SCHLIB New Library=ifog-pcb.IntLib
Change Component Library : Designator=C36 Old Library=ifog-pcb-analogModule_3.SCHLIB New Library=ifog-pcb.IntLib
Change Component Library : Designator=C37 Old Library=ifog-pcb-analogModule_3.SCHLIB New Library=ifog-pcb.IntLib
Change Component Library : Designator=C38 Old Library=ifog-pcb-analogModule_3.SCHLIB New Library=ifog-pcb.IntLib
Change Component Library : Designator=C39 Old Library=ifog-pcb-analogModule_3.SCHLIB New Library=ifog-pcb.IntLib
Change Component Library : Designator=C40 Old Library=ifog-pcb-analogModule_3.SCHLIB New Library=ifog-pcb.IntLib
Change Component Library : Designator=C41 Old Library=ifog-pcb-analogModule_3.SCHLIB New Library=ifog-pcb.IntLib
Change Component Library : Designator=C42 Old Library=ifog-pcb-analogModule_3.SCHLIB New Library=ifog-pcb.IntLib
Change Component Library : Designator=C43 Old Library=ifog-pcb-analogModule_3.SCHLIB New Library=ifog-pcb.IntLib
Change Component Library : Designator=C44 Old Library=ifog-pcb-analogModule_3.SCHLIB New Library=ifog-pcb.IntLib
Change Component Library : Designator=C45 Old Library=ifog-pcb-analogModule_3.SCHLIB New Library=ifog-pcb.IntLib
Change Component Library : Designator=C46 Old Library=ifog-pcb-analogModule_3.SCHLIB New Library=ifog-pcb.IntLib
Change Component Library : Designator=C47 Old Library=ifog-pcb-analogModule_3.SCHLIB New Library=ifog-pcb.IntLib
Change component parameters: Designator = "C18" ("C18"); Footprint = "CAP_0603_S_WAL"; UniqueID = "\XPKZJBLG" ("\XPKZJBLG")
Change component parameters (AddParameter): Name = "Automotive"; Value = "No"; VariantName = "[No Variations]"
Change component parameters (AddParameter): Name = "Capacitance"; Value = "22uF"; VariantName = "[No Variations]"
Change component parameters (AddParameter): Name = "Category"; Value = "Cap"; VariantName = "[No Variations]"
Change component parameters (AddParameter): Name = "ComponentLink2Description"; Value = "Datasheet"; VariantName = "[No Variations]"
Change component parameters (AddParameter): Name = "ComponentLink2URL"; Value = "http://datasheets.avx.com/F98.pdf"; VariantName = "[No Variations]"
Change component parameters (AddParameter): Name = "Device Class L1"; Value = "Passive Components"; VariantName = "[No Variations]"
Change component parameters (AddParameter): Name = "Device Class L2"; Value = "Capacitors"; VariantName = "[No Variations]"
Change component parameters (AddParameter): Name = "Device Class L3"; Value = "Tantalum Capacitors"; VariantName = "[No Variations]"
Change component parameters (AddParameter): Name = "Digikey Description"; Value = "CAP TANT 22UF 20% 10V 0603"; VariantName = "[No Variations]"
Change component parameters (AddParameter): Name = "Dissipation Factor"; Value = "30%"; VariantName = "[No Variations]"
Change component parameters (AddParameter): Name = "Esr"; Value = "8O"; VariantName = "[No Variations]"
Change component parameters (AddParameter): Name = "Footprint Url"; Value = "http://www.avx.com/download/software/literature/AVX-Footprint-Library.pdf"; VariantName = "[No Variations]"
Change component parameters (AddParameter): Name = "Height"; Value = "0.9mm"; VariantName = "[No Variations]"
Change component parameters (AddParameter): Name = "Lead Free"; Value = "Yes"; VariantName = "[No Variations]"
Change component parameters (AddParameter): Name = "Leakage Current"; Value = "11uA"; VariantName = "[No Variations]"
Change component parameters (AddParameter): Name = "Life"; Value = "1000Hours"; VariantName = "[No Variations]"
Change component parameters (AddParameter): Name = "Manufacturer"; Value = "Kyocera AVX"; VariantName = "[No Variations]"
Change component parameters (AddParameter): Name = "Manufacturer Part Number"; Value = "F981A226MMALZT"; VariantName = "[No Variations]"
Change component parameters (AddParameter): Name = "Material"; Value = "Tantalum"; VariantName = "[No Variations]"
Change component parameters (AddParameter): Name = "Mouser Description"; Value = "Tantalum Capacitors - Solid SMD 22uF 10V 20% 0603,1.6x0.85x0.65mm"; VariantName = "[No Variations]"
Change component parameters (AddParameter): Name = "Octopart"; Value = "https://octopart.com/f981a226mmalzt-avx-33960279"; VariantName = "[No Variations]"
Change component parameters (AddParameter): Name = "Package"; Value = "F98M"; VariantName = "[No Variations]"
Change component parameters (AddParameter): Name = "Ripple Current"; Value = "56mA"; VariantName = "[No Variations]"
Change component parameters (AddParameter): Name = "RoHS"; Value = "TRUE"; VariantName = "[No Variations]"
Change component parameters (AddParameter): Name = "Temperature"; Value = "-55°C to +125°C"; VariantName = "[No Variations]"
Change component parameters (AddParameter): Name = "Temperature Coefficient"; Value = "30%"; VariantName = "[No Variations]"
Change component parameters (AddParameter): Name = "Temperature Range High"; Value = "+125°C"; VariantName = "[No Variations]"
Change component parameters (AddParameter): Name = "Temperature Range Low"; Value = "-55°C"; VariantName = "[No Variations]"
Change component parameters (AddParameter): Name = "Tolerance"; Value = "20%"; VariantName = "[No Variations]"
Change component parameters (AddParameter): Name = "Value"; Value = "22uF"; VariantName = "[No Variations]"
Change component parameters (AddParameter): Name = "Voltage Rating"; Value = "10V"; VariantName = "[No Variations]"
Change component parameters: Designator = "C19" ("C19"); Footprint = "CAP_0603_S_WAL"; UniqueID = "\SAAUZHNI" ("\SAAUZHNI")
Change component parameters (AddParameter): Name = "Automotive"; Value = "No"; VariantName = "[No Variations]"
Change component parameters (AddParameter): Name = "Capacitance"; Value = "22uF"; VariantName = "[No Variations]"
Change component parameters (AddParameter): Name = "Category"; Value = "Cap"; VariantName = "[No Variations]"
Change component parameters (AddParameter): Name = "ComponentLink2Description"; Value = "Datasheet"; VariantName = "[No Variations]"
Change component parameters (AddParameter): Name = "ComponentLink2URL"; Value = "http://datasheets.avx.com/F98.pdf"; VariantName = "[No Variations]"
Change component parameters (AddParameter): Name = "Device Class L1"; Value = "Passive Components"; VariantName = "[No Variations]"
Change component parameters (AddParameter): Name = "Device Class L2"; Value = "Capacitors"; VariantName = "[No Variations]"
Change component parameters (AddParameter): Name = "Device Class L3"; Value = "Tantalum Capacitors"; VariantName = "[No Variations]"
Change component parameters (AddParameter): Name = "Digikey Description"; Value = "CAP TANT 22UF 20% 10V 0603"; VariantName = "[No Variations]"
Change component parameters (AddParameter): Name = "Dissipation Factor"; Value = "30%"; VariantName = "[No Variations]"
Change component parameters (AddParameter): Name = "Esr"; Value = "8O"; VariantName = "[No Variations]"
Change component parameters (AddParameter): Name = "Footprint Url"; Value = "http://www.avx.com/download/software/literature/AVX-Footprint-Library.pdf"; VariantName = "[No Variations]"
Change component parameters (AddParameter): Name = "Height"; Value = "0.9mm"; VariantName = "[No Variations]"
Change component parameters (AddParameter): Name = "Lead Free"; Value = "Yes"; VariantName = "[No Variations]"
Change component parameters (AddParameter): Name = "Leakage Current"; Value = "11uA"; VariantName = "[No Variations]"
Change component parameters (AddParameter): Name = "Life"; Value = "1000Hours"; VariantName = "[No Variations]"
Change component parameters (AddParameter): Name = "Manufacturer"; Value = "Kyocera AVX"; VariantName = "[No Variations]"
Change component parameters (AddParameter): Name = "Manufacturer Part Number"; Value = "F981A226MMALZT"; VariantName = "[No Variations]"
Change component parameters (AddParameter): Name = "Material"; Value = "Tantalum"; VariantName = "[No Variations]"
Change component parameters (AddParameter): Name = "Mouser Description"; Value = "Tantalum Capacitors - Solid SMD 22uF 10V 20% 0603,1.6x0.85x0.65mm"; VariantName = "[No Variations]"
Change component parameters (AddParameter): Name = "Octopart"; Value = "https://octopart.com/f981a226mmalzt-avx-33960279"; VariantName = "[No Variations]"
Change component parameters (AddParameter): Name = "Package"; Value = "F98M"; VariantName = "[No Variations]"
Change component parameters (AddParameter): Name = "Ripple Current"; Value = "56mA"; VariantName = "[No Variations]"
Change component parameters (AddParameter): Name = "RoHS"; Value = "TRUE"; VariantName = "[No Variations]"
Change component parameters (AddParameter): Name = "Temperature"; Value = "-55°C to +125°C"; VariantName = "[No Variations]"
Change component parameters (AddParameter): Name = "Temperature Coefficient"; Value = "30%"; VariantName = "[No Variations]"
Change component parameters (AddParameter): Name = "Temperature Range High"; Value = "+125°C"; VariantName = "[No Variations]"
Change component parameters (AddParameter): Name = "Temperature Range Low"; Value = "-55°C"; VariantName = "[No Variations]"
Change component parameters (AddParameter): Name = "Tolerance"; Value = "20%"; VariantName = "[No Variations]"
Change component parameters (AddParameter): Name = "Value"; Value = "22uF"; VariantName = "[No Variations]"
Change component parameters (AddParameter): Name = "Voltage Rating"; Value = "10V"; VariantName = "[No Variations]"
Change component parameters: Designator = "C20" ("C20"); Footprint = "CAP_0603_S_WAL"; UniqueID = "\AGBYVNCX" ("\AGBYVNCX")
Change component parameters (AddParameter): Name = "Automotive"; Value = "No"; VariantName = "[No Variations]"
Change component parameters (AddParameter): Name = "Capacitance"; Value = "22uF"; VariantName = "[No Variations]"
Change component parameters (AddParameter): Name = "Category"; Value = "Cap"; VariantName = "[No Variations]"
Change component parameters (AddParameter): Name = "ComponentLink2Description"; Value = "Datasheet"; VariantName = "[No Variations]"
Change component parameters (AddParameter): Name = "ComponentLink2URL"; Value = "http://datasheets.avx.com/F98.pdf"; VariantName = "[No Variations]"
Change component parameters (AddParameter): Name = "Device Class L1"; Value = "Passive Components"; VariantName = "[No Variations]"
Change component parameters (AddParameter): Name = "Device Class L2"; Value = "Capacitors"; VariantName = "[No Variations]"
Change component parameters (AddParameter): Name = "Device Class L3"; Value = "Tantalum Capacitors"; VariantName = "[No Variations]"
Change component parameters (AddParameter): Name = "Digikey Description"; Value = "CAP TANT 22UF 20% 10V 0603"; VariantName = "[No Variations]"
Change component parameters (AddParameter): Name = "Dissipation Factor"; Value = "30%"; VariantName = "[No Variations]"
Change component parameters (AddParameter): Name = "Esr"; Value = "8O"; VariantName = "[No Variations]"
Change component parameters (AddParameter): Name = "Footprint Url"; Value = "http://www.avx.com/download/software/literature/AVX-Footprint-Library.pdf"; VariantName = "[No Variations]"
Change component parameters (AddParameter): Name = "Height"; Value = "0.9mm"; VariantName = "[No Variations]"
Change component parameters (AddParameter): Name = "Lead Free"; Value = "Yes"; VariantName = "[No Variations]"
Change component parameters (AddParameter): Name = "Leakage Current"; Value = "11uA"; VariantName = "[No Variations]"
Change component parameters (AddParameter): Name = "Life"; Value = "1000Hours"; VariantName = "[No Variations]"
Change component parameters (AddParameter): Name = "Manufacturer"; Value = "Kyocera AVX"; VariantName = "[No Variations]"
Change component parameters (AddParameter): Name = "Manufacturer Part Number"; Value = "F981A226MMALZT"; VariantName = "[No Variations]"
Change component parameters (AddParameter): Name = "Material"; Value = "Tantalum"; VariantName = "[No Variations]"
Change component parameters (AddParameter): Name = "Mouser Description"; Value = "Tantalum Capacitors - Solid SMD 22uF 10V 20% 0603,1.6x0.85x0.65mm"; VariantName = "[No Variations]"
Change component parameters (AddParameter): Name = "Octopart"; Value = "https://octopart.com/f981a226mmalzt-avx-33960279"; VariantName = "[No Variations]"
Change component parameters (AddParameter): Name = "Package"; Value = "F98M"; VariantName = "[No Variations]"
Change component parameters (AddParameter): Name = "Ripple Current"; Value = "56mA"; VariantName = "[No Variations]"
Change component parameters (AddParameter): Name = "RoHS"; Value = "TRUE"; VariantName = "[No Variations]"
Change component parameters (AddParameter): Name = "Temperature"; Value = "-55°C to +125°C"; VariantName = "[No Variations]"
Change component parameters (AddParameter): Name = "Temperature Coefficient"; Value = "30%"; VariantName = "[No Variations]"
Change component parameters (AddParameter): Name = "Temperature Range High"; Value = "+125°C"; VariantName = "[No Variations]"
Change component parameters (AddParameter): Name = "Temperature Range Low"; Value = "-55°C"; VariantName = "[No Variations]"
Change component parameters (AddParameter): Name = "Tolerance"; Value = "20%"; VariantName = "[No Variations]"
Change component parameters (AddParameter): Name = "Value"; Value = "22uF"; VariantName = "[No Variations]"
Change component parameters (AddParameter): Name = "Voltage Rating"; Value = "10V"; VariantName = "[No Variations]"
Change component parameters: Designator = "C22" ("C22"); Footprint = "CAP_0603_S_WAL"; UniqueID = "\LWQDRVQG" ("\LWQDRVQG")
Change component parameters (AddParameter): Name = "Automotive"; Value = "No"; VariantName = "[No Variations]"
Change component parameters (AddParameter): Name = "Capacitance"; Value = "22uF"; VariantName = "[No Variations]"
Change component parameters (AddParameter): Name = "Category"; Value = "Cap"; VariantName = "[No Variations]"
Change component parameters (AddParameter): Name = "ComponentLink2Description"; Value = "Datasheet"; VariantName = "[No Variations]"
Change component parameters (AddParameter): Name = "ComponentLink2URL"; Value = "http://datasheets.avx.com/F98.pdf"; VariantName = "[No Variations]"
Change component parameters (AddParameter): Name = "Device Class L1"; Value = "Passive Components"; VariantName = "[No Variations]"
Change component parameters (AddParameter): Name = "Device Class L2"; Value = "Capacitors"; VariantName = "[No Variations]"
Change component parameters (AddParameter): Name = "Device Class L3"; Value = "Tantalum Capacitors"; VariantName = "[No Variations]"
Change component parameters (AddParameter): Name = "Digikey Description"; Value = "CAP TANT 22UF 20% 10V 0603"; VariantName = "[No Variations]"
Change component parameters (AddParameter): Name = "Dissipation Factor"; Value = "30%"; VariantName = "[No Variations]"
Change component parameters (AddParameter): Name = "Esr"; Value = "8O"; VariantName = "[No Variations]"
Change component parameters (AddParameter): Name = "Footprint Url"; Value = "http://www.avx.com/download/software/literature/AVX-Footprint-Library.pdf"; VariantName = "[No Variations]"
Change component parameters (AddParameter): Name = "Height"; Value = "0.9mm"; VariantName = "[No Variations]"
Change component parameters (AddParameter): Name = "Lead Free"; Value = "Yes"; VariantName = "[No Variations]"
Change component parameters (AddParameter): Name = "Leakage Current"; Value = "11uA"; VariantName = "[No Variations]"
Change component parameters (AddParameter): Name = "Life"; Value = "1000Hours"; VariantName = "[No Variations]"
Change component parameters (AddParameter): Name = "Manufacturer"; Value = "Kyocera AVX"; VariantName = "[No Variations]"
Change component parameters (AddParameter): Name = "Manufacturer Part Number"; Value = "F981A226MMALZT"; VariantName = "[No Variations]"
Change component parameters (AddParameter): Name = "Material"; Value = "Tantalum"; VariantName = "[No Variations]"
Change component parameters (AddParameter): Name = "Mouser Description"; Value = "Tantalum Capacitors - Solid SMD 22uF 10V 20% 0603,1.6x0.85x0.65mm"; VariantName = "[No Variations]"
Change component parameters (AddParameter): Name = "Octopart"; Value = "https://octopart.com/f981a226mmalzt-avx-33960279"; VariantName = "[No Variations]"
Change component parameters (AddParameter): Name = "Package"; Value = "F98M"; VariantName = "[No Variations]"
Change component parameters (AddParameter): Name = "Ripple Current"; Value = "56mA"; VariantName = "[No Variations]"
Change component parameters (AddParameter): Name = "RoHS"; Value = "TRUE"; VariantName = "[No Variations]"
Change component parameters (AddParameter): Name = "Temperature"; Value = "-55°C to +125°C"; VariantName = "[No Variations]"
Change component parameters (AddParameter): Name = "Temperature Coefficient"; Value = "30%"; VariantName = "[No Variations]"
Change component parameters (AddParameter): Name = "Temperature Range High"; Value = "+125°C"; VariantName = "[No Variations]"
Change component parameters (AddParameter): Name = "Temperature Range Low"; Value = "-55°C"; VariantName = "[No Variations]"
Change component parameters (AddParameter): Name = "Tolerance"; Value = "20%"; VariantName = "[No Variations]"
Change component parameters (AddParameter): Name = "Value"; Value = "22uF"; VariantName = "[No Variations]"
Change component parameters (AddParameter): Name = "Voltage Rating"; Value = "10V"; VariantName = "[No Variations]"
